--- builder-live.log.fail	2021-11-09 17:18:25.000000000 +0100
+++ builder-live.log.success	2021-11-09 17:39:19.000000000 +0100
@@ -1,16 +1,16 @@
-Warning: Permanently added '2620:52:3:1:dead:beef:cafe:c1ce' (ECDSA) to the list of known hosts.
-Running: /usr/bin/copr-rpmbuild --verbose --drop-resultdir --build-id 2941435 --chroot fedora-rawhide-x86_64 --detached
+Warning: Permanently added '2620:52:3:1:dead:beef:cafe:c149' (ECDSA) to the list of known hosts.
+Running: /usr/bin/copr-rpmbuild --verbose --drop-resultdir --build-id 2941474 --chroot fedora-rawhide-x86_64 --detached
 Version: 0.54
 Task:
 {'appstream': False,
  'background': False,
  'bootstrap': 'off',
- 'build_id': 2941435,
+ 'build_id': 2941474,
  'buildroot_pkgs': [],
  'chroot': 'fedora-rawhide-x86_64',
  'enable_net': False,
  'fedora_review': False,
- 'git_hash': 'e1348e0dc068f111eaa5de38cfa529bb214e0f62',
+ 'git_hash': 'e921fa6585e8cd385465a2499cbb89e80c498a3e',
  'git_repo': 'https://copr-dist-git.fedorainfracloud.org/git/@python/python3.10/Cython.git',
  'isolation': 'default',
  'memory_reqs': 2048,
@@ -29,27 +29,27 @@
  'source_json': {},
  'source_type': None,
  'submitter': 'thrnciar',
- 'task_id': '2941435-fedora-rawhide-x86_64',
+ 'task_id': '2941474-fedora-rawhide-x86_64',
  'timeout': 18000,
  'uses_devel_repo': False,
  'with_opts': [],
  'without_opts': []}
 
-Running: git clone https://copr-dist-git.fedorainfracloud.org/git/@python/python3.10/Cython.git /var/lib/copr-rpmbuild/workspace/workdir-tkvlfifz/Cython --depth 500 --no-single-branch
+Running: git clone https://copr-dist-git.fedorainfracloud.org/git/@python/python3.10/Cython.git /var/lib/copr-rpmbuild/workspace/workdir-nfl9otsv/Cython --depth 500 --no-single-branch
 
-cmd: ['git', 'clone', 'https://copr-dist-git.fedorainfracloud.org/git/@python/python3.10/Cython.git', '/var/lib/copr-rpmbuild/workspace/workdir-tkvlfifz/Cython', '--depth', '500', '--no-single-branch']
+cmd: ['git', 'clone', 'https://copr-dist-git.fedorainfracloud.org/git/@python/python3.10/Cython.git', '/var/lib/copr-rpmbuild/workspace/workdir-nfl9otsv/Cython', '--depth', '500', '--no-single-branch']
 cwd: .
 rc: 0
 stdout: 
-stderr: Cloning into '/var/lib/copr-rpmbuild/workspace/workdir-tkvlfifz/Cython'...
+stderr: Cloning into '/var/lib/copr-rpmbuild/workspace/workdir-nfl9otsv/Cython'...
 
-Running: git checkout e1348e0dc068f111eaa5de38cfa529bb214e0f62
+Running: git checkout e921fa6585e8cd385465a2499cbb89e80c498a3e
 
-cmd: ['git', 'checkout', 'e1348e0dc068f111eaa5de38cfa529bb214e0f62']
-cwd: /var/lib/copr-rpmbuild/workspace/workdir-tkvlfifz/Cython
+cmd: ['git', 'checkout', 'e921fa6585e8cd385465a2499cbb89e80c498a3e']
+cwd: /var/lib/copr-rpmbuild/workspace/workdir-nfl9otsv/Cython
 rc: 0
 stdout: 
-stderr: Note: switching to 'e1348e0dc068f111eaa5de38cfa529bb214e0f62'.
+stderr: Note: switching to 'e921fa6585e8cd385465a2499cbb89e80c498a3e'.
 
 You are in 'detached HEAD' state. You can look around, make experimental
 changes and commit them, and you can discard any commits you make in this
@@ -66,12 +66,12 @@
 
 Turn off this advice by setting config variable advice.detachedHead to false
 
-HEAD is now at e1348e0 automatic import of Cython
+HEAD is now at e921fa6 automatic import of Cython
 
 Running: copr-distgit-client sources
 
 cmd: ['copr-distgit-client', 'sources']
-cwd: /var/lib/copr-rpmbuild/workspace/workdir-tkvlfifz/Cython
+cwd: /var/lib/copr-rpmbuild/workspace/workdir-nfl9otsv/Cython
 rc: 0
 stdout: 
 stderr: INFO: Reading stdout from command: git rev-parse --abbrev-ref HEAD
@@ -81,11 +81,11 @@
 INFO: Calling: curl -H Pragma: -o Cython-0.29.24.tar.gz --location --remote-time --show-error --fail https://copr-dist-git.fedorainfracloud.org/repo/pkgs/@python/python3.10/Cython/Cython-0.29.24.tar.gz/md5/6a7bd0c2d7a9f1630d82e957197ea6e8/Cython-0.29.24.tar.gz
   % Total    % Received % Xferd  Average Speed   Time    Time     Time  Current
                                  Dload  Upload   Total   Spent    Left  Speed
-100 2048k  100 2048k    0     0  20.0M      0 --:--:-- --:--:-- --:--:-- 20.0M
+100 2048k  100 2048k    0     0  12.1M      0 --:--:-- --:--:-- --:--:-- 12.1M
 INFO: Reading stdout from command: md5sum Cython-0.29.24.tar.gz
 
 /usr/bin/tail: /var/lib/copr-rpmbuild/main.log: file truncated
-Running (timeout=18000): unbuffer mock --buildsrpm --spec /var/lib/copr-rpmbuild/workspace/workdir-tkvlfifz/Cython/Cython.spec --sources /var/lib/copr-rpmbuild/workspace/workdir-tkvlfifz/Cython --resultdir /var/lib/copr-rpmbuild/results --uniqueext 1636474604.424227 -r /var/lib/copr-rpmbuild/results/configs/child.cfg
+Running (timeout=18000): unbuffer mock --buildsrpm --spec /var/lib/copr-rpmbuild/workspace/workdir-nfl9otsv/Cython/Cython.spec --sources /var/lib/copr-rpmbuild/workspace/workdir-nfl9otsv/Cython --resultdir /var/lib/copr-rpmbuild/results --uniqueext 1636475785.591092 -r /var/lib/copr-rpmbuild/results/configs/child.cfg
 INFO: mock.py version 2.12 starting (python version = 3.9.7, NVR = mock-2.12-1.fc34)...
 Start: init plugins
 INFO: tmpfs initialized
@@ -95,11 +95,11 @@
 Finish: init plugins
 INFO: Signal handler active
 Start: run
-INFO: Start(/var/lib/copr-rpmbuild/workspace/workdir-tkvlfifz/Cython/Cython.spec)  Config(fedora-rawhide-x86_64)
+INFO: Start(/var/lib/copr-rpmbuild/workspace/workdir-nfl9otsv/Cython/Cython.spec)  Config(fedora-rawhide-x86_64)
 Start: clean chroot
 Finish: clean chroot
 Start: chroot init
-INFO: mounting tmpfs at /var/lib/mock/fedora-rawhide-x86_64-1636474604.424227/root.
+INFO: mounting tmpfs at /var/lib/mock/fedora-rawhide-x86_64-1636475785.591092/root.
 INFO: calling preinit hooks
 INFO: enabled root cache
 INFO: enabled package manager cache
@@ -110,10 +110,10 @@
 INFO: Mock Version: 2.12
 Start: dnf install
 No matches found for the following disable plugin patterns: local, spacewalk, versionlock
-Copr repository                                  83 MB/s |  75 MB     00:00    
-Additional repo http_kojipkgs_fedoraproject_org  53 MB/s |  59 MB     00:01    
-fedora                                           30 MB/s |  61 MB     00:02    
-Last metadata expiration check: 0:00:16 ago on Tue Nov  9 16:17:21 2021.
+Copr repository                                  80 MB/s |  75 MB     00:00    
+Additional repo http_kojipkgs_fedoraproject_org  66 MB/s |  59 MB     00:00    
+fedora                                           24 MB/s |  61 MB     00:02    
+Last metadata expiration check: 0:00:15 ago on Tue Nov  9 16:37:03 2021.
 Dependencies resolved.
 ========================================================================================================================================
  Package                         Arch    Version                    Repository                                                      Size
@@ -284,162 +284,162 @@
 Total download size: 61 M
 Installed size: 219 M
 Downloading Packages:
-(1/154): audit-libs-3.0.6-1.fc36.x86_64.rpm     1.3 MB/s | 117 kB     00:00    
-(2/154): file-5.41-1.fc36.x86_64.rpm            435 kB/s |  49 kB     00:00    
-(3/154): libblkid-2.37.2-1.fc36.x86_64.rpm      1.3 MB/s | 108 kB     00:00    
-(4/154): file-libs-5.41-1.fc36.x86_64.rpm       3.7 MB/s | 636 kB     00:00    
-(5/154): libcap-ng-0.8.2-7.fc36.x86_64.rpm      878 kB/s |  33 kB     00:00    
-(6/154): libfdisk-2.37.2-1.fc36.x86_64.rpm      2.7 MB/s | 156 kB     00:00    
-(7/154): libpwquality-1.4.4-6.fc36.x86_64.rpm   2.6 MB/s | 105 kB     00:00    
-(8/154): libsmartcols-2.37.2-1.fc36.x86_64.rpm  1.7 MB/s |  65 kB     00:00    
-(9/154): libuuid-2.37.2-1.fc36.x86_64.rpm       763 kB/s |  29 kB     00:00    
-(10/154): libbrotli-1.0.9-6.fc35.x86_64.rpm     1.3 MB/s | 313 kB     00:00    
-(11/154): libmount-2.37.2-1.fc36.x86_64.rpm     931 kB/s | 135 kB     00:00    
-(12/154): python-pip-wheel-21.3.1-1.fc36.noarch  12 MB/s | 1.1 MB     00:00    
-(13/154): libxml2-2.9.12-6.fc35.x86_64.rpm      5.8 MB/s | 741 kB     00:00    
-(14/154): python3-3.10.0-2.fc36.x86_64.rpm      550 kB/s |  26 kB     00:00    
-(15/154): python-setuptools-wheel-58.2.0-1.fc36 2.8 MB/s | 503 kB     00:00    
-(16/154): rpm-build-4.17.0-1.fc36.1.x86_64.rpm  1.9 MB/s |  61 kB     00:00    
-(17/154): rpm-4.17.0-1.fc36.1.x86_64.rpm        6.7 MB/s | 539 kB     00:00    
-(18/154): rpm-build-libs-4.17.0-1.fc36.1.x86_64 4.7 MB/s |  94 kB     00:00    
-(19/154): rpmautospec-rpm-macros-0.2.5-1.fc35.n 218 kB/s |  10 kB     00:00    
-(20/154): util-linux-2.37.2-1.fc36.x86_64.rpm    18 MB/s | 2.2 MB     00:00    
-(21/154): rpm-libs-4.17.0-1.fc36.1.x86_64.rpm   1.5 MB/s | 314 kB     00:00    
-(22/154): util-linux-core-2.37.2-1.fc36.x86_64. 8.0 MB/s | 434 kB     00:00    
-(23/154): python3-libs-3.10.0-2.fc36.x86_64.rpm  21 MB/s | 7.5 MB     00:00    
-(24/154): alternatives-1.19-1.fc35.x86_64.rpm   184 kB/s |  35 kB     00:00    
-(25/154): basesystem-11-12.fc35.noarch.rpm       42 kB/s | 7.0 kB     00:00    
-(26/154): bash-5.1.8-3.fc36.x86_64.rpm          8.1 MB/s | 1.7 MB     00:00    
-(27/154): bzip2-1.0.8-10.fc36.x86_64.rpm        2.4 MB/s |  52 kB     00:00    
-(28/154): binutils-gold-2.37-17.fc36.x86_64.rpm 8.1 MB/s | 728 kB     00:00    
-(29/154): bzip2-libs-1.0.8-10.fc36.x86_64.rpm   2.1 MB/s |  40 kB     00:00    
-(30/154): ca-certificates-2021.2.50-3.fc35.noar 9.8 MB/s | 352 kB     00:00    
-(31/154): binutils-2.37-17.fc36.x86_64.rpm       34 MB/s | 6.0 MB     00:00    
-(32/154): coreutils-common-9.0-2.fc36.x86_64.rp  29 MB/s | 2.0 MB     00:00    
-(33/154): cracklib-2.9.6-27.fc36.x86_64.rpm     3.9 MB/s |  81 kB     00:00    
-(34/154): cpio-2.13-11.fc36.x86_64.rpm          5.7 MB/s | 270 kB     00:00    
-(35/154): coreutils-9.0-2.fc36.x86_64.rpm       8.5 MB/s | 1.0 MB     00:00    
-(36/154): crypto-policies-20210917-1.gitc9d86d1 3.0 MB/s |  58 kB     00:00    
-(37/154): debugedit-5.0-2.fc35.x86_64.rpm       3.5 MB/s |  76 kB     00:00    
-(38/154): cyrus-sasl-lib-2.1.27-16.fc36.x86_64.  23 MB/s | 774 kB     00:00    
-(39/154): curl-7.79.1-3.fc36.x86_64.rpm         6.2 MB/s | 310 kB     00:00    
-(40/154): diffutils-3.8-1.fc35.x86_64.rpm        17 MB/s | 400 kB     00:00    
-(41/154): ed-1.14.2-11.fc35.x86_64.rpm          3.8 MB/s |  73 kB     00:00    
-(42/154): dwz-0.14-2.fc35.x86_64.rpm            2.9 MB/s | 127 kB     00:00    
-(43/154): efi-srpm-macros-5-4.fc36.noarch.rpm   572 kB/s |  22 kB     00:00    
-(44/154): elfutils-debuginfod-client-0.185-5.fc 1.9 MB/s |  36 kB     00:00    
-(45/154): elfutils-0.185-5.fc35.x86_64.rpm       15 MB/s | 515 kB     00:00    
-(46/154): elfutils-libs-0.185-5.fc35.x86_64.rpm  12 MB/s | 263 kB     00:00    
-(47/154): elfutils-default-yama-scope-0.185-5.f 579 kB/s |  18 kB     00:00    
-(48/154): elfutils-libelf-0.185-5.fc35.x86_64.r 4.7 MB/s | 192 kB     00:00    
-(49/154): expat-2.4.1-2.fc35.x86_64.rpm         5.3 MB/s | 110 kB     00:00    
-(50/154): fedora-release-36-0.7.noarch.rpm      613 kB/s |  11 kB     00:00    
-(51/154): fedora-gpg-keys-36-0.3.noarch.rpm     3.1 MB/s | 113 kB     00:00    
-(52/154): fedora-release-identity-basic-36-0.7. 670 kB/s |  12 kB     00:00    
-(53/154): fedora-release-common-36-0.7.noarch.r 605 kB/s |  21 kB     00:00    
-(54/154): fedora-repos-rawhide-36-0.3.noarch.rp 590 kB/s |  10 kB     00:00    
-(55/154): fedora-repos-36-0.3.noarch.rpm        313 kB/s |  11 kB     00:00    
-(56/154): findutils-4.8.0-4.fc35.x86_64.rpm      19 MB/s | 538 kB     00:00    
-(57/154): fonts-srpm-macros-2.0.5-6.fc35.noarch 712 kB/s |  27 kB     00:00    
-(58/154): fpc-srpm-macros-1.3-4.fc35.noarch.rpm 438 kB/s | 7.6 kB     00:00    
-(59/154): filesystem-3.16-1.fc36.x86_64.rpm      14 MB/s | 1.1 MB     00:00    
-(60/154): gdbm-libs-1.22-1.fc36.x86_64.rpm      2.3 MB/s |  57 kB     00:00    
-(61/154): gawk-5.1.1-1.fc36.x86_64.rpm           19 MB/s | 1.0 MB     00:00    
-(62/154): ghc-srpm-macros-1.5.0-5.fc35.noarch.r 421 kB/s | 7.8 kB     00:00    
-(63/154): glibc-common-2.34.9000-17.fc36.x86_64  13 MB/s | 419 kB     00:00    
-(64/154): gdb-minimal-11.1-3.fc36.x86_64.rpm     33 MB/s | 3.8 MB     00:00    
-(65/154): glibc-minimal-langpack-2.34.9000-17.f 5.6 MB/s | 147 kB     00:00    
-(66/154): glibc-2.34.9000-17.fc36.x86_64.rpm     19 MB/s | 2.0 MB     00:00    
-(67/154): glibc-gconv-extra-2.34.9000-17.fc36.x  26 MB/s | 1.6 MB     00:00    
-(68/154): gmp-6.2.1-1.fc36.x86_64.rpm            12 MB/s | 314 kB     00:00    
-(69/154): gnat-srpm-macros-4-14.fc35.noarch.rpm 446 kB/s | 8.2 kB     00:00    
-(70/154): grep-3.7-1.fc36.x86_64.rpm             13 MB/s | 294 kB     00:00    
-(71/154): go-srpm-macros-3.0.11-2.fc35.noarch.r 751 kB/s |  25 kB     00:00    
-(72/154): gzip-1.11-1.fc36.x86_64.rpm           3.7 MB/s | 154 kB     00:00    
-(73/154): info-6.8-2.fc35.x86_64.rpm            8.6 MB/s | 222 kB     00:00    
-(74/154): kernel-srpm-macros-1.0-6.fc35.noarch. 205 kB/s | 8.0 kB     00:00    
-(75/154): keyutils-libs-1.6.1-3.fc35.x86_64.rpm 1.7 MB/s |  31 kB     00:00    
-(76/154): libacl-2.3.1-2.fc35.x86_64.rpm        1.3 MB/s |  24 kB     00:00    
-(77/154): libattr-2.5.1-3.fc35.x86_64.rpm       912 kB/s |  18 kB     00:00    
-(78/154): krb5-libs-1.19.2-3.fc36.x86_64.rpm     11 MB/s | 722 kB     00:00    
-(79/154): libarchive-3.5.2-2.fc36.x86_64.rpm    8.0 MB/s | 387 kB     00:00    
-(80/154): libcap-2.48-3.fc35.x86_64.rpm         3.2 MB/s |  66 kB     00:00    
-(81/154): libcom_err-1.46.4-1.fc36.x86_64.rpm   1.4 MB/s |  26 kB     00:00    
-(82/154): libcurl-7.79.1-3.fc36.x86_64.rpm      8.0 MB/s | 292 kB     00:00    
-(83/154): libeconf-0.4.0-2.fc35.x86_64.rpm      970 kB/s |  27 kB     00:00    
-(84/154): libffi-3.1-28.fc34.x86_64.rpm         1.7 MB/s |  33 kB     00:00    
-(85/154): libdb-5.3.28-50.fc36.x86_64.rpm        15 MB/s | 748 kB     00:00    
-(86/154): libgcc-11.2.1-6.fc36.x86_64.rpm       4.8 MB/s | 110 kB     00:00    
-(87/154): libgcrypt-1.9.4-1.fc36.x86_64.rpm      18 MB/s | 507 kB     00:00    
-(88/154): libgomp-11.2.1-6.fc36.x86_64.rpm      9.3 MB/s | 284 kB     00:00    
-(89/154): libgpg-error-1.43-1.fc36.x86_64.rpm   6.7 MB/s | 216 kB     00:00    
-(90/154): libidn2-2.3.2-3.fc36.x86_64.rpm       5.0 MB/s | 103 kB     00:00    
-(91/154): libnghttp2-1.46.0-1.fc36.x86_64.rpm   2.3 MB/s |  70 kB     00:00    
-(92/154): libnsl2-1.3.0-4.fc35.x86_64.rpm       2.7 MB/s |  57 kB     00:00    
-(93/154): libpkgconf-1.8.0-1.fc35.x86_64.rpm    1.3 MB/s |  36 kB     00:00    
-(94/154): libpsl-0.21.1-4.fc35.x86_64.rpm       3.3 MB/s |  63 kB     00:00    
-(95/154): libselinux-3.3-1.fc36.x86_64.rpm      3.1 MB/s |  81 kB     00:00    
-(96/154): libsemanage-3.3-1.fc36.x86_64.rpm     3.6 MB/s | 116 kB     00:00    
-(97/154): libsigsegv-2.13-3.fc35.x86_64.rpm     1.4 MB/s |  26 kB     00:00    
-(98/154): libsepol-3.3-1.fc36.x86_64.rpm        7.5 MB/s | 301 kB     00:00    
-(99/154): libssh-0.9.6-1.fc36.x86_64.rpm        7.9 MB/s | 203 kB     00:00    
-(100/154): libssh-config-0.9.6-1.fc36.noarch.rp 270 kB/s | 7.3 kB     00:00    
-(101/154): libtasn1-4.17.0-1.fc36.x86_64.rpm    3.7 MB/s |  74 kB     00:00    
-(102/154): libtirpc-1.3.2-1.rc1.fc36.x86_64.rpm 2.5 MB/s |  93 kB     00:00    
-(103/154): libstdc++-11.2.1-6.fc36.x86_64.rpm    13 MB/s | 747 kB     00:00    
-(104/154): libunistring-0.9.10-14.fc35.x86_64.r  17 MB/s | 495 kB     00:00    
-(105/154): libutempter-1.2.1-5.fc35.x86_64.rpm  1.3 MB/s |  26 kB     00:00    
-(106/154): libxcrypt-4.4.26-4.fc36.x86_64.rpm   5.7 MB/s | 117 kB     00:00    
-(107/154): libverto-0.3.2-2.fc35.x86_64.rpm     683 kB/s |  21 kB     00:00    
-(108/154): libzstd-1.5.0-2.fc35.x86_64.rpm       12 MB/s | 366 kB     00:00    
-(109/154): lua-srpm-macros-1-5.fc35.noarch.rpm  422 kB/s | 8.4 kB     00:00    
-(110/154): lz4-libs-1.9.3-3.fc35.x86_64.rpm     3.3 MB/s |  66 kB     00:00    
-(111/154): lua-libs-5.4.3-2.fc35.x86_64.rpm     3.7 MB/s | 215 kB     00:00    
-(112/154): mpdecimal-2.5.1-2.fc35.x86_64.rpm    2.7 MB/s |  99 kB     00:00    
-(113/154): mpfr-4.1.0-8.fc35.x86_64.rpm          13 MB/s | 326 kB     00:00    
-(114/154): ncurses-base-6.2-8.20210508.fc35.noa 3.0 MB/s |  61 kB     00:00    
-(115/154): nim-srpm-macros-3-5.fc35.noarch.rpm  418 kB/s | 8.4 kB     00:00    
-(116/154): ncurses-libs-6.2-8.20210508.fc35.x86 8.2 MB/s | 322 kB     00:00    
-(117/154): openblas-srpm-macros-2-10.fc35.noarc 390 kB/s | 7.4 kB     00:00    
-(118/154): ocaml-srpm-macros-6-5.fc35.noarch.rp 232 kB/s | 7.8 kB     00:00    
-(119/154): openldap-2.4.59-4.fc36.x86_64.rpm     11 MB/s | 257 kB     00:00    
-(120/154): p11-kit-0.23.22-4.fc35.x86_64.rpm    7.2 MB/s | 357 kB     00:00    
-(121/154): openssl1.1-1.1.1l-1.fc36.x86_64.rpm   20 MB/s | 1.5 MB     00:00    
-(122/154): openssl-libs-3.0.0-1.fc36.x86_64.rpm  27 MB/s | 2.1 MB     00:00    
-(123/154): p11-kit-trust-0.23.22-4.fc35.x86_64. 6.2 MB/s | 136 kB     00:00    
-(124/154): pam-1.5.2-6.fc36.x86_64.rpm           19 MB/s | 548 kB     00:00    
-(125/154): pcre-8.45-1.fc36.x86_64.rpm          7.7 MB/s | 197 kB     00:00    
-(126/154): patch-2.7.6-15.fc35.x86_64.rpm       3.0 MB/s | 127 kB     00:00    
-(127/154): pcre2-syntax-10.39-1.fc36.noarch.rpm 7.1 MB/s | 144 kB     00:00    
-(128/154): pcre2-10.39-1.fc36.x86_64.rpm        5.2 MB/s | 231 kB     00:00    
-(129/154): pkgconf-1.8.0-1.fc35.x86_64.rpm      1.9 MB/s |  41 kB     00:00    
-(130/154): perl-srpm-macros-1-42.fc35.noarch.rp 209 kB/s | 8.3 kB     00:00    
-(131/154): pkgconf-m4-1.8.0-1.fc35.noarch.rpm   764 kB/s |  14 kB     00:00    
-(132/154): pkgconf-pkg-config-1.8.0-1.fc35.x86_ 508 kB/s |  10 kB     00:00    
-(133/154): publicsuffix-list-dafsa-20210518-2.f 2.5 MB/s |  58 kB     00:00    
-(134/154): python-srpm-macros-3.10-13.fc36.noar 1.0 MB/s |  25 kB     00:00    
-(135/154): popt-1.18-6.fc36.x86_64.rpm          1.4 MB/s |  58 kB     00:00    
-(136/154): readline-8.1-3.fc35.x86_64.rpm       9.5 MB/s | 210 kB     00:00    
-(137/154): qt5-srpm-macros-5.15.2-3.fc35.noarch 221 kB/s | 8.2 kB     00:00    
-(138/154): redhat-rpm-config-202-1.fc36.noarch. 1.7 MB/s |  66 kB     00:00    
-(139/154): rust-srpm-macros-18-2.fc35.noarch.rp 468 kB/s | 9.4 kB     00:00    
-(140/154): setup-2.13.9.1-2.fc35.noarch.rpm     6.4 MB/s | 143 kB     00:00    
-(141/154): sed-4.8-8.fc35.x86_64.rpm            6.8 MB/s | 296 kB     00:00    
-(142/154): shadow-utils-4.9-6.fc36.x86_64.rpm    20 MB/s | 1.1 MB     00:00    
-(143/154): sqlite-libs-3.36.0-4.fc36.x86_64.rpm  13 MB/s | 632 kB     00:00    
-(144/154): tar-1.34-2.fc35.x86_64.rpm            20 MB/s | 880 kB     00:00    
-(145/154): tzdata-2021a-2.fc35.noarch.rpm       8.0 MB/s | 429 kB     00:00    
-(146/154): unzip-6.0-54.fc36.x86_64.rpm         8.0 MB/s | 179 kB     00:00    
-(147/154): systemd-libs-249.6-2.fc36.x86_64.rpm 6.2 MB/s | 615 kB     00:00    
-(148/154): which-2.21-30.fc36.x86_64.rpm        1.9 MB/s |  41 kB     00:00    
-(149/154): xz-5.2.5-7.fc35.x86_64.rpm           9.0 MB/s | 214 kB     00:00    
-(150/154): xxhash-libs-0.8.0-4.fc35.x86_64.rpm  1.0 MB/s |  40 kB     00:00    
-(151/154): xz-libs-5.2.5-7.fc35.x86_64.rpm      4.2 MB/s |  92 kB     00:00    
-(152/154): zlib-1.2.11-30.fc35.x86_64.rpm       3.8 MB/s |  90 kB     00:00    
-(153/154): zip-3.0-31.fc35.x86_64.rpm           5.9 MB/s | 257 kB     00:00    
-(154/154): zstd-1.5.0-2.fc35.x86_64.rpm         9.2 MB/s | 639 kB     00:00    
+(1/154): file-5.41-1.fc36.x86_64.rpm            898 kB/s |  49 kB     00:00    
+(2/154): audit-libs-3.0.6-1.fc36.x86_64.rpm     1.8 MB/s | 117 kB     00:00    
+(3/154): libblkid-2.37.2-1.fc36.x86_64.rpm      5.6 MB/s | 108 kB     00:00    
+(4/154): file-libs-5.41-1.fc36.x86_64.rpm       8.0 MB/s | 636 kB     00:00    
+(5/154): libcap-ng-0.8.2-7.fc36.x86_64.rpm      2.5 MB/s |  33 kB     00:00    
+(6/154): libfdisk-2.37.2-1.fc36.x86_64.rpm      9.6 MB/s | 156 kB     00:00    
+(7/154): libbrotli-1.0.9-6.fc35.x86_64.rpm      7.7 MB/s | 313 kB     00:00    
+(8/154): libmount-2.37.2-1.fc36.x86_64.rpm      6.8 MB/s | 135 kB     00:00    
+(9/154): libpwquality-1.4.4-6.fc36.x86_64.rpm   6.7 MB/s | 105 kB     00:00    
+(10/154): libsmartcols-2.37.2-1.fc36.x86_64.rpm 4.5 MB/s |  65 kB     00:00    
+(11/154): libuuid-2.37.2-1.fc36.x86_64.rpm      2.2 MB/s |  29 kB     00:00    
+(12/154): libxml2-2.9.12-6.fc35.x86_64.rpm       29 MB/s | 741 kB     00:00    
+(13/154): python-setuptools-wheel-58.2.0-1.fc36  16 MB/s | 503 kB     00:00    
+(14/154): python-pip-wheel-21.3.1-1.fc36.noarch  32 MB/s | 1.1 MB     00:00    
+(15/154): python3-3.10.0-2.fc36.x86_64.rpm      1.4 MB/s |  26 kB     00:00    
+(16/154): rpm-build-4.17.0-1.fc36.1.x86_64.rpm  4.1 MB/s |  61 kB     00:00    
+(17/154): rpm-4.17.0-1.fc36.1.x86_64.rpm         27 MB/s | 539 kB     00:00    
+(18/154): rpm-build-libs-4.17.0-1.fc36.1.x86_64 6.2 MB/s |  94 kB     00:00    
+(19/154): rpm-libs-4.17.0-1.fc36.1.x86_64.rpm    12 MB/s | 314 kB     00:00    
+(20/154): rpmautospec-rpm-macros-0.2.5-1.fc35.n 603 kB/s |  10 kB     00:00    
+(21/154): util-linux-core-2.37.2-1.fc36.x86_64.  14 MB/s | 434 kB     00:00    
+(22/154): python3-libs-3.10.0-2.fc36.x86_64.rpm  57 MB/s | 7.5 MB     00:00    
+(23/154): util-linux-2.37.2-1.fc36.x86_64.rpm    26 MB/s | 2.2 MB     00:00    
+(24/154): alternatives-1.19-1.fc35.x86_64.rpm   411 kB/s |  35 kB     00:00    
+(25/154): basesystem-11-12.fc35.noarch.rpm      145 kB/s | 7.0 kB     00:00    
+(26/154): binutils-gold-2.37-17.fc36.x86_64.rpm  10 MB/s | 728 kB     00:00    
+(27/154): bash-5.1.8-3.fc36.x86_64.rpm           12 MB/s | 1.7 MB     00:00    
+(28/154): bzip2-1.0.8-10.fc36.x86_64.rpm        1.7 MB/s |  52 kB     00:00    
+(29/154): bzip2-libs-1.0.8-10.fc36.x86_64.rpm   1.6 MB/s |  40 kB     00:00    
+(30/154): ca-certificates-2021.2.50-3.fc35.noar  10 MB/s | 352 kB     00:00    
+(31/154): binutils-2.37-17.fc36.x86_64.rpm       40 MB/s | 6.0 MB     00:00    
+(32/154): coreutils-9.0-2.fc36.x86_64.rpm        24 MB/s | 1.0 MB     00:00    
+(33/154): cpio-2.13-11.fc36.x86_64.rpm          8.7 MB/s | 270 kB     00:00    
+(34/154): cracklib-2.9.6-27.fc36.x86_64.rpm     3.1 MB/s |  81 kB     00:00    
+(35/154): coreutils-common-9.0-2.fc36.x86_64.rp  35 MB/s | 2.0 MB     00:00    
+(36/154): crypto-policies-20210917-1.gitc9d86d1 2.8 MB/s |  58 kB     00:00    
+(37/154): curl-7.79.1-3.fc36.x86_64.rpm          10 MB/s | 310 kB     00:00    
+(38/154): cyrus-sasl-lib-2.1.27-16.fc36.x86_64.  21 MB/s | 774 kB     00:00    
+(39/154): debugedit-5.0-2.fc35.x86_64.rpm       1.9 MB/s |  76 kB     00:00    
+(40/154): dwz-0.14-2.fc35.x86_64.rpm            4.9 MB/s | 127 kB     00:00    
+(41/154): ed-1.14.2-11.fc35.x86_64.rpm          2.9 MB/s |  73 kB     00:00    
+(42/154): diffutils-3.8-1.fc35.x86_64.rpm        10 MB/s | 400 kB     00:00    
+(43/154): elfutils-debuginfod-client-0.185-5.fc 1.4 MB/s |  36 kB     00:00    
+(44/154): efi-srpm-macros-5-4.fc36.noarch.rpm   719 kB/s |  22 kB     00:00    
+(45/154): elfutils-0.185-5.fc35.x86_64.rpm       16 MB/s | 515 kB     00:00    
+(46/154): elfutils-default-yama-scope-0.185-5.f 927 kB/s |  18 kB     00:00    
+(47/154): elfutils-libelf-0.185-5.fc35.x86_64.r 7.5 MB/s | 192 kB     00:00    
+(48/154): elfutils-libs-0.185-5.fc35.x86_64.rpm 8.4 MB/s | 263 kB     00:00    
+(49/154): fedora-gpg-keys-36-0.3.noarch.rpm     5.5 MB/s | 113 kB     00:00    
+(50/154): expat-2.4.1-2.fc35.x86_64.rpm         3.9 MB/s | 110 kB     00:00    
+(51/154): fedora-release-36-0.7.noarch.rpm      531 kB/s |  11 kB     00:00    
+(52/154): fedora-release-common-36-0.7.noarch.r 964 kB/s |  21 kB     00:00    
+(53/154): fedora-release-identity-basic-36-0.7. 554 kB/s |  12 kB     00:00    
+(54/154): fedora-repos-36-0.3.noarch.rpm        524 kB/s |  11 kB     00:00    
+(55/154): fedora-repos-rawhide-36-0.3.noarch.rp 499 kB/s |  10 kB     00:00    
+(56/154): filesystem-3.16-1.fc36.x86_64.rpm      21 MB/s | 1.1 MB     00:00    
+(57/154): findutils-4.8.0-4.fc35.x86_64.rpm      11 MB/s | 538 kB     00:00    
+(58/154): fonts-srpm-macros-2.0.5-6.fc35.noarch 709 kB/s |  27 kB     00:00    
+(59/154): fpc-srpm-macros-1.3-4.fc35.noarch.rpm 225 kB/s | 7.6 kB     00:00    
+(60/154): gawk-5.1.1-1.fc36.x86_64.rpm           26 MB/s | 1.0 MB     00:00    
+(61/154): ghc-srpm-macros-1.5.0-5.fc35.noarch.r 251 kB/s | 7.8 kB     00:00    
+(62/154): gdb-minimal-11.1-3.fc36.x86_64.rpm     31 MB/s | 3.8 MB     00:00    
+(63/154): glibc-2.34.9000-17.fc36.x86_64.rpm     32 MB/s | 2.0 MB     00:00    
+(64/154): glibc-common-2.34.9000-17.fc36.x86_64  14 MB/s | 419 kB     00:00    
+(65/154): glibc-minimal-langpack-2.34.9000-17.f 5.1 MB/s | 147 kB     00:00    
+(66/154): gdbm-libs-1.22-1.fc36.x86_64.rpm      344 kB/s |  57 kB     00:00    
+(67/154): gmp-6.2.1-1.fc36.x86_64.rpm           9.7 MB/s | 314 kB     00:00    
+(68/154): gnat-srpm-macros-4-14.fc35.noarch.rpm 333 kB/s | 8.2 kB     00:00    
+(69/154): glibc-gconv-extra-2.34.9000-17.fc36.x  18 MB/s | 1.6 MB     00:00    
+(70/154): go-srpm-macros-3.0.11-2.fc35.noarch.r 973 kB/s |  25 kB     00:00    
+(71/154): grep-3.7-1.fc36.x86_64.rpm             12 MB/s | 294 kB     00:00    
+(72/154): gzip-1.11-1.fc36.x86_64.rpm           5.8 MB/s | 154 kB     00:00    
+(73/154): kernel-srpm-macros-1.0-6.fc35.noarch. 397 kB/s | 8.0 kB     00:00    
+(74/154): info-6.8-2.fc35.x86_64.rpm            7.9 MB/s | 222 kB     00:00    
+(75/154): keyutils-libs-1.6.1-3.fc35.x86_64.rpm 1.2 MB/s |  31 kB     00:00    
+(76/154): libacl-2.3.1-2.fc35.x86_64.rpm        996 kB/s |  24 kB     00:00    
+(77/154): krb5-libs-1.19.2-3.fc36.x86_64.rpm     19 MB/s | 722 kB     00:00    
+(78/154): libarchive-3.5.2-2.fc36.x86_64.rpm     13 MB/s | 387 kB     00:00    
+(79/154): libattr-2.5.1-3.fc35.x86_64.rpm       722 kB/s |  18 kB     00:00    
+(80/154): libcap-2.48-3.fc35.x86_64.rpm         2.9 MB/s |  66 kB     00:00    
+(81/154): libcom_err-1.46.4-1.fc36.x86_64.rpm   1.2 MB/s |  26 kB     00:00    
+(82/154): libcurl-7.79.1-3.fc36.x86_64.rpm      9.7 MB/s | 292 kB     00:00    
+(83/154): libeconf-0.4.0-2.fc35.x86_64.rpm      1.0 MB/s |  27 kB     00:00    
+(84/154): libdb-5.3.28-50.fc36.x86_64.rpm        22 MB/s | 748 kB     00:00    
+(85/154): libffi-3.1-28.fc34.x86_64.rpm         1.4 MB/s |  33 kB     00:00    
+(86/154): libgcc-11.2.1-6.fc36.x86_64.rpm       4.7 MB/s | 110 kB     00:00    
+(87/154): libgcrypt-1.9.4-1.fc36.x86_64.rpm      16 MB/s | 507 kB     00:00    
+(88/154): libgomp-11.2.1-6.fc36.x86_64.rpm      9.8 MB/s | 284 kB     00:00    
+(89/154): libgpg-error-1.43-1.fc36.x86_64.rpm   9.1 MB/s | 216 kB     00:00    
+(90/154): libidn2-2.3.2-3.fc36.x86_64.rpm       3.9 MB/s | 103 kB     00:00    
+(91/154): libnghttp2-1.46.0-1.fc36.x86_64.rpm   3.3 MB/s |  70 kB     00:00    
+(92/154): libnsl2-1.3.0-4.fc35.x86_64.rpm       2.4 MB/s |  57 kB     00:00    
+(93/154): libpsl-0.21.1-4.fc35.x86_64.rpm       3.2 MB/s |  63 kB     00:00    
+(94/154): libpkgconf-1.8.0-1.fc35.x86_64.rpm    1.4 MB/s |  36 kB     00:00    
+(95/154): libselinux-3.3-1.fc36.x86_64.rpm      3.3 MB/s |  81 kB     00:00    
+(96/154): libsemanage-3.3-1.fc36.x86_64.rpm     4.4 MB/s | 116 kB     00:00    
+(97/154): libsepol-3.3-1.fc36.x86_64.rpm         12 MB/s | 301 kB     00:00    
+(98/154): libsigsegv-2.13-3.fc35.x86_64.rpm     1.1 MB/s |  26 kB     00:00    
+(99/154): libssh-config-0.9.6-1.fc36.noarch.rpm 425 kB/s | 7.3 kB     00:00    
+(100/154): libssh-0.9.6-1.fc36.x86_64.rpm       8.1 MB/s | 203 kB     00:00    
+(101/154): libstdc++-11.2.1-6.fc36.x86_64.rpm    22 MB/s | 747 kB     00:00    
+(102/154): libtasn1-4.17.0-1.fc36.x86_64.rpm    2.9 MB/s |  74 kB     00:00    
+(103/154): libtirpc-1.3.2-1.rc1.fc36.x86_64.rpm 4.4 MB/s |  93 kB     00:00    
+(104/154): libutempter-1.2.1-5.fc35.x86_64.rpm  1.2 MB/s |  26 kB     00:00    
+(105/154): libverto-0.3.2-2.fc35.x86_64.rpm     908 kB/s |  21 kB     00:00    
+(106/154): libunistring-0.9.10-14.fc35.x86_64.r  16 MB/s | 495 kB     00:00    
+(107/154): libxcrypt-4.4.26-4.fc36.x86_64.rpm   4.4 MB/s | 117 kB     00:00    
+(108/154): libzstd-1.5.0-2.fc35.x86_64.rpm       13 MB/s | 366 kB     00:00    
+(109/154): lua-libs-5.4.3-2.fc35.x86_64.rpm     7.8 MB/s | 215 kB     00:00    
+(110/154): lua-srpm-macros-1-5.fc35.noarch.rpm  340 kB/s | 8.4 kB     00:00    
+(111/154): lz4-libs-1.9.3-3.fc35.x86_64.rpm     3.0 MB/s |  66 kB     00:00    
+(112/154): mpdecimal-2.5.1-2.fc35.x86_64.rpm    3.8 MB/s |  99 kB     00:00    
+(113/154): ncurses-base-6.2-8.20210508.fc35.noa 3.3 MB/s |  61 kB     00:00    
+(114/154): mpfr-4.1.0-8.fc35.x86_64.rpm          12 MB/s | 326 kB     00:00    
+(115/154): nim-srpm-macros-3-5.fc35.noarch.rpm  275 kB/s | 8.4 kB     00:00    
+(116/154): ncurses-libs-6.2-8.20210508.fc35.x86 6.7 MB/s | 322 kB     00:00    
+(117/154): ocaml-srpm-macros-6-5.fc35.noarch.rp 283 kB/s | 7.8 kB     00:00    
+(118/154): openldap-2.4.59-4.fc36.x86_64.rpm     11 MB/s | 257 kB     00:00    
+(119/154): openblas-srpm-macros-2-10.fc35.noarc 285 kB/s | 7.4 kB     00:00    
+(120/154): openssl-libs-3.0.0-1.fc36.x86_64.rpm  38 MB/s | 2.1 MB     00:00    
+(121/154): p11-kit-0.23.22-4.fc35.x86_64.rpm    9.0 MB/s | 357 kB     00:00    
+(122/154): openssl1.1-1.1.1l-1.fc36.x86_64.rpm   30 MB/s | 1.5 MB     00:00    
+(123/154): p11-kit-trust-0.23.22-4.fc35.x86_64. 5.4 MB/s | 136 kB     00:00    
+(124/154): pam-1.5.2-6.fc36.x86_64.rpm           18 MB/s | 548 kB     00:00    
+(125/154): patch-2.7.6-15.fc35.x86_64.rpm       5.1 MB/s | 127 kB     00:00    
+(126/154): pcre-8.45-1.fc36.x86_64.rpm          7.7 MB/s | 197 kB     00:00    
+(127/154): pcre2-10.39-1.fc36.x86_64.rpm         10 MB/s | 231 kB     00:00    
+(128/154): pcre2-syntax-10.39-1.fc36.noarch.rpm 5.9 MB/s | 144 kB     00:00    
+(129/154): perl-srpm-macros-1-42.fc35.noarch.rp 342 kB/s | 8.3 kB     00:00    
+(130/154): pkgconf-1.8.0-1.fc35.x86_64.rpm      2.0 MB/s |  41 kB     00:00    
+(131/154): pkgconf-m4-1.8.0-1.fc35.noarch.rpm   625 kB/s |  14 kB     00:00    
+(132/154): pkgconf-pkg-config-1.8.0-1.fc35.x86_ 483 kB/s |  10 kB     00:00    
+(133/154): popt-1.18-6.fc36.x86_64.rpm          2.6 MB/s |  58 kB     00:00    
+(134/154): publicsuffix-list-dafsa-20210518-2.f 2.3 MB/s |  58 kB     00:00    
+(135/154): qt5-srpm-macros-5.15.2-3.fc35.noarch 414 kB/s | 8.2 kB     00:00    
+(136/154): python-srpm-macros-3.10-13.fc36.noar 982 kB/s |  25 kB     00:00    
+(137/154): readline-8.1-3.fc35.x86_64.rpm       8.3 MB/s | 210 kB     00:00    
+(138/154): redhat-rpm-config-202-1.fc36.noarch. 2.6 MB/s |  66 kB     00:00    
+(139/154): rust-srpm-macros-18-2.fc35.noarch.rp 392 kB/s | 9.4 kB     00:00    
+(140/154): sed-4.8-8.fc35.x86_64.rpm             11 MB/s | 296 kB     00:00    
+(141/154): setup-2.13.9.1-2.fc35.noarch.rpm     6.2 MB/s | 143 kB     00:00    
+(142/154): shadow-utils-4.9-6.fc36.x86_64.rpm    29 MB/s | 1.1 MB     00:00    
+(143/154): systemd-libs-249.6-2.fc36.x86_64.rpm  19 MB/s | 615 kB     00:00    
+(144/154): sqlite-libs-3.36.0-4.fc36.x86_64.rpm  16 MB/s | 632 kB     00:00    
+(145/154): tar-1.34-2.fc35.x86_64.rpm            24 MB/s | 880 kB     00:00    
+(146/154): unzip-6.0-54.fc36.x86_64.rpm         7.0 MB/s | 179 kB     00:00    
+(147/154): tzdata-2021a-2.fc35.noarch.rpm        14 MB/s | 429 kB     00:00    
+(148/154): which-2.21-30.fc36.x86_64.rpm        1.6 MB/s |  41 kB     00:00    
+(149/154): xxhash-libs-0.8.0-4.fc35.x86_64.rpm  1.8 MB/s |  40 kB     00:00    
+(150/154): xz-5.2.5-7.fc35.x86_64.rpm           7.5 MB/s | 214 kB     00:00    
+(151/154): xz-libs-5.2.5-7.fc35.x86_64.rpm      3.4 MB/s |  92 kB     00:00    
+(152/154): zip-3.0-31.fc35.x86_64.rpm           9.4 MB/s | 257 kB     00:00    
+(153/154): zlib-1.2.11-30.fc35.x86_64.rpm       3.0 MB/s |  90 kB     00:00    
+(154/154): zstd-1.5.0-2.fc35.x86_64.rpm          17 MB/s | 639 kB     00:00    
 --------------------------------------------------------------------------------
-Total                                            24 MB/s |  61 MB     00:02     
+Total                                            35 MB/s |  61 MB     00:01     
 Running transaction check
 Transaction check succeeded.
 Running transaction test
@@ -942,160 +942,160 @@
 Finish: creating root cache
 Finish: chroot init
 INFO: Installed packages:
-INFO: pcre-8.45-1.fc36.x86_64
-pcre2-syntax-10.39-1.fc36.noarch
-p11-kit-0.23.22-4.fc35.x86_64
-krb5-libs-1.19.2-3.fc36.x86_64
-libgpg-error-1.43-1.fc36.x86_64
-python3-libs-3.10.0-2.fc36.x86_64
-libxcrypt-4.4.26-4.fc36.x86_64
-libdb-5.3.28-50.fc36.x86_64
-rpm-build-4.17.0-1.fc36.1.x86_64
-ncurses-libs-6.2-8.20210508.fc35.x86_64
-libpkgconf-1.8.0-1.fc35.x86_64
-openldap-2.4.59-4.fc36.x86_64
-libuuid-2.37.2-1.fc36.x86_64
-gzip-1.11-1.fc36.x86_64
-nim-srpm-macros-3-5.fc35.noarch
-filesystem-3.16-1.fc36.x86_64
-libmount-2.37.2-1.fc36.x86_64
-rpm-4.17.0-1.fc36.1.x86_64
-coreutils-9.0-2.fc36.x86_64
-libnghttp2-1.46.0-1.fc36.x86_64
-libzstd-1.5.0-2.fc35.x86_64
+INFO: pkgconf-m4-1.8.0-1.fc35.noarch
+libxml2-2.9.12-6.fc35.x86_64
 lz4-libs-1.9.3-3.fc35.x86_64
-libblkid-2.37.2-1.fc36.x86_64
-p11-kit-trust-0.23.22-4.fc35.x86_64
-basesystem-11-12.fc35.noarch
-libtirpc-1.3.2-1.rc1.fc36.x86_64
+ed-1.14.2-11.fc35.x86_64
 libcurl-7.79.1-3.fc36.x86_64
-gdb-minimal-11.1-3.fc36.x86_64
-libxml2-2.9.12-6.fc35.x86_64
-libeconf-0.4.0-2.fc35.x86_64
+fedora-release-36-0.7.noarch
+elfutils-default-yama-scope-0.185-5.fc35.noarch
+libacl-2.3.1-2.fc35.x86_64
+xz-libs-5.2.5-7.fc35.x86_64
+libffi-3.1-28.fc34.x86_64
+sed-4.8-8.fc35.x86_64
+libsemanage-3.3-1.fc36.x86_64
+krb5-libs-1.19.2-3.fc36.x86_64
+readline-8.1-3.fc35.x86_64
+redhat-rpm-config-202-1.fc36.noarch
+coreutils-common-9.0-2.fc36.x86_64
+fonts-srpm-macros-2.0.5-6.fc35.noarch
+bash-5.1.8-3.fc36.x86_64
+nim-srpm-macros-3-5.fc35.noarch
+setup-2.13.9.1-2.fc35.noarch
+zstd-1.5.0-2.fc35.x86_64
+libstdc++-11.2.1-6.fc36.x86_64
+info-6.8-2.fc35.x86_64
+ca-certificates-2021.2.50-3.fc35.noarch
+popt-1.18-6.fc36.x86_64
+ncurses-libs-6.2-8.20210508.fc35.x86_64
+elfutils-libelf-0.185-5.fc35.x86_64
 curl-7.79.1-3.fc36.x86_64
-libbrotli-1.0.9-6.fc35.x86_64
-go-srpm-macros-3.0.11-2.fc35.noarch
-openssl1.1-1.1.1l-1.fc36.x86_64
-libcap-ng-0.8.2-7.fc36.x86_64
-mpfr-4.1.0-8.fc35.x86_64
-libgcrypt-1.9.4-1.fc36.x86_64
-libnsl2-1.3.0-4.fc35.x86_64
-kernel-srpm-macros-1.0-6.fc35.noarch
+openssl-libs-3.0.0-1.fc36.x86_64
+binutils-2.37-17.fc36.x86_64
 keyutils-libs-1.6.1-3.fc35.x86_64
-zstd-1.5.0-2.fc35.x86_64
-debugedit-5.0-2.fc35.x86_64
-libsigsegv-2.13-3.fc35.x86_64
-redhat-rpm-config-202-1.fc36.noarch
-elfutils-default-yama-scope-0.185-5.fc35.noarch
-rpm-build-libs-4.17.0-1.fc36.1.x86_64
-glibc-common-2.34.9000-17.fc36.x86_64
+cracklib-2.9.6-27.fc36.x86_64
+bzip2-1.0.8-10.fc36.x86_64
+grep-3.7-1.fc36.x86_64
 libidn2-2.3.2-3.fc36.x86_64
-audit-libs-3.0.6-1.fc36.x86_64
-libselinux-3.3-1.fc36.x86_64
+lua-libs-5.4.3-2.fc35.x86_64
+systemd-libs-249.6-2.fc36.x86_64
+openssl1.1-1.1.1l-1.fc36.x86_64
 qt5-srpm-macros-5.15.2-3.fc35.noarch
-ca-certificates-2021.2.50-3.fc35.noarch
-file-5.41-1.fc36.x86_64
-which-2.21-30.fc36.x86_64
-fedora-repos-36-0.3.noarch
-tzdata-2021a-2.fc35.noarch
-setup-2.13.9.1-2.fc35.noarch
+libsmartcols-2.37.2-1.fc36.x86_64
+libselinux-3.3-1.fc36.x86_64
+libutempter-1.2.1-5.fc35.x86_64
+alternatives-1.19-1.fc35.x86_64
+libeconf-0.4.0-2.fc35.x86_64
+publicsuffix-list-dafsa-20210518-2.fc35.noarch
+pkgconf-pkg-config-1.8.0-1.fc35.x86_64
+shadow-utils-4.9-6.fc36.x86_64
 mpdecimal-2.5.1-2.fc35.x86_64
-libssh-0.9.6-1.fc36.x86_64
+libcap-2.48-3.fc35.x86_64
+libxcrypt-4.4.26-4.fc36.x86_64
+elfutils-libs-0.185-5.fc35.x86_64
 zip-3.0-31.fc35.x86_64
-ncurses-base-6.2-8.20210508.fc35.noarch
-file-libs-5.41-1.fc36.x86_64
-efi-srpm-macros-5-4.fc36.noarch
-ocaml-srpm-macros-6-5.fc35.noarch
-lua-libs-5.4.3-2.fc35.x86_64
-elfutils-0.185-5.fc35.x86_64
-rust-srpm-macros-18-2.fc35.noarch
-binutils-gold-2.37-17.fc36.x86_64
-fedora-repos-rawhide-36-0.3.noarch
-rpmautospec-rpm-macros-0.2.5-1.fc35.noarch
-xz-libs-5.2.5-7.fc35.x86_64
-sqlite-libs-3.36.0-4.fc36.x86_64
+rpm-build-4.17.0-1.fc36.1.x86_64
 python-setuptools-wheel-58.2.0-1.fc36.noarch
-python-srpm-macros-3.10-13.fc36.noarch
-diffutils-3.8-1.fc35.x86_64
-libcap-2.48-3.fc35.x86_64
-pkgconf-1.8.0-1.fc35.x86_64
-gmp-6.2.1-1.fc36.x86_64
-expat-2.4.1-2.fc35.x86_64
-fonts-srpm-macros-2.0.5-6.fc35.noarch
-libsepol-3.3-1.fc36.x86_64
-pkgconf-pkg-config-1.8.0-1.fc35.x86_64
-libunistring-0.9.10-14.fc35.x86_64
-xz-5.2.5-7.fc35.x86_64
-coreutils-common-9.0-2.fc36.x86_64
-libpwquality-1.4.4-6.fc36.x86_64
-elfutils-debuginfod-client-0.185-5.fc35.x86_64
-fedora-release-36-0.7.noarch
-openblas-srpm-macros-2-10.fc35.noarch
-libsmartcols-2.37.2-1.fc36.x86_64
 cpio-2.13-11.fc36.x86_64
-patch-2.7.6-15.fc35.x86_64
-rpm-libs-4.17.0-1.fc36.1.x86_64
+libzstd-1.5.0-2.fc35.x86_64
+libblkid-2.37.2-1.fc36.x86_64
+pcre2-syntax-10.39-1.fc36.noarch
+glibc-2.34.9000-17.fc36.x86_64
+libssh-config-0.9.6-1.fc36.noarch
+xxhash-libs-0.8.0-4.fc35.x86_64
+fedora-release-common-36-0.7.noarch
+perl-srpm-macros-1-42.fc35.noarch
+python3-libs-3.10.0-2.fc36.x86_64
+libssh-0.9.6-1.fc36.x86_64
+gdbm-libs-1.22-1.fc36.x86_64
+filesystem-3.16-1.fc36.x86_64
+lua-srpm-macros-1-5.fc35.noarch
+tzdata-2021a-2.fc35.noarch
+crypto-policies-20210917-1.gitc9d86d1.fc36.noarch
+basesystem-11-12.fc35.noarch
 util-linux-core-2.37.2-1.fc36.x86_64
-libattr-2.5.1-3.fc35.x86_64
-zlib-1.2.11-30.fc35.x86_64
-ed-1.14.2-11.fc35.x86_64
 util-linux-2.37.2-1.fc36.x86_64
-python3-3.10.0-2.fc36.x86_64
-libstdc++-11.2.1-6.fc36.x86_64
-systemd-libs-249.6-2.fc36.x86_64
-elfutils-libs-0.185-5.fc35.x86_64
-perl-srpm-macros-1-42.fc35.noarch
-popt-1.18-6.fc36.x86_64
-pcre2-10.39-1.fc36.x86_64
-libgcc-11.2.1-6.fc36.x86_64
-tar-1.34-2.fc35.x86_64
-fedora-release-identity-basic-36-0.7.noarch
-elfutils-libelf-0.185-5.fc35.x86_64
-fpc-srpm-macros-1.3-4.fc35.noarch
-gnat-srpm-macros-4-14.fc35.noarch
-glibc-minimal-langpack-2.34.9000-17.fc36.x86_64
-dwz-0.14-2.fc35.x86_64
-xxhash-libs-0.8.0-4.fc35.x86_64
-libssh-config-0.9.6-1.fc36.noarch
-libffi-3.1-28.fc34.x86_64
-glibc-gconv-extra-2.34.9000-17.fc36.x86_64
-grep-3.7-1.fc36.x86_64
-libcom_err-1.46.4-1.fc36.x86_64
+gmp-6.2.1-1.fc36.x86_64
+bzip2-libs-1.0.8-10.fc36.x86_64
+libnsl2-1.3.0-4.fc35.x86_64
+p11-kit-0.23.22-4.fc35.x86_64
+audit-libs-3.0.6-1.fc36.x86_64
+go-srpm-macros-3.0.11-2.fc35.noarch
+libverto-0.3.2-2.fc35.x86_64
+rpm-4.17.0-1.fc36.1.x86_64
 libarchive-3.5.2-2.fc36.x86_64
-glibc-2.34.9000-17.fc36.x86_64
-fedora-gpg-keys-36-0.3.noarch
-crypto-policies-20210917-1.gitc9d86d1.fc36.noarch
-fedora-release-common-36-0.7.noarch
-libgomp-11.2.1-6.fc36.x86_64
-publicsuffix-list-dafsa-20210518-2.fc35.noarch
-alternatives-1.19-1.fc35.x86_64
-libacl-2.3.1-2.fc35.x86_64
-info-6.8-2.fc35.x86_64
-libsemanage-3.3-1.fc36.x86_64
-pam-1.5.2-6.fc36.x86_64
+p11-kit-trust-0.23.22-4.fc35.x86_64
+zlib-1.2.11-30.fc35.x86_64
+cyrus-sasl-lib-2.1.27-16.fc36.x86_64
+ocaml-srpm-macros-6-5.fc35.noarch
 gawk-5.1.1-1.fc36.x86_64
-bash-5.1.8-3.fc36.x86_64
-readline-8.1-3.fc35.x86_64
-libutempter-1.2.1-5.fc35.x86_64
-openssl-libs-3.0.0-1.fc36.x86_64
-lua-srpm-macros-1-5.fc35.noarch
-python-pip-wheel-21.3.1-1.fc36.noarch
-bzip2-1.0.8-10.fc36.x86_64
-shadow-utils-4.9-6.fc36.x86_64
 libpsl-0.21.1-4.fc35.x86_64
-sed-4.8-8.fc35.x86_64
-pkgconf-m4-1.8.0-1.fc35.noarch
+efi-srpm-macros-5-4.fc36.noarch
+gdb-minimal-11.1-3.fc36.x86_64
+glibc-minimal-langpack-2.34.9000-17.fc36.x86_64
+glibc-common-2.34.9000-17.fc36.x86_64
+gnat-srpm-macros-4-14.fc35.noarch
+python-pip-wheel-21.3.1-1.fc36.noarch
 unzip-6.0-54.fc36.x86_64
 libtasn1-4.17.0-1.fc36.x86_64
-cyrus-sasl-lib-2.1.27-16.fc36.x86_64
+libtirpc-1.3.2-1.rc1.fc36.x86_64
+pam-1.5.2-6.fc36.x86_64
+libgpg-error-1.43-1.fc36.x86_64
+pcre2-10.39-1.fc36.x86_64
+libgcrypt-1.9.4-1.fc36.x86_64
+fedora-gpg-keys-36-0.3.noarch
+file-libs-5.41-1.fc36.x86_64
+elfutils-debuginfod-client-0.185-5.fc35.x86_64
+rpmautospec-rpm-macros-0.2.5-1.fc35.noarch
+diffutils-3.8-1.fc35.x86_64
+fpc-srpm-macros-1.3-4.fc35.noarch
+fedora-repos-36-0.3.noarch
+libfdisk-2.37.2-1.fc36.x86_64
+dwz-0.14-2.fc35.x86_64
 findutils-4.8.0-4.fc35.x86_64
+libgomp-11.2.1-6.fc36.x86_64
 ghc-srpm-macros-1.5.0-5.fc35.noarch
-bzip2-libs-1.0.8-10.fc36.x86_64
-gdbm-libs-1.22-1.fc36.x86_64
-libverto-0.3.2-2.fc35.x86_64
-cracklib-2.9.6-27.fc36.x86_64
-libfdisk-2.37.2-1.fc36.x86_64
-binutils-2.37-17.fc36.x86_64
+libdb-5.3.28-50.fc36.x86_64
+libpwquality-1.4.4-6.fc36.x86_64
+python3-3.10.0-2.fc36.x86_64
+libuuid-2.37.2-1.fc36.x86_64
+fedora-repos-rawhide-36-0.3.noarch
+xz-5.2.5-7.fc35.x86_64
+debugedit-5.0-2.fc35.x86_64
+libcap-ng-0.8.2-7.fc36.x86_64
+patch-2.7.6-15.fc35.x86_64
+libnghttp2-1.46.0-1.fc36.x86_64
+openldap-2.4.59-4.fc36.x86_64
+file-5.41-1.fc36.x86_64
+libsepol-3.3-1.fc36.x86_64
+pcre-8.45-1.fc36.x86_64
+python-srpm-macros-3.10-13.fc36.noarch
+binutils-gold-2.37-17.fc36.x86_64
+mpfr-4.1.0-8.fc35.x86_64
+kernel-srpm-macros-1.0-6.fc35.noarch
+which-2.21-30.fc36.x86_64
+rpm-libs-4.17.0-1.fc36.1.x86_64
+sqlite-libs-3.36.0-4.fc36.x86_64
+glibc-gconv-extra-2.34.9000-17.fc36.x86_64
+coreutils-9.0-2.fc36.x86_64
+elfutils-0.185-5.fc35.x86_64
+gzip-1.11-1.fc36.x86_64
+libattr-2.5.1-3.fc35.x86_64
+libunistring-0.9.10-14.fc35.x86_64
+libbrotli-1.0.9-6.fc35.x86_64
+pkgconf-1.8.0-1.fc35.x86_64
+rust-srpm-macros-18-2.fc35.noarch
+tar-1.34-2.fc35.x86_64
+libmount-2.37.2-1.fc36.x86_64
+openblas-srpm-macros-2-10.fc35.noarch
+libpkgconf-1.8.0-1.fc35.x86_64
+expat-2.4.1-2.fc35.x86_64
+libsigsegv-2.13-3.fc35.x86_64
+ncurses-base-6.2-8.20210508.fc35.noarch
+fedora-release-identity-basic-36-0.7.noarch
+libgcc-11.2.1-6.fc36.x86_64
+libcom_err-1.46.4-1.fc36.x86_64
+rpm-build-libs-4.17.0-1.fc36.1.x86_64
 Start: buildsrpm
 Start: rpmbuild -bs
 warning: line 79: Possible unexpanded macro in: Requires:       emacs(bin) >= %{_emacs_version}
@@ -1105,18 +1105,18 @@
 Wrote: /builddir/build/SRPMS/Cython-0.29.24-2.fc36.src.rpm
 Finish: rpmbuild -bs
 INFO: chroot_scan: 3 files copied to /var/lib/copr-rpmbuild/results/chroot_scan
-INFO: /var/lib/mock/fedora-rawhide-x86_64-1636474604.424227/root/var/log/dnf.rpm.log
-/var/lib/mock/fedora-rawhide-x86_64-1636474604.424227/root/var/log/dnf.librepo.log
-/var/lib/mock/fedora-rawhide-x86_64-1636474604.424227/root/var/log/dnf.log
+INFO: /var/lib/mock/fedora-rawhide-x86_64-1636475785.591092/root/var/log/dnf.rpm.log
+/var/lib/mock/fedora-rawhide-x86_64-1636475785.591092/root/var/log/dnf.librepo.log
+/var/lib/mock/fedora-rawhide-x86_64-1636475785.591092/root/var/log/dnf.log
 Finish: buildsrpm
-INFO: Done(/var/lib/copr-rpmbuild/workspace/workdir-tkvlfifz/Cython/Cython.spec) Config(child) 1 minutes 12 seconds
+INFO: Done(/var/lib/copr-rpmbuild/workspace/workdir-nfl9otsv/Cython/Cython.spec) Config(child) 1 minutes 12 seconds
 INFO: Results and/or logs in: /var/lib/copr-rpmbuild/results
 INFO: Cleaning up build root ('cleanup_on_success=True')
 Start: clean chroot
 INFO: unmounting tmpfs.
 Finish: clean chroot
 Finish: run
-Running (timeout=18000): unbuffer mock --rebuild /var/lib/copr-rpmbuild/results/Cython-0.29.24-2.fc36.src.rpm --resultdir /var/lib/copr-rpmbuild/results --uniqueext 1636474604.424227 -r /var/lib/copr-rpmbuild/results/configs/child.cfg
+Running (timeout=18000): unbuffer mock --rebuild /var/lib/copr-rpmbuild/results/Cython-0.29.24-2.fc36.src.rpm --resultdir /var/lib/copr-rpmbuild/results --uniqueext 1636475785.591092 -r /var/lib/copr-rpmbuild/results/configs/child.cfg
 INFO: mock.py version 2.12 starting (python version = 3.9.7, NVR = mock-2.12-1.fc34)...
 Start: init plugins
 INFO: tmpfs initialized
@@ -1130,7 +1130,7 @@
 Start: clean chroot
 Finish: clean chroot
 Start: chroot init
-INFO: mounting tmpfs at /var/lib/mock/fedora-rawhide-x86_64-1636474604.424227/root.
+INFO: mounting tmpfs at /var/lib/mock/fedora-rawhide-x86_64-1636475785.591092/root.
 INFO: calling preinit hooks
 INFO: enabled root cache
 Start: unpacking root cache
@@ -1143,9 +1143,9 @@
 INFO: Mock Version: 2.12
 Start: dnf update
 No matches found for the following disable plugin patterns: local, spacewalk, versionlock
-Copr repository                                  69 kB/s | 3.1 kB     00:00    
-Additional repo http_kojipkgs_fedoraproject_org  52 kB/s | 3.8 kB     00:00    
-fedora                                          263 kB/s | 9.3 kB     00:00    
+Copr repository                                  13 kB/s | 3.1 kB     00:00    
+Additional repo http_kojipkgs_fedoraproject_org  69 kB/s | 3.8 kB     00:00    
+fedora                                          197 kB/s | 9.3 kB     00:00    
 Dependencies resolved.
 Nothing to do.
 Complete!
@@ -1159,9 +1159,9 @@
 setting SOURCE_DATE_EPOCH=1635724800
 Wrote: /builddir/build/SRPMS/Cython-0.29.24-2.fc36.src.rpm
 No matches found for the following disable plugin patterns: local, spacewalk, versionlock
-Copr repository                                  71 kB/s | 3.1 kB     00:00    
-Additional repo http_kojipkgs_fedoraproject_org  64 kB/s | 3.8 kB     00:00    
-fedora                                          438 kB/s | 9.3 kB     00:00    
+Copr repository                                  65 kB/s | 3.1 kB     00:00    
+Additional repo http_kojipkgs_fedoraproject_org  44 kB/s | 3.8 kB     00:00    
+fedora                                          435 kB/s | 9.3 kB     00:00    
 Dependencies resolved.
 ==============================================================================================================================
  Package                     Arch    Version              Repository                                                      Size
@@ -1339,171 +1339,171 @@
 Total download size: 172 M
 Installed size: 552 M
 Downloading Packages:
-(1/163): libproxy-0.4.17-3.fc35.x86_64.rpm      774 kB/s |  71 kB     00:00    
-(2/163): python3-packaging-21.2-1.fc36.noarch.r 500 kB/s |  72 kB     00:00    
-(3/163): python3-pyparsing-2.4.7-9.fc36.noarch. 1.7 MB/s | 151 kB     00:00    
-(4/163): python3-devel-3.10.0-2.fc36.x86_64.rpm 1.0 MB/s | 207 kB     00:00    
-(5/163): python3-setuptools-58.2.0-1.fc36.noarc  11 MB/s | 923 kB     00:00    
-(6/163): adwaita-icon-theme-41.0-1.fc36.noarch.  49 MB/s |  11 MB     00:00    
-(7/163): adwaita-cursor-theme-41.0-1.fc36.noarc 2.6 MB/s | 626 kB     00:00    
-(8/163): annobin-docs-10.13-1.fc36.noarch.rpm   2.7 MB/s |  94 kB     00:00    
-(9/163): annobin-plugin-gcc-10.13-1.fc36.x86_64  16 MB/s | 796 kB     00:00    
-(10/163): at-spi2-atk-2.38.0-3.fc35.x86_64.rpm  2.2 MB/s |  86 kB     00:00    
-(11/163): at-spi2-core-2.42.0-1.fc36.x86_64.rpm 7.5 MB/s | 176 kB     00:00    
-(12/163): alsa-lib-1.2.5.1-3.fc36.x86_64.rpm    1.7 MB/s | 491 kB     00:00    
-(13/163): avahi-libs-0.8-14.fc35.x86_64.rpm     2.7 MB/s |  68 kB     00:00    
-(14/163): bubblewrap-0.5.0-1.fc36.x86_64.rpm    1.6 MB/s |  53 kB     00:00    
-(15/163): atk-2.36.0-4.fc35.x86_64.rpm          4.7 MB/s | 269 kB     00:00    
-(16/163): cairo-1.17.4-4.fc35.x86_64.rpm         21 MB/s | 664 kB     00:00    
-(17/163): cairo-gobject-1.17.4-4.fc35.x86_64.rp 793 kB/s |  18 kB     00:00    
-(18/163): cdparanoia-libs-10.2-38.fc36.x86_64.r 2.1 MB/s |  54 kB     00:00    
-(19/163): cups-libs-2.3.3op2-9.fc36.x86_64.rpm   11 MB/s | 270 kB     00:00    
-(20/163): dbus-1.12.20-5.fc36.x86_64.rpm        370 kB/s | 7.4 kB     00:00    
-(21/163): colord-libs-1.4.5-3.fc35.x86_64.rpm   2.8 MB/s | 232 kB     00:00    
-(22/163): dbus-broker-29-4.fc36.x86_64.rpm      7.4 MB/s | 171 kB     00:00    
-(23/163): dbus-common-1.12.20-5.fc36.noarch.rpm 653 kB/s |  14 kB     00:00    
-(24/163): dbus-libs-1.12.20-5.fc36.x86_64.rpm   6.5 MB/s | 152 kB     00:00    
-(25/163): dejavu-sans-mono-fonts-2.37-17.fc35.n  16 MB/s | 466 kB     00:00    
-(26/163): desktop-file-utils-0.26-4.fc35.x86_64 3.2 MB/s |  71 kB     00:00    
-(27/163): emacs-27.2-9.fc35.x86_64.rpm           52 MB/s | 3.3 MB     00:00    
-(28/163): dejavu-sans-fonts-2.37-17.fc35.noarch 3.6 MB/s | 1.3 MB     00:00    
-(29/163): emacs-filesystem-27.2-9.fc35.noarch.r 391 kB/s | 9.0 kB     00:00    
-(30/163): enchant2-2.3.1-1.fc36.x86_64.rpm      1.4 MB/s |  64 kB     00:00    
-(31/163): fontconfig-2.13.94-3.fc35.x86_64.rpm  2.5 MB/s | 272 kB     00:00    
-(32/163): fonts-filesystem-2.0.5-6.fc35.noarch. 350 kB/s | 8.9 kB     00:00    
-(33/163): emacs-common-27.2-9.fc35.x86_64.rpm    59 MB/s |  35 MB     00:00    
-(34/163): freetype-2.11.0-1.fc35.x86_64.rpm     2.3 MB/s | 397 kB     00:00    
-(35/163): fribidi-1.0.11-1.fc36.x86_64.rpm      2.3 MB/s |  52 kB     00:00    
-(36/163): gc-8.0.6-1.fc36.x86_64.rpm            2.7 MB/s | 103 kB     00:00    
-(37/163): gdk-pixbuf2-2.42.6-2.fc35.x86_64.rpm  3.6 MB/s | 467 kB     00:00    
-(38/163): gdk-pixbuf2-modules-2.42.6-2.fc35.x86 1.7 MB/s |  84 kB     00:00    
-(39/163): giflib-5.2.1-8.fc35.x86_64.rpm        1.2 MB/s |  47 kB     00:00    
-(40/163): glib-networking-2.70.0-1.fc36.x86_64. 2.0 MB/s | 175 kB     00:00    
-(41/163): gcc-11.2.1-6.fc36.x86_64.rpm           41 MB/s |  31 MB     00:00    
-(42/163): glibc-devel-2.34.9000-17.fc36.x86_64. 6.7 MB/s | 160 kB     00:00    
-(43/163): glibc-headers-x86-2.34.9000-17.fc36.n  17 MB/s | 558 kB     00:00    
-(44/163): gnutls-3.7.2-2.fc35.x86_64.rpm         26 MB/s | 1.0 MB     00:00    
-(45/163): graphene-1.10.6-3.fc35.x86_64.rpm     2.8 MB/s |  64 kB     00:00    
-(46/163): graphite2-1.3.14-8.fc35.x86_64.rpm    4.8 MB/s |  94 kB     00:00    
-(47/163): cpp-11.2.1-6.fc36.x86_64.rpm          5.6 MB/s |  10 MB     00:01    
-(48/163): gsettings-desktop-schemas-41.0-1.fc36  19 MB/s | 688 kB     00:00    
-(49/163): gstreamer1-plugins-base-1.19.2-1.fc36  29 MB/s | 2.1 MB     00:00    
-(50/163): gtk-update-icon-cache-3.24.30-4.fc36. 1.6 MB/s |  35 kB     00:00    
-(51/163): glib2-2.70.1-1.fc36.x86_64.rpm        3.6 MB/s | 2.6 MB     00:00    
-(52/163): gtk3-3.24.30-4.fc36.x86_64.rpm         32 MB/s | 4.8 MB     00:00    
-(53/163): gstreamer1-1.19.2-1.fc36.x86_64.rpm   4.5 MB/s | 1.4 MB     00:00    
-(54/163): harfbuzz-3.1.1-1.fc36.x86_64.rpm       17 MB/s | 703 kB     00:00    
-(55/163): harfbuzz-icu-3.1.1-1.fc36.x86_64.rpm  583 kB/s |  15 kB     00:00    
-(56/163): hicolor-icon-theme-0.17-11.fc35.noarc 1.5 MB/s |  44 kB     00:00    
-(57/163): hunspell-en-US-0.20140811.1-20.fc35.n 4.7 MB/s | 176 kB     00:00    
-(58/163): hunspell-filesystem-1.7.0-11.fc35.x86 422 kB/s | 7.8 kB     00:00    
-(59/163): hwdata-0.353-1.fc36.noarch.rpm         23 MB/s | 1.5 MB     00:00    
-(60/163): hunspell-1.7.0-11.fc35.x86_64.rpm     2.5 MB/s | 322 kB     00:00    
-(61/163): hyphen-2.8.8-16.fc35.x86_64.rpm       889 kB/s |  29 kB     00:00    
-(62/163): jansson-2.13.1-3.fc35.x86_64.rpm      1.1 MB/s |  44 kB     00:00    
-(63/163): jbigkit-libs-2.1-22.fc35.x86_64.rpm   1.5 MB/s |  52 kB     00:00    
-(64/163): iso-codes-4.8.0-1.fc36.noarch.rpm      25 MB/s | 3.2 MB     00:00    
-(65/163): json-glib-1.6.6-1.fc36.x86_64.rpm     2.3 MB/s | 151 kB     00:00    
-(66/163): langpacks-core-font-en-3.0-15.fc35.no 330 kB/s | 9.9 kB     00:00    
-(67/163): kernel-headers-5.15.0-1.fc36.x86_64.r  13 MB/s | 1.3 MB     00:00    
-(68/163): libICE-1.0.10-7.fc35.x86_64.rpm       3.3 MB/s |  70 kB     00:00    
-(69/163): libSM-1.2.3-9.fc35.x86_64.rpm         1.9 MB/s |  41 kB     00:00    
-(70/163): lcms2-2.12-2.fc35.x86_64.rpm          2.0 MB/s | 167 kB     00:00    
-(71/163): libX11-1.7.2-3.fc35.x86_64.rpm         17 MB/s | 645 kB     00:00    
-(72/163): libX11-xcb-1.7.2-3.fc35.x86_64.rpm    605 kB/s |  11 kB     00:00    
-(73/163): libX11-common-1.7.2-3.fc35.noarch.rpm 2.5 MB/s | 152 kB     00:00    
-(74/163): libXau-1.0.9-7.fc35.x86_64.rpm        1.5 MB/s |  30 kB     00:00    
-(75/163): libXcomposite-0.4.5-6.fc35.x86_64.rpm 678 kB/s |  23 kB     00:00    
-(76/163): libXcursor-1.2.0-6.fc35.x86_64.rpm    1.4 MB/s |  30 kB     00:00    
-(77/163): libXdamage-1.1.5-6.fc35.x86_64.rpm    1.0 MB/s |  22 kB     00:00    
-(78/163): libXaw-1.0.14-1.fc36.x86_64.rpm       2.3 MB/s | 202 kB     00:00    
-(79/163): libXfixes-6.0.0-2.fc35.x86_64.rpm     895 kB/s |  19 kB     00:00    
-(80/163): libXext-1.3.4-7.fc35.x86_64.rpm       1.0 MB/s |  39 kB     00:00    
-(81/163): libXft-2.3.4-1.fc36.x86_64.rpm        1.5 MB/s |  61 kB     00:00    
-(82/163): libXi-1.8-1.fc36.x86_64.rpm           1.0 MB/s |  39 kB     00:00    
-(83/163): libXinerama-1.1.4-9.fc35.x86_64.rpm   439 kB/s |  14 kB     00:00    
-(84/163): libXmu-1.1.3-7.fc35.x86_64.rpm        2.0 MB/s |  74 kB     00:00    
-(85/163): libXpm-3.5.13-6.fc35.x86_64.rpm       2.1 MB/s |  58 kB     00:00    
-(86/163): libXrandr-1.5.2-7.fc35.x86_64.rpm     1.3 MB/s |  27 kB     00:00    
-(87/163): libXrender-0.9.10-15.fc35.x86_64.rpm  817 kB/s |  27 kB     00:00    
-(88/163): libXt-1.2.1-1.fc36.x86_64.rpm         3.7 MB/s | 179 kB     00:00    
-(89/163): libXtst-1.2.3-15.fc35.x86_64.rpm      855 kB/s |  20 kB     00:00    
-(90/163): libXxf86vm-1.1.4-17.fc35.x86_64.rpm   712 kB/s |  18 kB     00:00    
-(91/163): libXv-1.0.11-15.fc35.x86_64.rpm       547 kB/s |  18 kB     00:00    
-(92/163): libcloudproviders-0.3.1-4.fc35.x86_64 1.9 MB/s |  45 kB     00:00    
-(93/163): libdatrie-0.2.13-2.fc35.x86_64.rpm    1.3 MB/s |  32 kB     00:00    
-(94/163): libepoxy-1.5.9-1.fc36.x86_64.rpm      9.5 MB/s | 243 kB     00:00    
-(95/163): libdrm-2.4.107-2.fc35.x86_64.rpm      4.8 MB/s | 162 kB     00:00    
-(96/163): libevdev-1.12.0-1.fc36.x86_64.rpm     1.9 MB/s |  45 kB     00:00    
-(97/163): libevent-2.1.12-5.fc36.x86_64.rpm      10 MB/s | 260 kB     00:00    
-(98/163): libglvnd-egl-1.3.4-2.fc36.x86_64.rpm  1.7 MB/s |  36 kB     00:00    
-(99/163): libglvnd-1.3.4-2.fc36.x86_64.rpm      3.8 MB/s | 135 kB     00:00    
-(100/163): libgudev-237-1.fc36.x86_64.rpm       1.5 MB/s |  35 kB     00:00    
-(101/163): libglvnd-glx-1.3.4-2.fc36.x86_64.rpm 4.2 MB/s | 142 kB     00:00    
-(102/163): libgusb-0.3.8-1.fc36.x86_64.rpm      2.2 MB/s |  51 kB     00:00    
-(103/163): libjpeg-turbo-2.1.1-1.fc36.x86_64.rp 4.2 MB/s | 176 kB     00:00    
-(104/163): liblockfile-1.14-8.fc35.x86_64.rpm   1.1 MB/s |  28 kB     00:00    
-(105/163): libmanette-0.2.6-3.fc35.x86_64.rpm   2.0 MB/s |  49 kB     00:00    
-(106/163): guile22-2.2.7-3.fc35.x86_64.rpm      5.3 MB/s | 6.4 MB     00:01    
-(107/163): libmpc-1.2.1-3.fc35.x86_64.rpm       2.2 MB/s |  62 kB     00:00    
-(108/163): libnotify-0.7.9-5.fc35.x86_64.rpm    1.7 MB/s |  42 kB     00:00    
-(109/163): libogg-1.3.5-2.fc35.x86_64.rpm       1.3 MB/s |  33 kB     00:00    
-(110/163): libotf-0.9.13-19.fc35.x86_64.rpm     2.8 MB/s | 100 kB     00:00    
-(111/163): libpciaccess-0.16-5.fc35.x86_64.rpm  756 kB/s |  27 kB     00:00    
-(112/163): libpng-1.6.37-11.fc35.x86_64.rpm     3.9 MB/s | 119 kB     00:00    
-(113/163): libseccomp-2.5.3-1.fc36.x86_64.rpm   2.9 MB/s |  71 kB     00:00    
-(114/163): libsecret-0.20.4-3.fc35.x86_64.rpm   4.2 MB/s | 157 kB     00:00    
-(115/163): libicu-69.1-2.fc35.x86_64.rpm         33 MB/s | 9.8 MB     00:00    
-(116/163): libstemmer-0-17.585svn.fc35.x86_64.r 2.4 MB/s |  82 kB     00:00    
-(117/163): libsoup-2.74.1-1.fc36.x86_64.rpm     5.9 MB/s | 390 kB     00:00    
-(118/163): libthai-0.1.28-7.fc35.x86_64.rpm     8.5 MB/s | 208 kB     00:00    
-(119/163): libtheora-1.1.1-30.fc35.x86_64.rpm   4.5 MB/s | 163 kB     00:00    
-(120/163): libtiff-4.3.0-2.fc35.x86_64.rpm      7.4 MB/s | 193 kB     00:00    
-(121/163): libtool-ltdl-2.4.6-44.fc36.x86_64.rp 1.7 MB/s |  36 kB     00:00    
-(122/163): libtracker-sparql-3.2.1-1.fc36.x86_6  11 MB/s | 350 kB     00:00    
-(123/163): libunwind-1.5.0-1.fc35.x86_64.rpm    2.2 MB/s |  66 kB     00:00    
-(124/163): libusb1-1.0.24-4.fc35.x86_64.rpm     3.0 MB/s |  71 kB     00:00    
-(125/163): libvisual-0.4.0-33.fc35.x86_64.rpm   4.1 MB/s | 142 kB     00:00    
-(126/163): libvorbis-1.3.7-4.fc35.x86_64.rpm    7.1 MB/s | 192 kB     00:00    
-(127/163): libwayland-client-1.19.0-2.fc35.x86_ 1.3 MB/s |  32 kB     00:00    
-(128/163): libwayland-cursor-1.19.0-2.fc35.x86_ 798 kB/s |  19 kB     00:00    
-(129/163): libwayland-egl-1.19.0-2.fc35.x86_64. 577 kB/s |  12 kB     00:00    
-(130/163): libwayland-server-1.19.0-2.fc35.x86_ 1.8 MB/s |  40 kB     00:00    
-(131/163): librsvg2-2.52.3-1.fc36.x86_64.rpm     11 MB/s | 3.6 MB     00:00    
-(132/163): libwpe-1.12.0-2.fc36.x86_64.rpm      1.0 MB/s |  27 kB     00:00    
-(133/163): libwebp-1.2.1-1.fc36.x86_64.rpm      6.3 MB/s | 278 kB     00:00    
-(134/163): libxcb-1.13.1-8.fc35.x86_64.rpm      6.4 MB/s | 223 kB     00:00    
-(135/163): libxcrypt-devel-4.4.26-4.fc36.x86_64 1.4 MB/s |  29 kB     00:00    
-(136/163): libxshmfence-1.3-9.fc35.x86_64.rpm   416 kB/s |  12 kB     00:00    
-(137/163): libxkbcommon-1.3.1-1.fc36.x86_64.rpm 4.0 MB/s | 140 kB     00:00    
-(138/163): libxslt-1.1.34-6.fc36.x86_64.rpm     4.8 MB/s | 241 kB     00:00    
-(139/163): m17n-lib-1.8.0-11.fc35.x86_64.rpm    6.9 MB/s | 195 kB     00:00    
-(140/163): make-4.3-6.fc35.x86_64.rpm            16 MB/s | 533 kB     00:00    
-(141/163): mesa-libEGL-21.2.5-1.fc36.x86_64.rpm 3.2 MB/s | 120 kB     00:00    
-(142/163): mesa-libGL-21.2.5-1.fc36.x86_64.rpm  5.9 MB/s | 171 kB     00:00    
-(143/163): mesa-libgbm-21.2.5-1.fc36.x86_64.rpm 1.7 MB/s |  43 kB     00:00    
-(144/163): m17n-db-1.8.0-21.fc36.noarch.rpm     6.1 MB/s | 580 kB     00:00    
-(145/163): mesa-libglapi-21.2.5-1.fc36.x86_64.r 2.5 MB/s |  53 kB     00:00    
-(146/163): openjpeg2-2.4.0-4.fc35.x86_64.rpm    5.2 MB/s | 163 kB     00:00    
-(147/163): opus-1.3.1-9.fc35.x86_64.rpm         4.6 MB/s | 200 kB     00:00    
-(148/163): orc-0.4.31-6.fc36.x86_64.rpm         6.6 MB/s | 182 kB     00:00    
-(149/163): nettle-3.7.3-2.fc35.x86_64.rpm       5.5 MB/s | 396 kB     00:00    
-(150/163): pango-1.49.3-1.fc36.x86_64.rpm       9.1 MB/s | 313 kB     00:00    
-(151/163): pyproject-rpm-macros-0-49.fc36.noarc 1.5 MB/s |  36 kB     00:00    
-(152/163): python-rpm-macros-3.10-13.fc36.noarc 848 kB/s |  18 kB     00:00    
-(153/163): pixman-0.40.0-4.fc35.x86_64.rpm      5.0 MB/s | 270 kB     00:00    
-(154/163): python3-rpm-generators-12-10.fc36.no 835 kB/s |  31 kB     00:00    
-(155/163): python3-rpm-macros-3.10-13.fc36.noar 598 kB/s |  15 kB     00:00    
+(1/163): python3-packaging-21.2-1.fc36.noarch.r 1.3 MB/s |  72 kB     00:00    
+(2/163): python3-devel-3.10.0-2.fc36.x86_64.rpm 3.1 MB/s | 207 kB     00:00    
+(3/163): libproxy-0.4.17-3.fc35.x86_64.rpm      1.0 MB/s |  71 kB     00:00    
+(4/163): python3-pyparsing-2.4.7-9.fc36.noarch. 6.4 MB/s | 151 kB     00:00    
+(5/163): python3-setuptools-58.2.0-1.fc36.noarc  23 MB/s | 923 kB     00:00    
+(6/163): adwaita-cursor-theme-41.0-1.fc36.noarc 4.9 MB/s | 626 kB     00:00    
+(7/163): annobin-docs-10.13-1.fc36.noarch.rpm   3.1 MB/s |  94 kB     00:00    
+(8/163): alsa-lib-1.2.5.1-3.fc36.x86_64.rpm     3.8 MB/s | 491 kB     00:00    
+(9/163): at-spi2-atk-2.38.0-3.fc35.x86_64.rpm   2.5 MB/s |  86 kB     00:00    
+(10/163): annobin-plugin-gcc-10.13-1.fc36.x86_6  16 MB/s | 796 kB     00:00    
+(11/163): at-spi2-core-2.42.0-1.fc36.x86_64.rpm 4.6 MB/s | 176 kB     00:00    
+(12/163): atk-2.36.0-4.fc35.x86_64.rpm          7.5 MB/s | 269 kB     00:00    
+(13/163): avahi-libs-0.8-14.fc35.x86_64.rpm     2.9 MB/s |  68 kB     00:00    
+(14/163): bubblewrap-0.5.0-1.fc36.x86_64.rpm    2.1 MB/s |  53 kB     00:00    
+(15/163): cairo-gobject-1.17.4-4.fc35.x86_64.rp 599 kB/s |  18 kB     00:00    
+(16/163): cairo-1.17.4-4.fc35.x86_64.rpm         16 MB/s | 664 kB     00:00    
+(17/163): cdparanoia-libs-10.2-38.fc36.x86_64.r 2.0 MB/s |  54 kB     00:00    
+(18/163): colord-libs-1.4.5-3.fc35.x86_64.rpm   5.7 MB/s | 232 kB     00:00    
+(19/163): adwaita-icon-theme-41.0-1.fc36.noarch  28 MB/s |  11 MB     00:00    
+(20/163): cups-libs-2.3.3op2-9.fc36.x86_64.rpm  4.9 MB/s | 270 kB     00:00    
+(21/163): dbus-1.12.20-5.fc36.x86_64.rpm        277 kB/s | 7.4 kB     00:00    
+(22/163): dbus-broker-29-4.fc36.x86_64.rpm      4.3 MB/s | 171 kB     00:00    
+(23/163): dbus-common-1.12.20-5.fc36.noarch.rpm 562 kB/s |  14 kB     00:00    
+(24/163): dbus-libs-1.12.20-5.fc36.x86_64.rpm   4.3 MB/s | 152 kB     00:00    
+(25/163): dejavu-sans-mono-fonts-2.37-17.fc35.n  12 MB/s | 466 kB     00:00    
+(26/163): dejavu-sans-fonts-2.37-17.fc35.noarch  18 MB/s | 1.3 MB     00:00    
+(27/163): cpp-11.2.1-6.fc36.x86_64.rpm           47 MB/s |  10 MB     00:00    
+(28/163): desktop-file-utils-0.26-4.fc35.x86_64 2.5 MB/s |  71 kB     00:00    
+(29/163): emacs-filesystem-27.2-9.fc35.noarch.r 310 kB/s | 9.0 kB     00:00    
+(30/163): enchant2-2.3.1-1.fc36.x86_64.rpm      1.6 MB/s |  64 kB     00:00    
+(31/163): emacs-27.2-9.fc35.x86_64.rpm           32 MB/s | 3.3 MB     00:00    
+(32/163): fontconfig-2.13.94-3.fc35.x86_64.rpm  6.8 MB/s | 272 kB     00:00    
+(33/163): fonts-filesystem-2.0.5-6.fc35.noarch. 319 kB/s | 8.9 kB     00:00    
+(34/163): freetype-2.11.0-1.fc35.x86_64.rpm      10 MB/s | 397 kB     00:00    
+(35/163): fribidi-1.0.11-1.fc36.x86_64.rpm      1.5 MB/s |  52 kB     00:00    
+(36/163): gc-8.0.6-1.fc36.x86_64.rpm            2.6 MB/s | 103 kB     00:00    
+(37/163): gdk-pixbuf2-2.42.6-2.fc35.x86_64.rpm   12 MB/s | 467 kB     00:00    
+(38/163): gdk-pixbuf2-modules-2.42.6-2.fc35.x86 2.4 MB/s |  84 kB     00:00    
+(39/163): giflib-5.2.1-8.fc35.x86_64.rpm        1.8 MB/s |  47 kB     00:00    
+(40/163): glib-networking-2.70.0-1.fc36.x86_64. 5.4 MB/s | 175 kB     00:00    
+(41/163): glib2-2.70.1-1.fc36.x86_64.rpm         21 MB/s | 2.6 MB     00:00    
+(42/163): glibc-devel-2.34.9000-17.fc36.x86_64. 5.6 MB/s | 160 kB     00:00    
+(43/163): glibc-headers-x86-2.34.9000-17.fc36.n  13 MB/s | 558 kB     00:00    
+(44/163): gnutls-3.7.2-2.fc35.x86_64.rpm         21 MB/s | 1.0 MB     00:00    
+(45/163): graphene-1.10.6-3.fc35.x86_64.rpm     1.8 MB/s |  64 kB     00:00    
+(46/163): graphite2-1.3.14-8.fc35.x86_64.rpm    3.3 MB/s |  94 kB     00:00    
+(47/163): gsettings-desktop-schemas-41.0-1.fc36  15 MB/s | 688 kB     00:00    
+(48/163): gstreamer1-1.19.2-1.fc36.x86_64.rpm    25 MB/s | 1.4 MB     00:00    
+(49/163): gstreamer1-plugins-base-1.19.2-1.fc36  25 MB/s | 2.1 MB     00:00    
+(50/163): gtk-update-icon-cache-3.24.30-4.fc36. 1.3 MB/s |  35 kB     00:00    
+(51/163): emacs-common-27.2-9.fc35.x86_64.rpm    40 MB/s |  35 MB     00:00    
+(52/163): gtk3-3.24.30-4.fc36.x86_64.rpm         27 MB/s | 4.8 MB     00:00    
+(53/163): harfbuzz-3.1.1-1.fc36.x86_64.rpm       16 MB/s | 703 kB     00:00    
+(54/163): harfbuzz-icu-3.1.1-1.fc36.x86_64.rpm  579 kB/s |  15 kB     00:00    
+(55/163): hicolor-icon-theme-0.17-11.fc35.noarc 1.4 MB/s |  44 kB     00:00    
+(56/163): hunspell-1.7.0-11.fc35.x86_64.rpm     9.8 MB/s | 322 kB     00:00    
+(57/163): gcc-11.2.1-6.fc36.x86_64.rpm           30 MB/s |  31 MB     00:01    
+(58/163): guile22-2.2.7-3.fc35.x86_64.rpm        19 MB/s | 6.4 MB     00:00    
+(59/163): hunspell-en-US-0.20140811.1-20.fc35.n 2.4 MB/s | 176 kB     00:00    
+(60/163): hunspell-filesystem-1.7.0-11.fc35.x86 311 kB/s | 7.8 kB     00:00    
+(61/163): hyphen-2.8.8-16.fc35.x86_64.rpm       716 kB/s |  29 kB     00:00    
+(62/163): jansson-2.13.1-3.fc35.x86_64.rpm      1.2 MB/s |  44 kB     00:00    
+(63/163): jbigkit-libs-2.1-22.fc35.x86_64.rpm   1.7 MB/s |  52 kB     00:00    
+(64/163): json-glib-1.6.6-1.fc36.x86_64.rpm     4.4 MB/s | 151 kB     00:00    
+(65/163): hwdata-0.353-1.fc36.noarch.rpm        9.2 MB/s | 1.5 MB     00:00    
+(66/163): langpacks-core-font-en-3.0-15.fc35.no 310 kB/s | 9.9 kB     00:00    
+(67/163): kernel-headers-5.15.0-1.fc36.x86_64.r  21 MB/s | 1.3 MB     00:00    
+(68/163): libICE-1.0.10-7.fc35.x86_64.rpm       2.8 MB/s |  70 kB     00:00    
+(69/163): lcms2-2.12-2.fc35.x86_64.rpm          4.4 MB/s | 167 kB     00:00    
+(70/163): libSM-1.2.3-9.fc35.x86_64.rpm         1.2 MB/s |  41 kB     00:00    
+(71/163): libX11-1.7.2-3.fc35.x86_64.rpm         14 MB/s | 645 kB     00:00    
+(72/163): libX11-common-1.7.2-3.fc35.noarch.rpm 4.5 MB/s | 152 kB     00:00    
+(73/163): libX11-xcb-1.7.2-3.fc35.x86_64.rpm    478 kB/s |  11 kB     00:00    
+(74/163): libXau-1.0.9-7.fc35.x86_64.rpm        1.3 MB/s |  30 kB     00:00    
+(75/163): libXaw-1.0.14-1.fc36.x86_64.rpm       4.9 MB/s | 202 kB     00:00    
+(76/163): libXcomposite-0.4.5-6.fc35.x86_64.rpm 752 kB/s |  23 kB     00:00    
+(77/163): libXcursor-1.2.0-6.fc35.x86_64.rpm    1.1 MB/s |  30 kB     00:00    
+(78/163): libXdamage-1.1.5-6.fc35.x86_64.rpm    621 kB/s |  22 kB     00:00    
+(79/163): libXext-1.3.4-7.fc35.x86_64.rpm       1.6 MB/s |  39 kB     00:00    
+(80/163): iso-codes-4.8.0-1.fc36.noarch.rpm     8.1 MB/s | 3.2 MB     00:00    
+(81/163): libXfixes-6.0.0-2.fc35.x86_64.rpm     611 kB/s |  19 kB     00:00    
+(82/163): libXft-2.3.4-1.fc36.x86_64.rpm        1.9 MB/s |  61 kB     00:00    
+(83/163): libXi-1.8-1.fc36.x86_64.rpm           1.6 MB/s |  39 kB     00:00    
+(84/163): libXinerama-1.1.4-9.fc35.x86_64.rpm   528 kB/s |  14 kB     00:00    
+(85/163): libXmu-1.1.3-7.fc35.x86_64.rpm        2.5 MB/s |  74 kB     00:00    
+(86/163): libXrandr-1.5.2-7.fc35.x86_64.rpm     970 kB/s |  27 kB     00:00    
+(87/163): libXpm-3.5.13-6.fc35.x86_64.rpm       1.4 MB/s |  58 kB     00:00    
+(88/163): libXrender-0.9.10-15.fc35.x86_64.rpm  908 kB/s |  27 kB     00:00    
+(89/163): libXtst-1.2.3-15.fc35.x86_64.rpm      726 kB/s |  20 kB     00:00    
+(90/163): libXt-1.2.1-1.fc36.x86_64.rpm         5.0 MB/s | 179 kB     00:00    
+(91/163): libXv-1.0.11-15.fc35.x86_64.rpm       513 kB/s |  18 kB     00:00    
+(92/163): libXxf86vm-1.1.4-17.fc35.x86_64.rpm   773 kB/s |  18 kB     00:00    
+(93/163): libcloudproviders-0.3.1-4.fc35.x86_64 1.6 MB/s |  45 kB     00:00    
+(94/163): libdatrie-0.2.13-2.fc35.x86_64.rpm    1.1 MB/s |  32 kB     00:00    
+(95/163): libdrm-2.4.107-2.fc35.x86_64.rpm      5.5 MB/s | 162 kB     00:00    
+(96/163): libevdev-1.12.0-1.fc36.x86_64.rpm     1.7 MB/s |  45 kB     00:00    
+(97/163): libepoxy-1.5.9-1.fc36.x86_64.rpm      5.5 MB/s | 243 kB     00:00    
+(98/163): libglvnd-1.3.4-2.fc36.x86_64.rpm      5.5 MB/s | 135 kB     00:00    
+(99/163): libevent-2.1.12-5.fc36.x86_64.rpm     7.0 MB/s | 260 kB     00:00    
+(100/163): libglvnd-egl-1.3.4-2.fc36.x86_64.rpm 1.2 MB/s |  36 kB     00:00    
+(101/163): libgudev-237-1.fc36.x86_64.rpm       1.6 MB/s |  35 kB     00:00    
+(102/163): libgusb-0.3.8-1.fc36.x86_64.rpm      1.9 MB/s |  51 kB     00:00    
+(103/163): libglvnd-glx-1.3.4-2.fc36.x86_64.rpm 2.6 MB/s | 142 kB     00:00    
+(104/163): libjpeg-turbo-2.1.1-1.fc36.x86_64.rp 6.7 MB/s | 176 kB     00:00    
+(105/163): liblockfile-1.14-8.fc35.x86_64.rpm   987 kB/s |  28 kB     00:00    
+(106/163): libmanette-0.2.6-3.fc35.x86_64.rpm   1.7 MB/s |  49 kB     00:00    
+(107/163): libmpc-1.2.1-3.fc35.x86_64.rpm       2.3 MB/s |  62 kB     00:00    
+(108/163): libnotify-0.7.9-5.fc35.x86_64.rpm    1.5 MB/s |  42 kB     00:00    
+(109/163): libogg-1.3.5-2.fc35.x86_64.rpm       1.4 MB/s |  33 kB     00:00    
+(110/163): libotf-0.9.13-19.fc35.x86_64.rpm     3.5 MB/s | 100 kB     00:00    
+(111/163): libpciaccess-0.16-5.fc35.x86_64.rpm  1.3 MB/s |  27 kB     00:00    
+(112/163): libpng-1.6.37-11.fc35.x86_64.rpm     2.7 MB/s | 119 kB     00:00    
+(113/163): libseccomp-2.5.3-1.fc36.x86_64.rpm   2.6 MB/s |  71 kB     00:00    
+(114/163): libsecret-0.20.4-3.fc35.x86_64.rpm   4.9 MB/s | 157 kB     00:00    
+(115/163): libsoup-2.74.1-1.fc36.x86_64.rpm      12 MB/s | 390 kB     00:00    
+(116/163): librsvg2-2.52.3-1.fc36.x86_64.rpm     23 MB/s | 3.6 MB     00:00    
+(117/163): libstemmer-0-17.585svn.fc35.x86_64.r 2.7 MB/s |  82 kB     00:00    
+(118/163): libthai-0.1.28-7.fc35.x86_64.rpm     7.2 MB/s | 208 kB     00:00    
+(119/163): libtheora-1.1.1-30.fc35.x86_64.rpm   3.5 MB/s | 163 kB     00:00    
+(120/163): libtiff-4.3.0-2.fc35.x86_64.rpm      5.0 MB/s | 193 kB     00:00    
+(121/163): libtool-ltdl-2.4.6-44.fc36.x86_64.rp 1.1 MB/s |  36 kB     00:00    
+(122/163): libtracker-sparql-3.2.1-1.fc36.x86_6 8.4 MB/s | 350 kB     00:00    
+(123/163): libunwind-1.5.0-1.fc35.x86_64.rpm    2.3 MB/s |  66 kB     00:00    
+(124/163): libusb1-1.0.24-4.fc35.x86_64.rpm     2.0 MB/s |  71 kB     00:00    
+(125/163): libvisual-0.4.0-33.fc35.x86_64.rpm   2.9 MB/s | 142 kB     00:00    
+(126/163): libvorbis-1.3.7-4.fc35.x86_64.rpm    7.3 MB/s | 192 kB     00:00    
+(127/163): libwayland-client-1.19.0-2.fc35.x86_ 1.1 MB/s |  32 kB     00:00    
+(128/163): libwayland-cursor-1.19.0-2.fc35.x86_ 710 kB/s |  19 kB     00:00    
+(129/163): libwayland-egl-1.19.0-2.fc35.x86_64. 479 kB/s |  12 kB     00:00    
+(130/163): libwayland-server-1.19.0-2.fc35.x86_ 1.6 MB/s |  40 kB     00:00    
+(131/163): libwebp-1.2.1-1.fc36.x86_64.rpm      9.3 MB/s | 278 kB     00:00    
+(132/163): libwpe-1.12.0-2.fc36.x86_64.rpm      899 kB/s |  27 kB     00:00    
+(133/163): libicu-69.1-2.fc35.x86_64.rpm         17 MB/s | 9.8 MB     00:00    
+(134/163): libxcb-1.13.1-8.fc35.x86_64.rpm      7.5 MB/s | 223 kB     00:00    
+(135/163): libxcrypt-devel-4.4.26-4.fc36.x86_64 890 kB/s |  29 kB     00:00    
+(136/163): libxshmfence-1.3-9.fc35.x86_64.rpm   473 kB/s |  12 kB     00:00    
+(137/163): libxkbcommon-1.3.1-1.fc36.x86_64.rpm 4.7 MB/s | 140 kB     00:00    
+(138/163): libxslt-1.1.34-6.fc36.x86_64.rpm     6.6 MB/s | 241 kB     00:00    
+(139/163): m17n-lib-1.8.0-11.fc35.x86_64.rpm    5.5 MB/s | 195 kB     00:00    
+(140/163): m17n-db-1.8.0-21.fc36.noarch.rpm      13 MB/s | 580 kB     00:00    
+(141/163): make-4.3-6.fc35.x86_64.rpm            12 MB/s | 533 kB     00:00    
+(142/163): mesa-libEGL-21.2.5-1.fc36.x86_64.rpm 5.1 MB/s | 120 kB     00:00    
+(143/163): mesa-libGL-21.2.5-1.fc36.x86_64.rpm  6.2 MB/s | 171 kB     00:00    
+(144/163): mesa-libgbm-21.2.5-1.fc36.x86_64.rpm 2.1 MB/s |  43 kB     00:00    
+(145/163): mesa-libglapi-21.2.5-1.fc36.x86_64.r 2.1 MB/s |  53 kB     00:00    
+(146/163): nettle-3.7.3-2.fc35.x86_64.rpm        13 MB/s | 396 kB     00:00    
+(147/163): openjpeg2-2.4.0-4.fc35.x86_64.rpm    5.0 MB/s | 163 kB     00:00    
+(148/163): opus-1.3.1-9.fc35.x86_64.rpm         7.1 MB/s | 200 kB     00:00    
+(149/163): orc-0.4.31-6.fc36.x86_64.rpm         6.8 MB/s | 182 kB     00:00    
+(150/163): pixman-0.40.0-4.fc35.x86_64.rpm      7.6 MB/s | 270 kB     00:00    
+(151/163): pyproject-rpm-macros-0-49.fc36.noarc 1.6 MB/s |  36 kB     00:00    
+(152/163): pango-1.49.3-1.fc36.x86_64.rpm       7.2 MB/s | 313 kB     00:00    
+(153/163): python-rpm-macros-3.10-13.fc36.noarc 791 kB/s |  18 kB     00:00    
+(154/163): python3-rpm-macros-3.10-13.fc36.noar 606 kB/s |  15 kB     00:00    
+(155/163): python3-rpm-generators-12-10.fc36.no 1.0 MB/s |  31 kB     00:00    
 (156/163): shared-mime-info-2.1-3.fc35.x86_64.r  12 MB/s | 373 kB     00:00    
 (157/163): woff2-1.0.2-13.fc35.x86_64.rpm       1.7 MB/s |  61 kB     00:00    
-(158/163): wpebackend-fdo-1.12.0-1.fc36.x86_64. 1.6 MB/s |  47 kB     00:00    
-(159/163): xdg-dbus-proxy-0.1.2-5.fc35.x86_64.r 1.7 MB/s |  41 kB     00:00    
-(160/163): webkit2gtk3-jsc-2.34.1-6.fc36.x86_64  28 MB/s | 6.2 MB     00:00    
-(161/163): xkeyboard-config-2.34-1.fc36.noarch. 6.2 MB/s | 782 kB     00:00    
-(162/163): xml-common-0.6.3-57.fc35.noarch.rpm  1.6 MB/s |  31 kB     00:00    
-(163/163): webkit2gtk3-2.34.1-6.fc36.x86_64.rpm 7.3 MB/s |  14 MB     00:01    
+(158/163): wpebackend-fdo-1.12.0-1.fc36.x86_64. 912 kB/s |  47 kB     00:00    
+(159/163): xdg-dbus-proxy-0.1.2-5.fc35.x86_64.r 1.4 MB/s |  41 kB     00:00    
+(160/163): xkeyboard-config-2.34-1.fc36.noarch.  18 MB/s | 782 kB     00:00    
+(161/163): xml-common-0.6.3-57.fc35.noarch.rpm  1.1 MB/s |  31 kB     00:00    
+(162/163): webkit2gtk3-jsc-2.34.1-6.fc36.x86_64  23 MB/s | 6.2 MB     00:00    
+(163/163): webkit2gtk3-2.34.1-6.fc36.x86_64.rpm  21 MB/s |  14 MB     00:00    
 --------------------------------------------------------------------------------
-Total                                            27 MB/s | 172 MB     00:06     
+Total                                            44 MB/s | 172 MB     00:03     
 Running transaction check
 Transaction check succeeded.
 Running transaction test
@@ -2020,7 +2020,7 @@
 Building target platforms: x86_64
 Building for target x86_64
 setting SOURCE_DATE_EPOCH=1635724800
-Executing(%prep): /bin/sh -e /var/tmp/rpm-tmp.dpCQIh
+Executing(%prep): /bin/sh -e /var/tmp/rpm-tmp.ZWvQ7y
 + umask 022
 + cd /builddir/build/BUILD
 + cd /builddir/build/BUILD
@@ -2035,12 +2035,10 @@
 + /usr/bin/patch -p1 -s --fuzz=0 --no-backup-if-mismatch -f
 + /usr/bin/cat /builddir/build/SOURCES/0001-Backport-Python-3.11-fixes.patch
 + /usr/bin/patch -p1 -s --fuzz=0 --no-backup-if-mismatch -f
-+ /usr/bin/cat /builddir/build/SOURCES/0002-ModuleSetupCode.patch
-+ /usr/bin/patch -p1 -s --fuzz=0 --no-backup-if-mismatch -f
 + RPM_EC=0
 ++ jobs -p
 + exit 0
-Executing(%build): /bin/sh -e /var/tmp/rpm-tmp.wu8ar5
+Executing(%build): /bin/sh -e /var/tmp/rpm-tmp.WoAA78
 + umask 022
 + cd /builddir/build/BUILD
 + cd cython-0.29.24
@@ -2345,7 +2343,6 @@
 copying Cython/Utility/CppConvert.pyx -> build/lib.linux-x86_64-3.10/Cython/Utility
 copying Cython/Utility/CpdefEnums.pyx -> build/lib.linux-x86_64-3.10/Cython/Utility
 copying Cython/Utility/CConvert.pyx -> build/lib.linux-x86_64-3.10/Cython/Utility
-copying Cython/Utility/ModuleSetupCode.c -> build/lib.linux-x86_64-3.10/Cython/Utility
 copying Cython/Utility/ObjectHandling.c -> build/lib.linux-x86_64-3.10/Cython/Utility
 copying Cython/Utility/Coroutine.c -> build/lib.linux-x86_64-3.10/Cython/Utility
 copying Cython/Utility/TypeConversion.c -> build/lib.linux-x86_64-3.10/Cython/Utility
@@ -2355,6 +2352,7 @@
 copying Cython/Utility/Printing.c -> build/lib.linux-x86_64-3.10/Cython/Utility
 copying Cython/Utility/Overflow.c -> build/lib.linux-x86_64-3.10/Cython/Utility
 copying Cython/Utility/Optimize.c -> build/lib.linux-x86_64-3.10/Cython/Utility
+copying Cython/Utility/ModuleSetupCode.c -> build/lib.linux-x86_64-3.10/Cython/Utility
 copying Cython/Utility/MemoryView_C.c -> build/lib.linux-x86_64-3.10/Cython/Utility
 copying Cython/Utility/ImportExport.c -> build/lib.linux-x86_64-3.10/Cython/Utility
 copying Cython/Utility/FunctionArguments.c -> build/lib.linux-x86_64-3.10/Cython/Utility
@@ -2397,295 +2395,635 @@
 creating build/temp.linux-x86_64-3.10/builddir/build/BUILD/cython-0.29.24/Cython
 creating build/temp.linux-x86_64-3.10/builddir/build/BUILD/cython-0.29.24/Cython/Plex
 gcc -Wno-unused-result -Wsign-compare -DDYNAMIC_ANNOTATIONS_ENABLED=1 -DNDEBUG -O2 -fexceptions -g -grecord-gcc-switches -pipe -Wall -Werror=format-security -Wp,-D_FORTIFY_SOURCE=2 -Wp,-D_GLIBCXX_ASSERTIONS -fstack-protector-strong -m64 -mtune=generic -fasynchronous-unwind-tables -fstack-clash-protection -fcf-protection -D_GNU_SOURCE -fPIC -fwrapv -O2 -fexceptions -g -grecord-gcc-switches -pipe -Wall -Werror=format-security -Wp,-D_FORTIFY_SOURCE=2 -Wp,-D_GLIBCXX_ASSERTIONS -fstack-protector-strong -m64 -mtune=generic -fasynchronous-unwind-tables -fstack-clash-protection -fcf-protection -D_GNU_SOURCE -fPIC -fwrapv -O2 -fexceptions -g -grecord-gcc-switches -pipe -Wall -Werror=format-security -Wp,-D_FORTIFY_SOURCE=2 -Wp,-D_GLIBCXX_ASSERTIONS -fstack-protector-strong -m64 -mtune=generic -fasynchronous-unwind-tables -fstack-clash-protection -fcf-protection -D_GNU_SOURCE -fPIC -fwrapv -O2 -flto=auto -ffat-lto-objects -fexceptions -g -grecord-gcc-switches -pipe -Wall -Werror=format-security -Wp,-D_FORTIFY_SOURCE=2 -Wp,-D_GLIBCXX_ASSERTIONS -specs=/usr/lib/rpm/redhat/redhat-hardened-cc1 -fstack-protector-strong -specs=/usr/lib/rpm/redhat/redhat-annobin-cc1 -m64 -mtune=generic -fasynchronous-unwind-tables -fstack-clash-protection -fcf-protection -fPIC -I/usr/include/python3.10 -c /builddir/build/BUILD/cython-0.29.24/Cython/Plex/Scanners.c -o build/temp.linux-x86_64-3.10/builddir/build/BUILD/cython-0.29.24/Cython/Plex/Scanners.o
-/builddir/build/BUILD/cython-0.29.24/Cython/Plex/Scanners.c: In function __Pyx_InitCachedConstants:
-/usr/include/python3.10/cpython/code.h:67:25: warning: passing argument 6 of PyCode_New makes pointer from integer without a cast [-Wint-conversion]
-   67 | #define CO_OPTIMIZED    0x0001
-      |                         ^
-      |                         |
-      |                         int
-/builddir/build/BUILD/cython-0.29.24/Cython/Plex/Scanners.c:393:37: note: in definition of macro __Pyx_PyCode_New
-  393 |           PyCode_New(a, 0, k, l, s, f, code, c, n, v, fv, cell, fn, name, fline, lnos)
-      |                                     ^
-/builddir/build/BUILD/cython-0.29.24/Cython/Plex/Scanners.c:7435:62: note: in expansion of macro CO_OPTIMIZED
- 7435 |   __pyx_codeobj__6 = (PyObject*)__Pyx_PyCode_New(1, 0, 1, 0, CO_OPTIMIZED|CO_NEWLOCALS, __pyx_empty_bytes, __pyx_empty_tuple, __pyx_empty_tuple, __pyx_tuple__5, __pyx_empty_tuple, __pyx_empty_tuple, __pyx_kp_s_Cython_Plex_Scanners_py, __pyx_n_s_read, 113, __pyx_empty_bytes); if (unlikely(!__pyx_codeobj__6)) __PYX_ERR(0, 113, __pyx_L1_error)
-      |                                                              ^~~~~~~~~~~~
-In file included from /usr/include/python3.10/code.h:13,
-                 from /usr/include/python3.10/Python.h:116,
-                 from /builddir/build/BUILD/cython-0.29.24/Cython/Plex/Scanners.c:21:
-/usr/include/python3.10/cpython/code.h:118:34: note: expected PyObject * {aka struct _object *} but argument is of type int
-  118 |         int, int, int, int, int, PyObject *, PyObject *,
-      |                                  ^~~~~~~~~~
-/builddir/build/BUILD/cython-0.29.24/Cython/Plex/Scanners.c:7435:236: warning: passing argument 14 of PyCode_New makes integer from pointer without a cast [-Wint-conversion]
- 7435 |   __pyx_codeobj__6 = (PyObject*)__Pyx_PyCode_New(1, 0, 1, 0, CO_OPTIMIZED|CO_NEWLOCALS, __pyx_empty_bytes, __pyx_empty_tuple, __pyx_empty_tuple, __pyx_tuple__5, __pyx_empty_tuple, __pyx_empty_tuple, __pyx_kp_s_Cython_Plex_Scanners_py, __pyx_n_s_read, 113, __pyx_empty_bytes); if (unlikely(!__pyx_codeobj__6)) __PYX_ERR(0, 113, __pyx_L1_error)
-      |                                                                                                                                                                                                                                            ^~~~~~~~~~~~~~
-      |                                                                                                                                                                                                                                            |
-      |                                                                                                                                                                                                                                            PyObject * {aka struct _object *}
-/builddir/build/BUILD/cython-0.29.24/Cython/Plex/Scanners.c:393:69: note: in definition of macro __Pyx_PyCode_New
-  393 |           PyCode_New(a, 0, k, l, s, f, code, c, n, v, fv, cell, fn, name, fline, lnos)
-      |                                                                     ^~~~
-In file included from /usr/include/python3.10/code.h:13,
-                 from /usr/include/python3.10/Python.h:116,
-                 from /builddir/build/BUILD/cython-0.29.24/Cython/Plex/Scanners.c:21:
-/usr/include/python3.10/cpython/code.h:120:33: note: expected int but argument is of type PyObject * {aka struct _object *}
-  120 |         PyObject *, PyObject *, int, PyObject *);
-      |                                 ^~~
-/builddir/build/BUILD/cython-0.29.24/Cython/Plex/Scanners.c:7435:252: warning: passing argument 15 of PyCode_New makes pointer from integer without a cast [-Wint-conversion]
- 7435 |   __pyx_codeobj__6 = (PyObject*)__Pyx_PyCode_New(1, 0, 1, 0, CO_OPTIMIZED|CO_NEWLOCALS, __pyx_empty_bytes, __pyx_empty_tuple, __pyx_empty_tuple, __pyx_tuple__5, __pyx_empty_tuple, __pyx_empty_tuple, __pyx_kp_s_Cython_Plex_Scanners_py, __pyx_n_s_read, 113, __pyx_empty_bytes); if (unlikely(!__pyx_codeobj__6)) __PYX_ERR(0, 113, __pyx_L1_error)
-      |                                                                                                                                                                                                                                                            ^~~
-      |                                                                                                                                                                                                                                                            |
-      |                                                                                                                                                                                                                                                            int
-/builddir/build/BUILD/cython-0.29.24/Cython/Plex/Scanners.c:393:75: note: in definition of macro __Pyx_PyCode_New
-  393 |           PyCode_New(a, 0, k, l, s, f, code, c, n, v, fv, cell, fn, name, fline, lnos)
-      |                                                                           ^~~~~
-In file included from /usr/include/python3.10/code.h:13,
-                 from /usr/include/python3.10/Python.h:116,
-                 from /builddir/build/BUILD/cython-0.29.24/Cython/Plex/Scanners.c:21:
-/usr/include/python3.10/cpython/code.h:120:38: note: expected PyObject * {aka struct _object *} but argument is of type int
-  120 |         PyObject *, PyObject *, int, PyObject *);
-      |                                      ^~~~~~~~~~
-/builddir/build/BUILD/cython-0.29.24/Cython/Plex/Scanners.c:393:11: error: too many arguments to function PyCode_New
-  393 |           PyCode_New(a, 0, k, l, s, f, code, c, n, v, fv, cell, fn, name, fline, lnos)
-      |           ^~~~~~~~~~
-/builddir/build/BUILD/cython-0.29.24/Cython/Plex/Scanners.c:7435:33: note: in expansion of macro __Pyx_PyCode_New
- 7435 |   __pyx_codeobj__6 = (PyObject*)__Pyx_PyCode_New(1, 0, 1, 0, CO_OPTIMIZED|CO_NEWLOCALS, __pyx_empty_bytes, __pyx_empty_tuple, __pyx_empty_tuple, __pyx_tuple__5, __pyx_empty_tuple, __pyx_empty_tuple, __pyx_kp_s_Cython_Plex_Scanners_py, __pyx_n_s_read, 113, __pyx_empty_bytes); if (unlikely(!__pyx_codeobj__6)) __PYX_ERR(0, 113, __pyx_L1_error)
-      |                                 ^~~~~~~~~~~~~~~~
-In file included from /usr/include/python3.10/code.h:13,
-                 from /usr/include/python3.10/Python.h:116,
-                 from /builddir/build/BUILD/cython-0.29.24/Cython/Plex/Scanners.c:21:
-/usr/include/python3.10/cpython/code.h:117:28: note: declared here
-  117 | PyAPI_FUNC(PyCodeObject *) PyCode_New(
-      |                            ^~~~~~~~~~
-/usr/include/python3.10/cpython/code.h:67:25: warning: passing argument 6 of PyCode_New makes pointer from integer without a cast [-Wint-conversion]
-   67 | #define CO_OPTIMIZED    0x0001
-      |                         ^
-      |                         |
-      |                         int
-/builddir/build/BUILD/cython-0.29.24/Cython/Plex/Scanners.c:393:37: note: in definition of macro __Pyx_PyCode_New
-  393 |           PyCode_New(a, 0, k, l, s, f, code, c, n, v, fv, cell, fn, name, fline, lnos)
-      |                                     ^
-/builddir/build/BUILD/cython-0.29.24/Cython/Plex/Scanners.c:7447:62: note: in expansion of macro CO_OPTIMIZED
- 7447 |   __pyx_codeobj__8 = (PyObject*)__Pyx_PyCode_New(1, 0, 1, 0, CO_OPTIMIZED|CO_NEWLOCALS, __pyx_empty_bytes, __pyx_empty_tuple, __pyx_empty_tuple, __pyx_tuple__7, __pyx_empty_tuple, __pyx_empty_tuple, __pyx_kp_s_Cython_Plex_Scanners_py, __pyx_n_s_position, 297, __pyx_empty_bytes); if (unlikely(!__pyx_codeobj__8)) __PYX_ERR(0, 297, __pyx_L1_error)
-      |                                                              ^~~~~~~~~~~~
-In file included from /usr/include/python3.10/code.h:13,
-                 from /usr/include/python3.10/Python.h:116,
-                 from /builddir/build/BUILD/cython-0.29.24/Cython/Plex/Scanners.c:21:
-/usr/include/python3.10/cpython/code.h:118:34: note: expected PyObject * {aka struct _object *} but argument is of type int
-  118 |         int, int, int, int, int, PyObject *, PyObject *,
-      |                                  ^~~~~~~~~~
-/builddir/build/BUILD/cython-0.29.24/Cython/Plex/Scanners.c:7447:236: warning: passing argument 14 of PyCode_New makes integer from pointer without a cast [-Wint-conversion]
- 7447 |   __pyx_codeobj__8 = (PyObject*)__Pyx_PyCode_New(1, 0, 1, 0, CO_OPTIMIZED|CO_NEWLOCALS, __pyx_empty_bytes, __pyx_empty_tuple, __pyx_empty_tuple, __pyx_tuple__7, __pyx_empty_tuple, __pyx_empty_tuple, __pyx_kp_s_Cython_Plex_Scanners_py, __pyx_n_s_position, 297, __pyx_empty_bytes); if (unlikely(!__pyx_codeobj__8)) __PYX_ERR(0, 297, __pyx_L1_error)
-      |                                                                                                                                                                                                                                            ^~~~~~~~~~~~~~~~~~
-      |                                                                                                                                                                                                                                            |
-      |                                                                                                                                                                                                                                            PyObject * {aka struct _object *}
-/builddir/build/BUILD/cython-0.29.24/Cython/Plex/Scanners.c:393:69: note: in definition of macro __Pyx_PyCode_New
-  393 |           PyCode_New(a, 0, k, l, s, f, code, c, n, v, fv, cell, fn, name, fline, lnos)
-      |                                                                     ^~~~
-In file included from /usr/include/python3.10/code.h:13,
-                 from /usr/include/python3.10/Python.h:116,
-                 from /builddir/build/BUILD/cython-0.29.24/Cython/Plex/Scanners.c:21:
-/usr/include/python3.10/cpython/code.h:120:33: note: expected int but argument is of type PyObject * {aka struct _object *}
-  120 |         PyObject *, PyObject *, int, PyObject *);
-      |                                 ^~~
-/builddir/build/BUILD/cython-0.29.24/Cython/Plex/Scanners.c:7447:256: warning: passing argument 15 of PyCode_New makes pointer from integer without a cast [-Wint-conversion]
- 7447 |   __pyx_codeobj__8 = (PyObject*)__Pyx_PyCode_New(1, 0, 1, 0, CO_OPTIMIZED|CO_NEWLOCALS, __pyx_empty_bytes, __pyx_empty_tuple, __pyx_empty_tuple, __pyx_tuple__7, __pyx_empty_tuple, __pyx_empty_tuple, __pyx_kp_s_Cython_Plex_Scanners_py, __pyx_n_s_position, 297, __pyx_empty_bytes); if (unlikely(!__pyx_codeobj__8)) __PYX_ERR(0, 297, __pyx_L1_error)
-      |                                                                                                                                                                                                                                                                ^~~
-      |                                                                                                                                                                                                                                                                |
-      |                                                                                                                                                                                                                                                                int
-/builddir/build/BUILD/cython-0.29.24/Cython/Plex/Scanners.c:393:75: note: in definition of macro __Pyx_PyCode_New
-  393 |           PyCode_New(a, 0, k, l, s, f, code, c, n, v, fv, cell, fn, name, fline, lnos)
-      |                                                                           ^~~~~
-In file included from /usr/include/python3.10/code.h:13,
-                 from /usr/include/python3.10/Python.h:116,
-                 from /builddir/build/BUILD/cython-0.29.24/Cython/Plex/Scanners.c:21:
-/usr/include/python3.10/cpython/code.h:120:38: note: expected PyObject * {aka struct _object *} but argument is of type int
-  120 |         PyObject *, PyObject *, int, PyObject *);
-      |                                      ^~~~~~~~~~
-/builddir/build/BUILD/cython-0.29.24/Cython/Plex/Scanners.c:393:11: error: too many arguments to function PyCode_New
-  393 |           PyCode_New(a, 0, k, l, s, f, code, c, n, v, fv, cell, fn, name, fline, lnos)
-      |           ^~~~~~~~~~
-/builddir/build/BUILD/cython-0.29.24/Cython/Plex/Scanners.c:7447:33: note: in expansion of macro __Pyx_PyCode_New
- 7447 |   __pyx_codeobj__8 = (PyObject*)__Pyx_PyCode_New(1, 0, 1, 0, CO_OPTIMIZED|CO_NEWLOCALS, __pyx_empty_bytes, __pyx_empty_tuple, __pyx_empty_tuple, __pyx_tuple__7, __pyx_empty_tuple, __pyx_empty_tuple, __pyx_kp_s_Cython_Plex_Scanners_py, __pyx_n_s_position, 297, __pyx_empty_bytes); if (unlikely(!__pyx_codeobj__8)) __PYX_ERR(0, 297, __pyx_L1_error)
-      |                                 ^~~~~~~~~~~~~~~~
-In file included from /usr/include/python3.10/code.h:13,
-                 from /usr/include/python3.10/Python.h:116,
-                 from /builddir/build/BUILD/cython-0.29.24/Cython/Plex/Scanners.c:21:
-/usr/include/python3.10/cpython/code.h:117:28: note: declared here
-  117 | PyAPI_FUNC(PyCodeObject *) PyCode_New(
-      |                            ^~~~~~~~~~
-/usr/include/python3.10/cpython/code.h:67:25: warning: passing argument 6 of PyCode_New makes pointer from integer without a cast [-Wint-conversion]
-   67 | #define CO_OPTIMIZED    0x0001
-      |                         ^
-      |                         |
-      |                         int
-/builddir/build/BUILD/cython-0.29.24/Cython/Plex/Scanners.c:393:37: note: in definition of macro __Pyx_PyCode_New
-  393 |           PyCode_New(a, 0, k, l, s, f, code, c, n, v, fv, cell, fn, name, fline, lnos)
-      |                                     ^
-/builddir/build/BUILD/cython-0.29.24/Cython/Plex/Scanners.c:7459:63: note: in expansion of macro CO_OPTIMIZED
- 7459 |   __pyx_codeobj__10 = (PyObject*)__Pyx_PyCode_New(1, 0, 1, 0, CO_OPTIMIZED|CO_NEWLOCALS, __pyx_empty_bytes, __pyx_empty_tuple, __pyx_empty_tuple, __pyx_tuple__9, __pyx_empty_tuple, __pyx_empty_tuple, __pyx_kp_s_Cython_Plex_Scanners_py, __pyx_n_s_get_position, 308, __pyx_empty_bytes); if (unlikely(!__pyx_codeobj__10)) __PYX_ERR(0, 308, __pyx_L1_error)
-      |                                                               ^~~~~~~~~~~~
-In file included from /usr/include/python3.10/code.h:13,
-                 from /usr/include/python3.10/Python.h:116,
-                 from /builddir/build/BUILD/cython-0.29.24/Cython/Plex/Scanners.c:21:
-/usr/include/python3.10/cpython/code.h:118:34: note: expected PyObject * {aka struct _object *} but argument is of type int
-  118 |         int, int, int, int, int, PyObject *, PyObject *,
-      |                                  ^~~~~~~~~~
-/builddir/build/BUILD/cython-0.29.24/Cython/Plex/Scanners.c:7459:237: warning: passing argument 14 of PyCode_New makes integer from pointer without a cast [-Wint-conversion]
- 7459 |   __pyx_codeobj__10 = (PyObject*)__Pyx_PyCode_New(1, 0, 1, 0, CO_OPTIMIZED|CO_NEWLOCALS, __pyx_empty_bytes, __pyx_empty_tuple, __pyx_empty_tuple, __pyx_tuple__9, __pyx_empty_tuple, __pyx_empty_tuple, __pyx_kp_s_Cython_Plex_Scanners_py, __pyx_n_s_get_position, 308, __pyx_empty_bytes); if (unlikely(!__pyx_codeobj__10)) __PYX_ERR(0, 308, __pyx_L1_error)
-      |                                                                                                                                                                                                                                             ^~~~~~~~~~~~~~~~~~~~~~
-      |                                                                                                                                                                                                                                             |
-      |                                                                                                                                                                                                                                             PyObject * {aka struct _object *}
-/builddir/build/BUILD/cython-0.29.24/Cython/Plex/Scanners.c:393:69: note: in definition of macro __Pyx_PyCode_New
-  393 |           PyCode_New(a, 0, k, l, s, f, code, c, n, v, fv, cell, fn, name, fline, lnos)
-      |                                                                     ^~~~
-In file included from /usr/include/python3.10/code.h:13,
-                 from /usr/include/python3.10/Python.h:116,
-                 from /builddir/build/BUILD/cython-0.29.24/Cython/Plex/Scanners.c:21:
-/usr/include/python3.10/cpython/code.h:120:33: note: expected int but argument is of type PyObject * {aka struct _object *}
-  120 |         PyObject *, PyObject *, int, PyObject *);
-      |                                 ^~~
-/builddir/build/BUILD/cython-0.29.24/Cython/Plex/Scanners.c:7459:261: warning: passing argument 15 of PyCode_New makes pointer from integer without a cast [-Wint-conversion]
- 7459 |   __pyx_codeobj__10 = (PyObject*)__Pyx_PyCode_New(1, 0, 1, 0, CO_OPTIMIZED|CO_NEWLOCALS, __pyx_empty_bytes, __pyx_empty_tuple, __pyx_empty_tuple, __pyx_tuple__9, __pyx_empty_tuple, __pyx_empty_tuple, __pyx_kp_s_Cython_Plex_Scanners_py, __pyx_n_s_get_position, 308, __pyx_empty_bytes); if (unlikely(!__pyx_codeobj__10)) __PYX_ERR(0, 308, __pyx_L1_error)
-      |                                                                                                                                                                                                                                                                     ^~~
-      |                                                                                                                                                                                                                                                                     |
-      |                                                                                                                                                                                                                                                                     int
-/builddir/build/BUILD/cython-0.29.24/Cython/Plex/Scanners.c:393:75: note: in definition of macro __Pyx_PyCode_New
-  393 |           PyCode_New(a, 0, k, l, s, f, code, c, n, v, fv, cell, fn, name, fline, lnos)
-      |                                                                           ^~~~~
-In file included from /usr/include/python3.10/code.h:13,
-                 from /usr/include/python3.10/Python.h:116,
-                 from /builddir/build/BUILD/cython-0.29.24/Cython/Plex/Scanners.c:21:
-/usr/include/python3.10/cpython/code.h:120:38: note: expected PyObject * {aka struct _object *} but argument is of type int
-  120 |         PyObject *, PyObject *, int, PyObject *);
-      |                                      ^~~~~~~~~~
-/builddir/build/BUILD/cython-0.29.24/Cython/Plex/Scanners.c:393:11: error: too many arguments to function PyCode_New
-  393 |           PyCode_New(a, 0, k, l, s, f, code, c, n, v, fv, cell, fn, name, fline, lnos)
-      |           ^~~~~~~~~~
-/builddir/build/BUILD/cython-0.29.24/Cython/Plex/Scanners.c:7459:34: note: in expansion of macro __Pyx_PyCode_New
- 7459 |   __pyx_codeobj__10 = (PyObject*)__Pyx_PyCode_New(1, 0, 1, 0, CO_OPTIMIZED|CO_NEWLOCALS, __pyx_empty_bytes, __pyx_empty_tuple, __pyx_empty_tuple, __pyx_tuple__9, __pyx_empty_tuple, __pyx_empty_tuple, __pyx_kp_s_Cython_Plex_Scanners_py, __pyx_n_s_get_position, 308, __pyx_empty_bytes); if (unlikely(!__pyx_codeobj__10)) __PYX_ERR(0, 308, __pyx_L1_error)
-      |                                  ^~~~~~~~~~~~~~~~
-In file included from /usr/include/python3.10/code.h:13,
-                 from /usr/include/python3.10/Python.h:116,
-                 from /builddir/build/BUILD/cython-0.29.24/Cython/Plex/Scanners.c:21:
-/usr/include/python3.10/cpython/code.h:117:28: note: declared here
-  117 | PyAPI_FUNC(PyCodeObject *) PyCode_New(
-      |                            ^~~~~~~~~~
-/usr/include/python3.10/cpython/code.h:67:25: warning: passing argument 6 of PyCode_New makes pointer from integer without a cast [-Wint-conversion]
-   67 | #define CO_OPTIMIZED    0x0001
-      |                         ^
-      |                         |
-      |                         int
-/builddir/build/BUILD/cython-0.29.24/Cython/Plex/Scanners.c:393:37: note: in definition of macro __Pyx_PyCode_New
-  393 |           PyCode_New(a, 0, k, l, s, f, code, c, n, v, fv, cell, fn, name, fline, lnos)
-      |                                     ^
-/builddir/build/BUILD/cython-0.29.24/Cython/Plex/Scanners.c:7471:63: note: in expansion of macro CO_OPTIMIZED
- 7471 |   __pyx_codeobj__12 = (PyObject*)__Pyx_PyCode_New(1, 0, 1, 0, CO_OPTIMIZED|CO_NEWLOCALS, __pyx_empty_bytes, __pyx_empty_tuple, __pyx_empty_tuple, __pyx_tuple__11, __pyx_empty_tuple, __pyx_empty_tuple, __pyx_kp_s_Cython_Plex_Scanners_py, __pyx_n_s_eof, 334, __pyx_empty_bytes); if (unlikely(!__pyx_codeobj__12)) __PYX_ERR(0, 334, __pyx_L1_error)
-      |                                                               ^~~~~~~~~~~~
-In file included from /usr/include/python3.10/code.h:13,
-                 from /usr/include/python3.10/Python.h:116,
-                 from /builddir/build/BUILD/cython-0.29.24/Cython/Plex/Scanners.c:21:
-/usr/include/python3.10/cpython/code.h:118:34: note: expected PyObject * {aka struct _object *} but argument is of type int
-  118 |         int, int, int, int, int, PyObject *, PyObject *,
-      |                                  ^~~~~~~~~~
-/builddir/build/BUILD/cython-0.29.24/Cython/Plex/Scanners.c:7471:238: warning: passing argument 14 of PyCode_New makes integer from pointer without a cast [-Wint-conversion]
- 7471 |   __pyx_codeobj__12 = (PyObject*)__Pyx_PyCode_New(1, 0, 1, 0, CO_OPTIMIZED|CO_NEWLOCALS, __pyx_empty_bytes, __pyx_empty_tuple, __pyx_empty_tuple, __pyx_tuple__11, __pyx_empty_tuple, __pyx_empty_tuple, __pyx_kp_s_Cython_Plex_Scanners_py, __pyx_n_s_eof, 334, __pyx_empty_bytes); if (unlikely(!__pyx_codeobj__12)) __PYX_ERR(0, 334, __pyx_L1_error)
-      |                                                                                                                                                                                                                                              ^~~~~~~~~~~~~
-      |                                                                                                                                                                                                                                              |
-      |                                                                                                                                                                                                                                              PyObject * {aka struct _object *}
-/builddir/build/BUILD/cython-0.29.24/Cython/Plex/Scanners.c:393:69: note: in definition of macro __Pyx_PyCode_New
-  393 |           PyCode_New(a, 0, k, l, s, f, code, c, n, v, fv, cell, fn, name, fline, lnos)
-      |                                                                     ^~~~
-In file included from /usr/include/python3.10/code.h:13,
-                 from /usr/include/python3.10/Python.h:116,
-                 from /builddir/build/BUILD/cython-0.29.24/Cython/Plex/Scanners.c:21:
-/usr/include/python3.10/cpython/code.h:120:33: note: expected int but argument is of type PyObject * {aka struct _object *}
-  120 |         PyObject *, PyObject *, int, PyObject *);
-      |                                 ^~~
-/builddir/build/BUILD/cython-0.29.24/Cython/Plex/Scanners.c:7471:253: warning: passing argument 15 of PyCode_New makes pointer from integer without a cast [-Wint-conversion]
- 7471 |   __pyx_codeobj__12 = (PyObject*)__Pyx_PyCode_New(1, 0, 1, 0, CO_OPTIMIZED|CO_NEWLOCALS, __pyx_empty_bytes, __pyx_empty_tuple, __pyx_empty_tuple, __pyx_tuple__11, __pyx_empty_tuple, __pyx_empty_tuple, __pyx_kp_s_Cython_Plex_Scanners_py, __pyx_n_s_eof, 334, __pyx_empty_bytes); if (unlikely(!__pyx_codeobj__12)) __PYX_ERR(0, 334, __pyx_L1_error)
-      |                                                                                                                                                                                                                                                             ^~~
-      |                                                                                                                                                                                                                                                             |
-      |                                                                                                                                                                                                                                                             int
-/builddir/build/BUILD/cython-0.29.24/Cython/Plex/Scanners.c:393:75: note: in definition of macro __Pyx_PyCode_New
-  393 |           PyCode_New(a, 0, k, l, s, f, code, c, n, v, fv, cell, fn, name, fline, lnos)
-      |                                                                           ^~~~~
-In file included from /usr/include/python3.10/code.h:13,
-                 from /usr/include/python3.10/Python.h:116,
-                 from /builddir/build/BUILD/cython-0.29.24/Cython/Plex/Scanners.c:21:
-/usr/include/python3.10/cpython/code.h:120:38: note: expected PyObject * {aka struct _object *} but argument is of type int
-  120 |         PyObject *, PyObject *, int, PyObject *);
-      |                                      ^~~~~~~~~~
-/builddir/build/BUILD/cython-0.29.24/Cython/Plex/Scanners.c:393:11: error: too many arguments to function PyCode_New
-  393 |           PyCode_New(a, 0, k, l, s, f, code, c, n, v, fv, cell, fn, name, fline, lnos)
-      |           ^~~~~~~~~~
-/builddir/build/BUILD/cython-0.29.24/Cython/Plex/Scanners.c:7471:34: note: in expansion of macro __Pyx_PyCode_New
- 7471 |   __pyx_codeobj__12 = (PyObject*)__Pyx_PyCode_New(1, 0, 1, 0, CO_OPTIMIZED|CO_NEWLOCALS, __pyx_empty_bytes, __pyx_empty_tuple, __pyx_empty_tuple, __pyx_tuple__11, __pyx_empty_tuple, __pyx_empty_tuple, __pyx_kp_s_Cython_Plex_Scanners_py, __pyx_n_s_eof, 334, __pyx_empty_bytes); if (unlikely(!__pyx_codeobj__12)) __PYX_ERR(0, 334, __pyx_L1_error)
-      |                                  ^~~~~~~~~~~~~~~~
-In file included from /usr/include/python3.10/code.h:13,
-                 from /usr/include/python3.10/Python.h:116,
-                 from /builddir/build/BUILD/cython-0.29.24/Cython/Plex/Scanners.c:21:
-/usr/include/python3.10/cpython/code.h:117:28: note: declared here
-  117 | PyAPI_FUNC(PyCodeObject *) PyCode_New(
-      |                            ^~~~~~~~~~
-/builddir/build/BUILD/cython-0.29.24/Cython/Plex/Scanners.c: In function __Pyx_CreateCodeObjectForTraceback:
-/builddir/build/BUILD/cython-0.29.24/Cython/Plex/Scanners.c:10272:9: warning: passing argument 14 of PyCode_New makes integer from pointer without a cast [-Wint-conversion]
-10272 |         py_funcname,  /*PyObject *name,*/
-      |         ^~~~~~~~~~~
-      |         |
-      |         PyObject * {aka struct _object *}
-/builddir/build/BUILD/cython-0.29.24/Cython/Plex/Scanners.c:393:69: note: in definition of macro __Pyx_PyCode_New
-  393 |           PyCode_New(a, 0, k, l, s, f, code, c, n, v, fv, cell, fn, name, fline, lnos)
-      |                                                                     ^~~~
-In file included from /usr/include/python3.10/code.h:13,
-                 from /usr/include/python3.10/Python.h:116,
-                 from /builddir/build/BUILD/cython-0.29.24/Cython/Plex/Scanners.c:21:
-/usr/include/python3.10/cpython/code.h:120:33: note: expected int but argument is of type PyObject * {aka struct _object *}
-  120 |         PyObject *, PyObject *, int, PyObject *);
-      |                                 ^~~
-/builddir/build/BUILD/cython-0.29.24/Cython/Plex/Scanners.c:10273:9: warning: passing argument 15 of PyCode_New makes pointer from integer without a cast [-Wint-conversion]
-10273 |         py_line,
-      |         ^~~~~~~
-      |         |
-      |         int
-/builddir/build/BUILD/cython-0.29.24/Cython/Plex/Scanners.c:393:75: note: in definition of macro __Pyx_PyCode_New
-  393 |           PyCode_New(a, 0, k, l, s, f, code, c, n, v, fv, cell, fn, name, fline, lnos)
-      |                                                                           ^~~~~
-In file included from /usr/include/python3.10/code.h:13,
-                 from /usr/include/python3.10/Python.h:116,
-                 from /builddir/build/BUILD/cython-0.29.24/Cython/Plex/Scanners.c:21:
-/usr/include/python3.10/cpython/code.h:120:38: note: expected PyObject * {aka struct _object *} but argument is of type int
-  120 |         PyObject *, PyObject *, int, PyObject *);
-      |                                      ^~~~~~~~~~
-/builddir/build/BUILD/cython-0.29.24/Cython/Plex/Scanners.c:393:11: error: too many arguments to function PyCode_New
-  393 |           PyCode_New(a, 0, k, l, s, f, code, c, n, v, fv, cell, fn, name, fline, lnos)
-      |           ^~~~~~~~~~
-/builddir/build/BUILD/cython-0.29.24/Cython/Plex/Scanners.c:10259:15: note: in expansion of macro __Pyx_PyCode_New
-10259 |     py_code = __Pyx_PyCode_New(
-      |               ^~~~~~~~~~~~~~~~
-In file included from /usr/include/python3.10/code.h:13,
-                 from /usr/include/python3.10/Python.h:116,
-                 from /builddir/build/BUILD/cython-0.29.24/Cython/Plex/Scanners.c:21:
-/usr/include/python3.10/cpython/code.h:117:28: note: declared here
-  117 | PyAPI_FUNC(PyCodeObject *) PyCode_New(
-      |                            ^~~~~~~~~~
-error: command '/usr/bin/gcc' failed with exit code 1
-
-
-RPM build errors:
-error: Bad exit status from /var/tmp/rpm-tmp.wu8ar5 (%build)
-    Bad exit status from /var/tmp/rpm-tmp.wu8ar5 (%build)
+gcc -shared -Wl,-z,relro -Wl,--as-needed -Wl,-z,now -g -Wl,-z,relro -Wl,--as-needed -Wl,-z,now -g -Wl,-z,relro -Wl,--as-needed -Wl,-z,now -specs=/usr/lib/rpm/redhat/redhat-hardened-ld -specs=/usr/lib/rpm/redhat/redhat-annobin-cc1 -O2 -flto=auto -ffat-lto-objects -fexceptions -g -grecord-gcc-switches -pipe -Wall -Werror=format-security -Wp,-D_FORTIFY_SOURCE=2 -Wp,-D_GLIBCXX_ASSERTIONS -specs=/usr/lib/rpm/redhat/redhat-hardened-cc1 -fstack-protector-strong -specs=/usr/lib/rpm/redhat/redhat-annobin-cc1 -m64 -mtune=generic -fasynchronous-unwind-tables -fstack-clash-protection -fcf-protection build/temp.linux-x86_64-3.10/builddir/build/BUILD/cython-0.29.24/Cython/Plex/Scanners.o -L/usr/lib64 -o build/lib.linux-x86_64-3.10/Cython/Plex/Scanners.cpython-310-x86_64-linux-gnu.so
+building 'Cython.Plex.Actions' extension
+gcc -Wno-unused-result -Wsign-compare -DDYNAMIC_ANNOTATIONS_ENABLED=1 -DNDEBUG -O2 -fexceptions -g -grecord-gcc-switches -pipe -Wall -Werror=format-security -Wp,-D_FORTIFY_SOURCE=2 -Wp,-D_GLIBCXX_ASSERTIONS -fstack-protector-strong -m64 -mtune=generic -fasynchronous-unwind-tables -fstack-clash-protection -fcf-protection -D_GNU_SOURCE -fPIC -fwrapv -O2 -fexceptions -g -grecord-gcc-switches -pipe -Wall -Werror=format-security -Wp,-D_FORTIFY_SOURCE=2 -Wp,-D_GLIBCXX_ASSERTIONS -fstack-protector-strong -m64 -mtune=generic -fasynchronous-unwind-tables -fstack-clash-protection -fcf-protection -D_GNU_SOURCE -fPIC -fwrapv -O2 -fexceptions -g -grecord-gcc-switches -pipe -Wall -Werror=format-security -Wp,-D_FORTIFY_SOURCE=2 -Wp,-D_GLIBCXX_ASSERTIONS -fstack-protector-strong -m64 -mtune=generic -fasynchronous-unwind-tables -fstack-clash-protection -fcf-protection -D_GNU_SOURCE -fPIC -fwrapv -O2 -flto=auto -ffat-lto-objects -fexceptions -g -grecord-gcc-switches -pipe -Wall -Werror=format-security -Wp,-D_FORTIFY_SOURCE=2 -Wp,-D_GLIBCXX_ASSERTIONS -specs=/usr/lib/rpm/redhat/redhat-hardened-cc1 -fstack-protector-strong -specs=/usr/lib/rpm/redhat/redhat-annobin-cc1 -m64 -mtune=generic -fasynchronous-unwind-tables -fstack-clash-protection -fcf-protection -fPIC -I/usr/include/python3.10 -c /builddir/build/BUILD/cython-0.29.24/Cython/Plex/Actions.c -o build/temp.linux-x86_64-3.10/builddir/build/BUILD/cython-0.29.24/Cython/Plex/Actions.o
+gcc -shared -Wl,-z,relro -Wl,--as-needed -Wl,-z,now -g -Wl,-z,relro -Wl,--as-needed -Wl,-z,now -g -Wl,-z,relro -Wl,--as-needed -Wl,-z,now -specs=/usr/lib/rpm/redhat/redhat-hardened-ld -specs=/usr/lib/rpm/redhat/redhat-annobin-cc1 -O2 -flto=auto -ffat-lto-objects -fexceptions -g -grecord-gcc-switches -pipe -Wall -Werror=format-security -Wp,-D_FORTIFY_SOURCE=2 -Wp,-D_GLIBCXX_ASSERTIONS -specs=/usr/lib/rpm/redhat/redhat-hardened-cc1 -fstack-protector-strong -specs=/usr/lib/rpm/redhat/redhat-annobin-cc1 -m64 -mtune=generic -fasynchronous-unwind-tables -fstack-clash-protection -fcf-protection build/temp.linux-x86_64-3.10/builddir/build/BUILD/cython-0.29.24/Cython/Plex/Actions.o -L/usr/lib64 -o build/lib.linux-x86_64-3.10/Cython/Plex/Actions.cpython-310-x86_64-linux-gnu.so
+building 'Cython.Compiler.Scanning' extension
+creating build/temp.linux-x86_64-3.10/builddir/build/BUILD/cython-0.29.24/Cython/Compiler
+gcc -Wno-unused-result -Wsign-compare -DDYNAMIC_ANNOTATIONS_ENABLED=1 -DNDEBUG -O2 -fexceptions -g -grecord-gcc-switches -pipe -Wall -Werror=format-security -Wp,-D_FORTIFY_SOURCE=2 -Wp,-D_GLIBCXX_ASSERTIONS -fstack-protector-strong -m64 -mtune=generic -fasynchronous-unwind-tables -fstack-clash-protection -fcf-protection -D_GNU_SOURCE -fPIC -fwrapv -O2 -fexceptions -g -grecord-gcc-switches -pipe -Wall -Werror=format-security -Wp,-D_FORTIFY_SOURCE=2 -Wp,-D_GLIBCXX_ASSERTIONS -fstack-protector-strong -m64 -mtune=generic -fasynchronous-unwind-tables -fstack-clash-protection -fcf-protection -D_GNU_SOURCE -fPIC -fwrapv -O2 -fexceptions -g -grecord-gcc-switches -pipe -Wall -Werror=format-security -Wp,-D_FORTIFY_SOURCE=2 -Wp,-D_GLIBCXX_ASSERTIONS -fstack-protector-strong -m64 -mtune=generic -fasynchronous-unwind-tables -fstack-clash-protection -fcf-protection -D_GNU_SOURCE -fPIC -fwrapv -O2 -flto=auto -ffat-lto-objects -fexceptions -g -grecord-gcc-switches -pipe -Wall -Werror=format-security -Wp,-D_FORTIFY_SOURCE=2 -Wp,-D_GLIBCXX_ASSERTIONS -specs=/usr/lib/rpm/redhat/redhat-hardened-cc1 -fstack-protector-strong -specs=/usr/lib/rpm/redhat/redhat-annobin-cc1 -m64 -mtune=generic -fasynchronous-unwind-tables -fstack-clash-protection -fcf-protection -fPIC -I/usr/include/python3.10 -c /builddir/build/BUILD/cython-0.29.24/Cython/Compiler/Scanning.c -o build/temp.linux-x86_64-3.10/builddir/build/BUILD/cython-0.29.24/Cython/Compiler/Scanning.o
+gcc -shared -Wl,-z,relro -Wl,--as-needed -Wl,-z,now -g -Wl,-z,relro -Wl,--as-needed -Wl,-z,now -g -Wl,-z,relro -Wl,--as-needed -Wl,-z,now -specs=/usr/lib/rpm/redhat/redhat-hardened-ld -specs=/usr/lib/rpm/redhat/redhat-annobin-cc1 -O2 -flto=auto -ffat-lto-objects -fexceptions -g -grecord-gcc-switches -pipe -Wall -Werror=format-security -Wp,-D_FORTIFY_SOURCE=2 -Wp,-D_GLIBCXX_ASSERTIONS -specs=/usr/lib/rpm/redhat/redhat-hardened-cc1 -fstack-protector-strong -specs=/usr/lib/rpm/redhat/redhat-annobin-cc1 -m64 -mtune=generic -fasynchronous-unwind-tables -fstack-clash-protection -fcf-protection build/temp.linux-x86_64-3.10/builddir/build/BUILD/cython-0.29.24/Cython/Compiler/Scanning.o -L/usr/lib64 -o build/lib.linux-x86_64-3.10/Cython/Compiler/Scanning.cpython-310-x86_64-linux-gnu.so
+building 'Cython.Compiler.Visitor' extension
+gcc -Wno-unused-result -Wsign-compare -DDYNAMIC_ANNOTATIONS_ENABLED=1 -DNDEBUG -O2 -fexceptions -g -grecord-gcc-switches -pipe -Wall -Werror=format-security -Wp,-D_FORTIFY_SOURCE=2 -Wp,-D_GLIBCXX_ASSERTIONS -fstack-protector-strong -m64 -mtune=generic -fasynchronous-unwind-tables -fstack-clash-protection -fcf-protection -D_GNU_SOURCE -fPIC -fwrapv -O2 -fexceptions -g -grecord-gcc-switches -pipe -Wall -Werror=format-security -Wp,-D_FORTIFY_SOURCE=2 -Wp,-D_GLIBCXX_ASSERTIONS -fstack-protector-strong -m64 -mtune=generic -fasynchronous-unwind-tables -fstack-clash-protection -fcf-protection -D_GNU_SOURCE -fPIC -fwrapv -O2 -fexceptions -g -grecord-gcc-switches -pipe -Wall -Werror=format-security -Wp,-D_FORTIFY_SOURCE=2 -Wp,-D_GLIBCXX_ASSERTIONS -fstack-protector-strong -m64 -mtune=generic -fasynchronous-unwind-tables -fstack-clash-protection -fcf-protection -D_GNU_SOURCE -fPIC -fwrapv -O2 -flto=auto -ffat-lto-objects -fexceptions -g -grecord-gcc-switches -pipe -Wall -Werror=format-security -Wp,-D_FORTIFY_SOURCE=2 -Wp,-D_GLIBCXX_ASSERTIONS -specs=/usr/lib/rpm/redhat/redhat-hardened-cc1 -fstack-protector-strong -specs=/usr/lib/rpm/redhat/redhat-annobin-cc1 -m64 -mtune=generic -fasynchronous-unwind-tables -fstack-clash-protection -fcf-protection -fPIC -I/usr/include/python3.10 -c /builddir/build/BUILD/cython-0.29.24/Cython/Compiler/Visitor.c -o build/temp.linux-x86_64-3.10/builddir/build/BUILD/cython-0.29.24/Cython/Compiler/Visitor.o
+gcc -shared -Wl,-z,relro -Wl,--as-needed -Wl,-z,now -g -Wl,-z,relro -Wl,--as-needed -Wl,-z,now -g -Wl,-z,relro -Wl,--as-needed -Wl,-z,now -specs=/usr/lib/rpm/redhat/redhat-hardened-ld -specs=/usr/lib/rpm/redhat/redhat-annobin-cc1 -O2 -flto=auto -ffat-lto-objects -fexceptions -g -grecord-gcc-switches -pipe -Wall -Werror=format-security -Wp,-D_FORTIFY_SOURCE=2 -Wp,-D_GLIBCXX_ASSERTIONS -specs=/usr/lib/rpm/redhat/redhat-hardened-cc1 -fstack-protector-strong -specs=/usr/lib/rpm/redhat/redhat-annobin-cc1 -m64 -mtune=generic -fasynchronous-unwind-tables -fstack-clash-protection -fcf-protection build/temp.linux-x86_64-3.10/builddir/build/BUILD/cython-0.29.24/Cython/Compiler/Visitor.o -L/usr/lib64 -o build/lib.linux-x86_64-3.10/Cython/Compiler/Visitor.cpython-310-x86_64-linux-gnu.so
+building 'Cython.Compiler.FlowControl' extension
+gcc -Wno-unused-result -Wsign-compare -DDYNAMIC_ANNOTATIONS_ENABLED=1 -DNDEBUG -O2 -fexceptions -g -grecord-gcc-switches -pipe -Wall -Werror=format-security -Wp,-D_FORTIFY_SOURCE=2 -Wp,-D_GLIBCXX_ASSERTIONS -fstack-protector-strong -m64 -mtune=generic -fasynchronous-unwind-tables -fstack-clash-protection -fcf-protection -D_GNU_SOURCE -fPIC -fwrapv -O2 -fexceptions -g -grecord-gcc-switches -pipe -Wall -Werror=format-security -Wp,-D_FORTIFY_SOURCE=2 -Wp,-D_GLIBCXX_ASSERTIONS -fstack-protector-strong -m64 -mtune=generic -fasynchronous-unwind-tables -fstack-clash-protection -fcf-protection -D_GNU_SOURCE -fPIC -fwrapv -O2 -fexceptions -g -grecord-gcc-switches -pipe -Wall -Werror=format-security -Wp,-D_FORTIFY_SOURCE=2 -Wp,-D_GLIBCXX_ASSERTIONS -fstack-protector-strong -m64 -mtune=generic -fasynchronous-unwind-tables -fstack-clash-protection -fcf-protection -D_GNU_SOURCE -fPIC -fwrapv -O2 -flto=auto -ffat-lto-objects -fexceptions -g -grecord-gcc-switches -pipe -Wall -Werror=format-security -Wp,-D_FORTIFY_SOURCE=2 -Wp,-D_GLIBCXX_ASSERTIONS -specs=/usr/lib/rpm/redhat/redhat-hardened-cc1 -fstack-protector-strong -specs=/usr/lib/rpm/redhat/redhat-annobin-cc1 -m64 -mtune=generic -fasynchronous-unwind-tables -fstack-clash-protection -fcf-protection -fPIC -I/usr/include/python3.10 -c /builddir/build/BUILD/cython-0.29.24/Cython/Compiler/FlowControl.c -o build/temp.linux-x86_64-3.10/builddir/build/BUILD/cython-0.29.24/Cython/Compiler/FlowControl.o
+gcc -shared -Wl,-z,relro -Wl,--as-needed -Wl,-z,now -g -Wl,-z,relro -Wl,--as-needed -Wl,-z,now -g -Wl,-z,relro -Wl,--as-needed -Wl,-z,now -specs=/usr/lib/rpm/redhat/redhat-hardened-ld -specs=/usr/lib/rpm/redhat/redhat-annobin-cc1 -O2 -flto=auto -ffat-lto-objects -fexceptions -g -grecord-gcc-switches -pipe -Wall -Werror=format-security -Wp,-D_FORTIFY_SOURCE=2 -Wp,-D_GLIBCXX_ASSERTIONS -specs=/usr/lib/rpm/redhat/redhat-hardened-cc1 -fstack-protector-strong -specs=/usr/lib/rpm/redhat/redhat-annobin-cc1 -m64 -mtune=generic -fasynchronous-unwind-tables -fstack-clash-protection -fcf-protection build/temp.linux-x86_64-3.10/builddir/build/BUILD/cython-0.29.24/Cython/Compiler/FlowControl.o -L/usr/lib64 -o build/lib.linux-x86_64-3.10/Cython/Compiler/FlowControl.cpython-310-x86_64-linux-gnu.so
+building 'Cython.Runtime.refnanny' extension
+creating build/temp.linux-x86_64-3.10/builddir/build/BUILD/cython-0.29.24/Cython/Runtime
+gcc -Wno-unused-result -Wsign-compare -DDYNAMIC_ANNOTATIONS_ENABLED=1 -DNDEBUG -O2 -fexceptions -g -grecord-gcc-switches -pipe -Wall -Werror=format-security -Wp,-D_FORTIFY_SOURCE=2 -Wp,-D_GLIBCXX_ASSERTIONS -fstack-protector-strong -m64 -mtune=generic -fasynchronous-unwind-tables -fstack-clash-protection -fcf-protection -D_GNU_SOURCE -fPIC -fwrapv -O2 -fexceptions -g -grecord-gcc-switches -pipe -Wall -Werror=format-security -Wp,-D_FORTIFY_SOURCE=2 -Wp,-D_GLIBCXX_ASSERTIONS -fstack-protector-strong -m64 -mtune=generic -fasynchronous-unwind-tables -fstack-clash-protection -fcf-protection -D_GNU_SOURCE -fPIC -fwrapv -O2 -fexceptions -g -grecord-gcc-switches -pipe -Wall -Werror=format-security -Wp,-D_FORTIFY_SOURCE=2 -Wp,-D_GLIBCXX_ASSERTIONS -fstack-protector-strong -m64 -mtune=generic -fasynchronous-unwind-tables -fstack-clash-protection -fcf-protection -D_GNU_SOURCE -fPIC -fwrapv -O2 -flto=auto -ffat-lto-objects -fexceptions -g -grecord-gcc-switches -pipe -Wall -Werror=format-security -Wp,-D_FORTIFY_SOURCE=2 -Wp,-D_GLIBCXX_ASSERTIONS -specs=/usr/lib/rpm/redhat/redhat-hardened-cc1 -fstack-protector-strong -specs=/usr/lib/rpm/redhat/redhat-annobin-cc1 -m64 -mtune=generic -fasynchronous-unwind-tables -fstack-clash-protection -fcf-protection -fPIC -I/usr/include/python3.10 -c /builddir/build/BUILD/cython-0.29.24/Cython/Runtime/refnanny.c -o build/temp.linux-x86_64-3.10/builddir/build/BUILD/cython-0.29.24/Cython/Runtime/refnanny.o
+gcc -shared -Wl,-z,relro -Wl,--as-needed -Wl,-z,now -g -Wl,-z,relro -Wl,--as-needed -Wl,-z,now -g -Wl,-z,relro -Wl,--as-needed -Wl,-z,now -specs=/usr/lib/rpm/redhat/redhat-hardened-ld -specs=/usr/lib/rpm/redhat/redhat-annobin-cc1 -O2 -flto=auto -ffat-lto-objects -fexceptions -g -grecord-gcc-switches -pipe -Wall -Werror=format-security -Wp,-D_FORTIFY_SOURCE=2 -Wp,-D_GLIBCXX_ASSERTIONS -specs=/usr/lib/rpm/redhat/redhat-hardened-cc1 -fstack-protector-strong -specs=/usr/lib/rpm/redhat/redhat-annobin-cc1 -m64 -mtune=generic -fasynchronous-unwind-tables -fstack-clash-protection -fcf-protection build/temp.linux-x86_64-3.10/builddir/build/BUILD/cython-0.29.24/Cython/Runtime/refnanny.o -L/usr/lib64 -o build/lib.linux-x86_64-3.10/Cython/Runtime/refnanny.cpython-310-x86_64-linux-gnu.so
+building 'Cython.Compiler.FusedNode' extension
+gcc -Wno-unused-result -Wsign-compare -DDYNAMIC_ANNOTATIONS_ENABLED=1 -DNDEBUG -O2 -fexceptions -g -grecord-gcc-switches -pipe -Wall -Werror=format-security -Wp,-D_FORTIFY_SOURCE=2 -Wp,-D_GLIBCXX_ASSERTIONS -fstack-protector-strong -m64 -mtune=generic -fasynchronous-unwind-tables -fstack-clash-protection -fcf-protection -D_GNU_SOURCE -fPIC -fwrapv -O2 -fexceptions -g -grecord-gcc-switches -pipe -Wall -Werror=format-security -Wp,-D_FORTIFY_SOURCE=2 -Wp,-D_GLIBCXX_ASSERTIONS -fstack-protector-strong -m64 -mtune=generic -fasynchronous-unwind-tables -fstack-clash-protection -fcf-protection -D_GNU_SOURCE -fPIC -fwrapv -O2 -fexceptions -g -grecord-gcc-switches -pipe -Wall -Werror=format-security -Wp,-D_FORTIFY_SOURCE=2 -Wp,-D_GLIBCXX_ASSERTIONS -fstack-protector-strong -m64 -mtune=generic -fasynchronous-unwind-tables -fstack-clash-protection -fcf-protection -D_GNU_SOURCE -fPIC -fwrapv -O2 -flto=auto -ffat-lto-objects -fexceptions -g -grecord-gcc-switches -pipe -Wall -Werror=format-security -Wp,-D_FORTIFY_SOURCE=2 -Wp,-D_GLIBCXX_ASSERTIONS -specs=/usr/lib/rpm/redhat/redhat-hardened-cc1 -fstack-protector-strong -specs=/usr/lib/rpm/redhat/redhat-annobin-cc1 -m64 -mtune=generic -fasynchronous-unwind-tables -fstack-clash-protection -fcf-protection -fPIC -I/usr/include/python3.10 -c /builddir/build/BUILD/cython-0.29.24/Cython/Compiler/FusedNode.c -o build/temp.linux-x86_64-3.10/builddir/build/BUILD/cython-0.29.24/Cython/Compiler/FusedNode.o
+gcc -shared -Wl,-z,relro -Wl,--as-needed -Wl,-z,now -g -Wl,-z,relro -Wl,--as-needed -Wl,-z,now -g -Wl,-z,relro -Wl,--as-needed -Wl,-z,now -specs=/usr/lib/rpm/redhat/redhat-hardened-ld -specs=/usr/lib/rpm/redhat/redhat-annobin-cc1 -O2 -flto=auto -ffat-lto-objects -fexceptions -g -grecord-gcc-switches -pipe -Wall -Werror=format-security -Wp,-D_FORTIFY_SOURCE=2 -Wp,-D_GLIBCXX_ASSERTIONS -specs=/usr/lib/rpm/redhat/redhat-hardened-cc1 -fstack-protector-strong -specs=/usr/lib/rpm/redhat/redhat-annobin-cc1 -m64 -mtune=generic -fasynchronous-unwind-tables -fstack-clash-protection -fcf-protection build/temp.linux-x86_64-3.10/builddir/build/BUILD/cython-0.29.24/Cython/Compiler/FusedNode.o -L/usr/lib64 -o build/lib.linux-x86_64-3.10/Cython/Compiler/FusedNode.cpython-310-x86_64-linux-gnu.so
+building 'Cython.Tempita._tempita' extension
+creating build/temp.linux-x86_64-3.10/builddir/build/BUILD/cython-0.29.24/Cython/Tempita
+gcc -Wno-unused-result -Wsign-compare -DDYNAMIC_ANNOTATIONS_ENABLED=1 -DNDEBUG -O2 -fexceptions -g -grecord-gcc-switches -pipe -Wall -Werror=format-security -Wp,-D_FORTIFY_SOURCE=2 -Wp,-D_GLIBCXX_ASSERTIONS -fstack-protector-strong -m64 -mtune=generic -fasynchronous-unwind-tables -fstack-clash-protection -fcf-protection -D_GNU_SOURCE -fPIC -fwrapv -O2 -fexceptions -g -grecord-gcc-switches -pipe -Wall -Werror=format-security -Wp,-D_FORTIFY_SOURCE=2 -Wp,-D_GLIBCXX_ASSERTIONS -fstack-protector-strong -m64 -mtune=generic -fasynchronous-unwind-tables -fstack-clash-protection -fcf-protection -D_GNU_SOURCE -fPIC -fwrapv -O2 -fexceptions -g -grecord-gcc-switches -pipe -Wall -Werror=format-security -Wp,-D_FORTIFY_SOURCE=2 -Wp,-D_GLIBCXX_ASSERTIONS -fstack-protector-strong -m64 -mtune=generic -fasynchronous-unwind-tables -fstack-clash-protection -fcf-protection -D_GNU_SOURCE -fPIC -fwrapv -O2 -flto=auto -ffat-lto-objects -fexceptions -g -grecord-gcc-switches -pipe -Wall -Werror=format-security -Wp,-D_FORTIFY_SOURCE=2 -Wp,-D_GLIBCXX_ASSERTIONS -specs=/usr/lib/rpm/redhat/redhat-hardened-cc1 -fstack-protector-strong -specs=/usr/lib/rpm/redhat/redhat-annobin-cc1 -m64 -mtune=generic -fasynchronous-unwind-tables -fstack-clash-protection -fcf-protection -fPIC -I/usr/include/python3.10 -c /builddir/build/BUILD/cython-0.29.24/Cython/Tempita/_tempita.c -o build/temp.linux-x86_64-3.10/builddir/build/BUILD/cython-0.29.24/Cython/Tempita/_tempita.o
+gcc -shared -Wl,-z,relro -Wl,--as-needed -Wl,-z,now -g -Wl,-z,relro -Wl,--as-needed -Wl,-z,now -g -Wl,-z,relro -Wl,--as-needed -Wl,-z,now -specs=/usr/lib/rpm/redhat/redhat-hardened-ld -specs=/usr/lib/rpm/redhat/redhat-annobin-cc1 -O2 -flto=auto -ffat-lto-objects -fexceptions -g -grecord-gcc-switches -pipe -Wall -Werror=format-security -Wp,-D_FORTIFY_SOURCE=2 -Wp,-D_GLIBCXX_ASSERTIONS -specs=/usr/lib/rpm/redhat/redhat-hardened-cc1 -fstack-protector-strong -specs=/usr/lib/rpm/redhat/redhat-annobin-cc1 -m64 -mtune=generic -fasynchronous-unwind-tables -fstack-clash-protection -fcf-protection build/temp.linux-x86_64-3.10/builddir/build/BUILD/cython-0.29.24/Cython/Tempita/_tempita.o -L/usr/lib64 -o build/lib.linux-x86_64-3.10/Cython/Tempita/_tempita.cpython-310-x86_64-linux-gnu.so
++ echo ';;
+(require '\''cython-mode)'
++ cp -p Tools/cython-mode.el .
++ /usr/bin/emacs -batch --no-init-file --no-site-file --eval '(progn (setq load-path (cons "." load-path)))' -f batch-byte-compile cython-mode-init.el cython-mode.el
++ RPM_EC=0
+++ jobs -p
++ exit 0
+Executing(%install): /bin/sh -e /var/tmp/rpm-tmp.pfKLG2
++ umask 022
++ cd /builddir/build/BUILD
++ '[' /builddir/build/BUILDROOT/Cython-0.29.24-2.fc36.x86_64 '!=' / ']'
++ rm -rf /builddir/build/BUILDROOT/Cython-0.29.24-2.fc36.x86_64
+++ dirname /builddir/build/BUILDROOT/Cython-0.29.24-2.fc36.x86_64
++ mkdir -p /builddir/build/BUILDROOT
++ mkdir /builddir/build/BUILDROOT/Cython-0.29.24-2.fc36.x86_64
++ cd cython-0.29.24
++ CFLAGS='-O2 -flto=auto -ffat-lto-objects -fexceptions -g -grecord-gcc-switches -pipe -Wall -Werror=format-security -Wp,-D_FORTIFY_SOURCE=2 -Wp,-D_GLIBCXX_ASSERTIONS -specs=/usr/lib/rpm/redhat/redhat-hardened-cc1 -fstack-protector-strong -specs=/usr/lib/rpm/redhat/redhat-annobin-cc1  -m64  -mtune=generic -fasynchronous-unwind-tables -fstack-clash-protection -fcf-protection'
++ LDFLAGS='-Wl,-z,relro -Wl,--as-needed  -Wl,-z,now -specs=/usr/lib/rpm/redhat/redhat-hardened-ld -specs=/usr/lib/rpm/redhat/redhat-annobin-cc1 '
++ /usr/bin/python3 setup.py install -O1 --skip-build --root /builddir/build/BUILDROOT/Cython-0.29.24-2.fc36.x86_64
+Unable to find pgen, not compiling formal grammar.
+running install
+running install_lib
+creating /builddir/build/BUILDROOT/Cython-0.29.24-2.fc36.x86_64/usr
+creating /builddir/build/BUILDROOT/Cython-0.29.24-2.fc36.x86_64/usr/lib64
+creating /builddir/build/BUILDROOT/Cython-0.29.24-2.fc36.x86_64/usr/lib64/python3.10
+creating /builddir/build/BUILDROOT/Cython-0.29.24-2.fc36.x86_64/usr/lib64/python3.10/site-packages
+creating /builddir/build/BUILDROOT/Cython-0.29.24-2.fc36.x86_64/usr/lib64/python3.10/site-packages/pyximport
+copying build/lib.linux-x86_64-3.10/pyximport/__init__.py -> /builddir/build/BUILDROOT/Cython-0.29.24-2.fc36.x86_64/usr/lib64/python3.10/site-packages/pyximport
+copying build/lib.linux-x86_64-3.10/pyximport/pyxbuild.py -> /builddir/build/BUILDROOT/Cython-0.29.24-2.fc36.x86_64/usr/lib64/python3.10/site-packages/pyximport
+copying build/lib.linux-x86_64-3.10/pyximport/pyximport.py -> /builddir/build/BUILDROOT/Cython-0.29.24-2.fc36.x86_64/usr/lib64/python3.10/site-packages/pyximport
+creating /builddir/build/BUILDROOT/Cython-0.29.24-2.fc36.x86_64/usr/lib64/python3.10/site-packages/Cython
+creating /builddir/build/BUILDROOT/Cython-0.29.24-2.fc36.x86_64/usr/lib64/python3.10/site-packages/Cython/Includes
+creating /builddir/build/BUILDROOT/Cython-0.29.24-2.fc36.x86_64/usr/lib64/python3.10/site-packages/Cython/Includes/Deprecated
+copying build/lib.linux-x86_64-3.10/Cython/Includes/Deprecated/python.pxd -> /builddir/build/BUILDROOT/Cython-0.29.24-2.fc36.x86_64/usr/lib64/python3.10/site-packages/Cython/Includes/Deprecated
+copying build/lib.linux-x86_64-3.10/Cython/Includes/Deprecated/python_bool.pxd -> /builddir/build/BUILDROOT/Cython-0.29.24-2.fc36.x86_64/usr/lib64/python3.10/site-packages/Cython/Includes/Deprecated
+copying build/lib.linux-x86_64-3.10/Cython/Includes/Deprecated/python_buffer.pxd -> /builddir/build/BUILDROOT/Cython-0.29.24-2.fc36.x86_64/usr/lib64/python3.10/site-packages/Cython/Includes/Deprecated
+copying build/lib.linux-x86_64-3.10/Cython/Includes/Deprecated/python_bytes.pxd -> /builddir/build/BUILDROOT/Cython-0.29.24-2.fc36.x86_64/usr/lib64/python3.10/site-packages/Cython/Includes/Deprecated
+copying build/lib.linux-x86_64-3.10/Cython/Includes/Deprecated/python_cobject.pxd -> /builddir/build/BUILDROOT/Cython-0.29.24-2.fc36.x86_64/usr/lib64/python3.10/site-packages/Cython/Includes/Deprecated
+copying build/lib.linux-x86_64-3.10/Cython/Includes/Deprecated/python_complex.pxd -> /builddir/build/BUILDROOT/Cython-0.29.24-2.fc36.x86_64/usr/lib64/python3.10/site-packages/Cython/Includes/Deprecated
+copying build/lib.linux-x86_64-3.10/Cython/Includes/Deprecated/python_dict.pxd -> /builddir/build/BUILDROOT/Cython-0.29.24-2.fc36.x86_64/usr/lib64/python3.10/site-packages/Cython/Includes/Deprecated
+copying build/lib.linux-x86_64-3.10/Cython/Includes/Deprecated/python_exc.pxd -> /builddir/build/BUILDROOT/Cython-0.29.24-2.fc36.x86_64/usr/lib64/python3.10/site-packages/Cython/Includes/Deprecated
+copying build/lib.linux-x86_64-3.10/Cython/Includes/Deprecated/python_float.pxd -> /builddir/build/BUILDROOT/Cython-0.29.24-2.fc36.x86_64/usr/lib64/python3.10/site-packages/Cython/Includes/Deprecated
+copying build/lib.linux-x86_64-3.10/Cython/Includes/Deprecated/python_function.pxd -> /builddir/build/BUILDROOT/Cython-0.29.24-2.fc36.x86_64/usr/lib64/python3.10/site-packages/Cython/Includes/Deprecated
+copying build/lib.linux-x86_64-3.10/Cython/Includes/Deprecated/python_getargs.pxd -> /builddir/build/BUILDROOT/Cython-0.29.24-2.fc36.x86_64/usr/lib64/python3.10/site-packages/Cython/Includes/Deprecated
+copying build/lib.linux-x86_64-3.10/Cython/Includes/Deprecated/python_instance.pxd -> /builddir/build/BUILDROOT/Cython-0.29.24-2.fc36.x86_64/usr/lib64/python3.10/site-packages/Cython/Includes/Deprecated
+copying build/lib.linux-x86_64-3.10/Cython/Includes/Deprecated/python_int.pxd -> /builddir/build/BUILDROOT/Cython-0.29.24-2.fc36.x86_64/usr/lib64/python3.10/site-packages/Cython/Includes/Deprecated
+copying build/lib.linux-x86_64-3.10/Cython/Includes/Deprecated/python_iterator.pxd -> /builddir/build/BUILDROOT/Cython-0.29.24-2.fc36.x86_64/usr/lib64/python3.10/site-packages/Cython/Includes/Deprecated
+copying build/lib.linux-x86_64-3.10/Cython/Includes/Deprecated/python_list.pxd -> /builddir/build/BUILDROOT/Cython-0.29.24-2.fc36.x86_64/usr/lib64/python3.10/site-packages/Cython/Includes/Deprecated
+copying build/lib.linux-x86_64-3.10/Cython/Includes/Deprecated/python_long.pxd -> /builddir/build/BUILDROOT/Cython-0.29.24-2.fc36.x86_64/usr/lib64/python3.10/site-packages/Cython/Includes/Deprecated
+copying build/lib.linux-x86_64-3.10/Cython/Includes/Deprecated/python_mapping.pxd -> /builddir/build/BUILDROOT/Cython-0.29.24-2.fc36.x86_64/usr/lib64/python3.10/site-packages/Cython/Includes/Deprecated
+copying build/lib.linux-x86_64-3.10/Cython/Includes/Deprecated/python_mem.pxd -> /builddir/build/BUILDROOT/Cython-0.29.24-2.fc36.x86_64/usr/lib64/python3.10/site-packages/Cython/Includes/Deprecated
+copying build/lib.linux-x86_64-3.10/Cython/Includes/Deprecated/python_method.pxd -> /builddir/build/BUILDROOT/Cython-0.29.24-2.fc36.x86_64/usr/lib64/python3.10/site-packages/Cython/Includes/Deprecated
+copying build/lib.linux-x86_64-3.10/Cython/Includes/Deprecated/python_module.pxd -> /builddir/build/BUILDROOT/Cython-0.29.24-2.fc36.x86_64/usr/lib64/python3.10/site-packages/Cython/Includes/Deprecated
+copying build/lib.linux-x86_64-3.10/Cython/Includes/Deprecated/python_number.pxd -> /builddir/build/BUILDROOT/Cython-0.29.24-2.fc36.x86_64/usr/lib64/python3.10/site-packages/Cython/Includes/Deprecated
+copying build/lib.linux-x86_64-3.10/Cython/Includes/Deprecated/python_object.pxd -> /builddir/build/BUILDROOT/Cython-0.29.24-2.fc36.x86_64/usr/lib64/python3.10/site-packages/Cython/Includes/Deprecated
+copying build/lib.linux-x86_64-3.10/Cython/Includes/Deprecated/python_oldbuffer.pxd -> /builddir/build/BUILDROOT/Cython-0.29.24-2.fc36.x86_64/usr/lib64/python3.10/site-packages/Cython/Includes/Deprecated
+copying build/lib.linux-x86_64-3.10/Cython/Includes/Deprecated/python_pycapsule.pxd -> /builddir/build/BUILDROOT/Cython-0.29.24-2.fc36.x86_64/usr/lib64/python3.10/site-packages/Cython/Includes/Deprecated
+copying build/lib.linux-x86_64-3.10/Cython/Includes/Deprecated/python_ref.pxd -> /builddir/build/BUILDROOT/Cython-0.29.24-2.fc36.x86_64/usr/lib64/python3.10/site-packages/Cython/Includes/Deprecated
+copying build/lib.linux-x86_64-3.10/Cython/Includes/Deprecated/python_sequence.pxd -> /builddir/build/BUILDROOT/Cython-0.29.24-2.fc36.x86_64/usr/lib64/python3.10/site-packages/Cython/Includes/Deprecated
+copying build/lib.linux-x86_64-3.10/Cython/Includes/Deprecated/python_set.pxd -> /builddir/build/BUILDROOT/Cython-0.29.24-2.fc36.x86_64/usr/lib64/python3.10/site-packages/Cython/Includes/Deprecated
+copying build/lib.linux-x86_64-3.10/Cython/Includes/Deprecated/python_string.pxd -> /builddir/build/BUILDROOT/Cython-0.29.24-2.fc36.x86_64/usr/lib64/python3.10/site-packages/Cython/Includes/Deprecated
+copying build/lib.linux-x86_64-3.10/Cython/Includes/Deprecated/python_tuple.pxd -> /builddir/build/BUILDROOT/Cython-0.29.24-2.fc36.x86_64/usr/lib64/python3.10/site-packages/Cython/Includes/Deprecated
+copying build/lib.linux-x86_64-3.10/Cython/Includes/Deprecated/python_type.pxd -> /builddir/build/BUILDROOT/Cython-0.29.24-2.fc36.x86_64/usr/lib64/python3.10/site-packages/Cython/Includes/Deprecated
+copying build/lib.linux-x86_64-3.10/Cython/Includes/Deprecated/python_unicode.pxd -> /builddir/build/BUILDROOT/Cython-0.29.24-2.fc36.x86_64/usr/lib64/python3.10/site-packages/Cython/Includes/Deprecated
+copying build/lib.linux-x86_64-3.10/Cython/Includes/Deprecated/python_version.pxd -> /builddir/build/BUILDROOT/Cython-0.29.24-2.fc36.x86_64/usr/lib64/python3.10/site-packages/Cython/Includes/Deprecated
+copying build/lib.linux-x86_64-3.10/Cython/Includes/Deprecated/python_weakref.pxd -> /builddir/build/BUILDROOT/Cython-0.29.24-2.fc36.x86_64/usr/lib64/python3.10/site-packages/Cython/Includes/Deprecated
+copying build/lib.linux-x86_64-3.10/Cython/Includes/Deprecated/stdio.pxd -> /builddir/build/BUILDROOT/Cython-0.29.24-2.fc36.x86_64/usr/lib64/python3.10/site-packages/Cython/Includes/Deprecated
+copying build/lib.linux-x86_64-3.10/Cython/Includes/Deprecated/stdlib.pxd -> /builddir/build/BUILDROOT/Cython-0.29.24-2.fc36.x86_64/usr/lib64/python3.10/site-packages/Cython/Includes/Deprecated
+copying build/lib.linux-x86_64-3.10/Cython/Includes/Deprecated/stl.pxd -> /builddir/build/BUILDROOT/Cython-0.29.24-2.fc36.x86_64/usr/lib64/python3.10/site-packages/Cython/Includes/Deprecated
+creating /builddir/build/BUILDROOT/Cython-0.29.24-2.fc36.x86_64/usr/lib64/python3.10/site-packages/Cython/Includes/cpython
+copying build/lib.linux-x86_64-3.10/Cython/Includes/cpython/__init__.pxd -> /builddir/build/BUILDROOT/Cython-0.29.24-2.fc36.x86_64/usr/lib64/python3.10/site-packages/Cython/Includes/cpython
+copying build/lib.linux-x86_64-3.10/Cython/Includes/cpython/array.pxd -> /builddir/build/BUILDROOT/Cython-0.29.24-2.fc36.x86_64/usr/lib64/python3.10/site-packages/Cython/Includes/cpython
+copying build/lib.linux-x86_64-3.10/Cython/Includes/cpython/bool.pxd -> /builddir/build/BUILDROOT/Cython-0.29.24-2.fc36.x86_64/usr/lib64/python3.10/site-packages/Cython/Includes/cpython
+copying build/lib.linux-x86_64-3.10/Cython/Includes/cpython/buffer.pxd -> /builddir/build/BUILDROOT/Cython-0.29.24-2.fc36.x86_64/usr/lib64/python3.10/site-packages/Cython/Includes/cpython
+copying build/lib.linux-x86_64-3.10/Cython/Includes/cpython/bytearray.pxd -> /builddir/build/BUILDROOT/Cython-0.29.24-2.fc36.x86_64/usr/lib64/python3.10/site-packages/Cython/Includes/cpython
+copying build/lib.linux-x86_64-3.10/Cython/Includes/cpython/bytes.pxd -> /builddir/build/BUILDROOT/Cython-0.29.24-2.fc36.x86_64/usr/lib64/python3.10/site-packages/Cython/Includes/cpython
+copying build/lib.linux-x86_64-3.10/Cython/Includes/cpython/cellobject.pxd -> /builddir/build/BUILDROOT/Cython-0.29.24-2.fc36.x86_64/usr/lib64/python3.10/site-packages/Cython/Includes/cpython
+copying build/lib.linux-x86_64-3.10/Cython/Includes/cpython/ceval.pxd -> /builddir/build/BUILDROOT/Cython-0.29.24-2.fc36.x86_64/usr/lib64/python3.10/site-packages/Cython/Includes/cpython
+copying build/lib.linux-x86_64-3.10/Cython/Includes/cpython/cobject.pxd -> /builddir/build/BUILDROOT/Cython-0.29.24-2.fc36.x86_64/usr/lib64/python3.10/site-packages/Cython/Includes/cpython
+copying build/lib.linux-x86_64-3.10/Cython/Includes/cpython/codecs.pxd -> /builddir/build/BUILDROOT/Cython-0.29.24-2.fc36.x86_64/usr/lib64/python3.10/site-packages/Cython/Includes/cpython
+copying build/lib.linux-x86_64-3.10/Cython/Includes/cpython/complex.pxd -> /builddir/build/BUILDROOT/Cython-0.29.24-2.fc36.x86_64/usr/lib64/python3.10/site-packages/Cython/Includes/cpython
+copying build/lib.linux-x86_64-3.10/Cython/Includes/cpython/conversion.pxd -> /builddir/build/BUILDROOT/Cython-0.29.24-2.fc36.x86_64/usr/lib64/python3.10/site-packages/Cython/Includes/cpython
+copying build/lib.linux-x86_64-3.10/Cython/Includes/cpython/datetime.pxd -> /builddir/build/BUILDROOT/Cython-0.29.24-2.fc36.x86_64/usr/lib64/python3.10/site-packages/Cython/Includes/cpython
+copying build/lib.linux-x86_64-3.10/Cython/Includes/cpython/dict.pxd -> /builddir/build/BUILDROOT/Cython-0.29.24-2.fc36.x86_64/usr/lib64/python3.10/site-packages/Cython/Includes/cpython
+copying build/lib.linux-x86_64-3.10/Cython/Includes/cpython/exc.pxd -> /builddir/build/BUILDROOT/Cython-0.29.24-2.fc36.x86_64/usr/lib64/python3.10/site-packages/Cython/Includes/cpython
+copying build/lib.linux-x86_64-3.10/Cython/Includes/cpython/float.pxd -> /builddir/build/BUILDROOT/Cython-0.29.24-2.fc36.x86_64/usr/lib64/python3.10/site-packages/Cython/Includes/cpython
+copying build/lib.linux-x86_64-3.10/Cython/Includes/cpython/function.pxd -> /builddir/build/BUILDROOT/Cython-0.29.24-2.fc36.x86_64/usr/lib64/python3.10/site-packages/Cython/Includes/cpython
+copying build/lib.linux-x86_64-3.10/Cython/Includes/cpython/genobject.pxd -> /builddir/build/BUILDROOT/Cython-0.29.24-2.fc36.x86_64/usr/lib64/python3.10/site-packages/Cython/Includes/cpython
+copying build/lib.linux-x86_64-3.10/Cython/Includes/cpython/getargs.pxd -> /builddir/build/BUILDROOT/Cython-0.29.24-2.fc36.x86_64/usr/lib64/python3.10/site-packages/Cython/Includes/cpython
+copying build/lib.linux-x86_64-3.10/Cython/Includes/cpython/instance.pxd -> /builddir/build/BUILDROOT/Cython-0.29.24-2.fc36.x86_64/usr/lib64/python3.10/site-packages/Cython/Includes/cpython
+copying build/lib.linux-x86_64-3.10/Cython/Includes/cpython/int.pxd -> /builddir/build/BUILDROOT/Cython-0.29.24-2.fc36.x86_64/usr/lib64/python3.10/site-packages/Cython/Includes/cpython
+copying build/lib.linux-x86_64-3.10/Cython/Includes/cpython/iterator.pxd -> /builddir/build/BUILDROOT/Cython-0.29.24-2.fc36.x86_64/usr/lib64/python3.10/site-packages/Cython/Includes/cpython
+copying build/lib.linux-x86_64-3.10/Cython/Includes/cpython/iterobject.pxd -> /builddir/build/BUILDROOT/Cython-0.29.24-2.fc36.x86_64/usr/lib64/python3.10/site-packages/Cython/Includes/cpython
+copying build/lib.linux-x86_64-3.10/Cython/Includes/cpython/list.pxd -> /builddir/build/BUILDROOT/Cython-0.29.24-2.fc36.x86_64/usr/lib64/python3.10/site-packages/Cython/Includes/cpython
+copying build/lib.linux-x86_64-3.10/Cython/Includes/cpython/long.pxd -> /builddir/build/BUILDROOT/Cython-0.29.24-2.fc36.x86_64/usr/lib64/python3.10/site-packages/Cython/Includes/cpython
+copying build/lib.linux-x86_64-3.10/Cython/Includes/cpython/longintrepr.pxd -> /builddir/build/BUILDROOT/Cython-0.29.24-2.fc36.x86_64/usr/lib64/python3.10/site-packages/Cython/Includes/cpython
+copying build/lib.linux-x86_64-3.10/Cython/Includes/cpython/mapping.pxd -> /builddir/build/BUILDROOT/Cython-0.29.24-2.fc36.x86_64/usr/lib64/python3.10/site-packages/Cython/Includes/cpython
+copying build/lib.linux-x86_64-3.10/Cython/Includes/cpython/mem.pxd -> /builddir/build/BUILDROOT/Cython-0.29.24-2.fc36.x86_64/usr/lib64/python3.10/site-packages/Cython/Includes/cpython
+copying build/lib.linux-x86_64-3.10/Cython/Includes/cpython/memoryview.pxd -> /builddir/build/BUILDROOT/Cython-0.29.24-2.fc36.x86_64/usr/lib64/python3.10/site-packages/Cython/Includes/cpython
+copying build/lib.linux-x86_64-3.10/Cython/Includes/cpython/method.pxd -> /builddir/build/BUILDROOT/Cython-0.29.24-2.fc36.x86_64/usr/lib64/python3.10/site-packages/Cython/Includes/cpython
+copying build/lib.linux-x86_64-3.10/Cython/Includes/cpython/module.pxd -> /builddir/build/BUILDROOT/Cython-0.29.24-2.fc36.x86_64/usr/lib64/python3.10/site-packages/Cython/Includes/cpython
+copying build/lib.linux-x86_64-3.10/Cython/Includes/cpython/number.pxd -> /builddir/build/BUILDROOT/Cython-0.29.24-2.fc36.x86_64/usr/lib64/python3.10/site-packages/Cython/Includes/cpython
+copying build/lib.linux-x86_64-3.10/Cython/Includes/cpython/object.pxd -> /builddir/build/BUILDROOT/Cython-0.29.24-2.fc36.x86_64/usr/lib64/python3.10/site-packages/Cython/Includes/cpython
+copying build/lib.linux-x86_64-3.10/Cython/Includes/cpython/oldbuffer.pxd -> /builddir/build/BUILDROOT/Cython-0.29.24-2.fc36.x86_64/usr/lib64/python3.10/site-packages/Cython/Includes/cpython
+copying build/lib.linux-x86_64-3.10/Cython/Includes/cpython/pycapsule.pxd -> /builddir/build/BUILDROOT/Cython-0.29.24-2.fc36.x86_64/usr/lib64/python3.10/site-packages/Cython/Includes/cpython
+copying build/lib.linux-x86_64-3.10/Cython/Includes/cpython/pylifecycle.pxd -> /builddir/build/BUILDROOT/Cython-0.29.24-2.fc36.x86_64/usr/lib64/python3.10/site-packages/Cython/Includes/cpython
+copying build/lib.linux-x86_64-3.10/Cython/Includes/cpython/pystate.pxd -> /builddir/build/BUILDROOT/Cython-0.29.24-2.fc36.x86_64/usr/lib64/python3.10/site-packages/Cython/Includes/cpython
+copying build/lib.linux-x86_64-3.10/Cython/Includes/cpython/pythread.pxd -> /builddir/build/BUILDROOT/Cython-0.29.24-2.fc36.x86_64/usr/lib64/python3.10/site-packages/Cython/Includes/cpython
+copying build/lib.linux-x86_64-3.10/Cython/Includes/cpython/ref.pxd -> /builddir/build/BUILDROOT/Cython-0.29.24-2.fc36.x86_64/usr/lib64/python3.10/site-packages/Cython/Includes/cpython
+copying build/lib.linux-x86_64-3.10/Cython/Includes/cpython/sequence.pxd -> /builddir/build/BUILDROOT/Cython-0.29.24-2.fc36.x86_64/usr/lib64/python3.10/site-packages/Cython/Includes/cpython
+copying build/lib.linux-x86_64-3.10/Cython/Includes/cpython/set.pxd -> /builddir/build/BUILDROOT/Cython-0.29.24-2.fc36.x86_64/usr/lib64/python3.10/site-packages/Cython/Includes/cpython
+copying build/lib.linux-x86_64-3.10/Cython/Includes/cpython/slice.pxd -> /builddir/build/BUILDROOT/Cython-0.29.24-2.fc36.x86_64/usr/lib64/python3.10/site-packages/Cython/Includes/cpython
+copying build/lib.linux-x86_64-3.10/Cython/Includes/cpython/string.pxd -> /builddir/build/BUILDROOT/Cython-0.29.24-2.fc36.x86_64/usr/lib64/python3.10/site-packages/Cython/Includes/cpython
+copying build/lib.linux-x86_64-3.10/Cython/Includes/cpython/tuple.pxd -> /builddir/build/BUILDROOT/Cython-0.29.24-2.fc36.x86_64/usr/lib64/python3.10/site-packages/Cython/Includes/cpython
+copying build/lib.linux-x86_64-3.10/Cython/Includes/cpython/type.pxd -> /builddir/build/BUILDROOT/Cython-0.29.24-2.fc36.x86_64/usr/lib64/python3.10/site-packages/Cython/Includes/cpython
+copying build/lib.linux-x86_64-3.10/Cython/Includes/cpython/unicode.pxd -> /builddir/build/BUILDROOT/Cython-0.29.24-2.fc36.x86_64/usr/lib64/python3.10/site-packages/Cython/Includes/cpython
+copying build/lib.linux-x86_64-3.10/Cython/Includes/cpython/version.pxd -> /builddir/build/BUILDROOT/Cython-0.29.24-2.fc36.x86_64/usr/lib64/python3.10/site-packages/Cython/Includes/cpython
+copying build/lib.linux-x86_64-3.10/Cython/Includes/cpython/weakref.pxd -> /builddir/build/BUILDROOT/Cython-0.29.24-2.fc36.x86_64/usr/lib64/python3.10/site-packages/Cython/Includes/cpython
+creating /builddir/build/BUILDROOT/Cython-0.29.24-2.fc36.x86_64/usr/lib64/python3.10/site-packages/Cython/Includes/libc
+copying build/lib.linux-x86_64-3.10/Cython/Includes/libc/__init__.pxd -> /builddir/build/BUILDROOT/Cython-0.29.24-2.fc36.x86_64/usr/lib64/python3.10/site-packages/Cython/Includes/libc
+copying build/lib.linux-x86_64-3.10/Cython/Includes/libc/errno.pxd -> /builddir/build/BUILDROOT/Cython-0.29.24-2.fc36.x86_64/usr/lib64/python3.10/site-packages/Cython/Includes/libc
+copying build/lib.linux-x86_64-3.10/Cython/Includes/libc/float.pxd -> /builddir/build/BUILDROOT/Cython-0.29.24-2.fc36.x86_64/usr/lib64/python3.10/site-packages/Cython/Includes/libc
+copying build/lib.linux-x86_64-3.10/Cython/Includes/libc/limits.pxd -> /builddir/build/BUILDROOT/Cython-0.29.24-2.fc36.x86_64/usr/lib64/python3.10/site-packages/Cython/Includes/libc
+copying build/lib.linux-x86_64-3.10/Cython/Includes/libc/locale.pxd -> /builddir/build/BUILDROOT/Cython-0.29.24-2.fc36.x86_64/usr/lib64/python3.10/site-packages/Cython/Includes/libc
+copying build/lib.linux-x86_64-3.10/Cython/Includes/libc/math.pxd -> /builddir/build/BUILDROOT/Cython-0.29.24-2.fc36.x86_64/usr/lib64/python3.10/site-packages/Cython/Includes/libc
+copying build/lib.linux-x86_64-3.10/Cython/Includes/libc/setjmp.pxd -> /builddir/build/BUILDROOT/Cython-0.29.24-2.fc36.x86_64/usr/lib64/python3.10/site-packages/Cython/Includes/libc
+copying build/lib.linux-x86_64-3.10/Cython/Includes/libc/signal.pxd -> /builddir/build/BUILDROOT/Cython-0.29.24-2.fc36.x86_64/usr/lib64/python3.10/site-packages/Cython/Includes/libc
+copying build/lib.linux-x86_64-3.10/Cython/Includes/libc/stddef.pxd -> /builddir/build/BUILDROOT/Cython-0.29.24-2.fc36.x86_64/usr/lib64/python3.10/site-packages/Cython/Includes/libc
+copying build/lib.linux-x86_64-3.10/Cython/Includes/libc/stdint.pxd -> /builddir/build/BUILDROOT/Cython-0.29.24-2.fc36.x86_64/usr/lib64/python3.10/site-packages/Cython/Includes/libc
+copying build/lib.linux-x86_64-3.10/Cython/Includes/libc/stdio.pxd -> /builddir/build/BUILDROOT/Cython-0.29.24-2.fc36.x86_64/usr/lib64/python3.10/site-packages/Cython/Includes/libc
+copying build/lib.linux-x86_64-3.10/Cython/Includes/libc/stdlib.pxd -> /builddir/build/BUILDROOT/Cython-0.29.24-2.fc36.x86_64/usr/lib64/python3.10/site-packages/Cython/Includes/libc
+copying build/lib.linux-x86_64-3.10/Cython/Includes/libc/string.pxd -> /builddir/build/BUILDROOT/Cython-0.29.24-2.fc36.x86_64/usr/lib64/python3.10/site-packages/Cython/Includes/libc
+copying build/lib.linux-x86_64-3.10/Cython/Includes/libc/time.pxd -> /builddir/build/BUILDROOT/Cython-0.29.24-2.fc36.x86_64/usr/lib64/python3.10/site-packages/Cython/Includes/libc
+creating /builddir/build/BUILDROOT/Cython-0.29.24-2.fc36.x86_64/usr/lib64/python3.10/site-packages/Cython/Includes/libcpp
+copying build/lib.linux-x86_64-3.10/Cython/Includes/libcpp/__init__.pxd -> /builddir/build/BUILDROOT/Cython-0.29.24-2.fc36.x86_64/usr/lib64/python3.10/site-packages/Cython/Includes/libcpp
+copying build/lib.linux-x86_64-3.10/Cython/Includes/libcpp/algorithm.pxd -> /builddir/build/BUILDROOT/Cython-0.29.24-2.fc36.x86_64/usr/lib64/python3.10/site-packages/Cython/Includes/libcpp
+copying build/lib.linux-x86_64-3.10/Cython/Includes/libcpp/cast.pxd -> /builddir/build/BUILDROOT/Cython-0.29.24-2.fc36.x86_64/usr/lib64/python3.10/site-packages/Cython/Includes/libcpp
+copying build/lib.linux-x86_64-3.10/Cython/Includes/libcpp/complex.pxd -> /builddir/build/BUILDROOT/Cython-0.29.24-2.fc36.x86_64/usr/lib64/python3.10/site-packages/Cython/Includes/libcpp
+copying build/lib.linux-x86_64-3.10/Cython/Includes/libcpp/deque.pxd -> /builddir/build/BUILDROOT/Cython-0.29.24-2.fc36.x86_64/usr/lib64/python3.10/site-packages/Cython/Includes/libcpp
+copying build/lib.linux-x86_64-3.10/Cython/Includes/libcpp/forward_list.pxd -> /builddir/build/BUILDROOT/Cython-0.29.24-2.fc36.x86_64/usr/lib64/python3.10/site-packages/Cython/Includes/libcpp
+copying build/lib.linux-x86_64-3.10/Cython/Includes/libcpp/functional.pxd -> /builddir/build/BUILDROOT/Cython-0.29.24-2.fc36.x86_64/usr/lib64/python3.10/site-packages/Cython/Includes/libcpp
+copying build/lib.linux-x86_64-3.10/Cython/Includes/libcpp/iterator.pxd -> /builddir/build/BUILDROOT/Cython-0.29.24-2.fc36.x86_64/usr/lib64/python3.10/site-packages/Cython/Includes/libcpp
+copying build/lib.linux-x86_64-3.10/Cython/Includes/libcpp/limits.pxd -> /builddir/build/BUILDROOT/Cython-0.29.24-2.fc36.x86_64/usr/lib64/python3.10/site-packages/Cython/Includes/libcpp
+copying build/lib.linux-x86_64-3.10/Cython/Includes/libcpp/list.pxd -> /builddir/build/BUILDROOT/Cython-0.29.24-2.fc36.x86_64/usr/lib64/python3.10/site-packages/Cython/Includes/libcpp
+copying build/lib.linux-x86_64-3.10/Cython/Includes/libcpp/map.pxd -> /builddir/build/BUILDROOT/Cython-0.29.24-2.fc36.x86_64/usr/lib64/python3.10/site-packages/Cython/Includes/libcpp
+copying build/lib.linux-x86_64-3.10/Cython/Includes/libcpp/memory.pxd -> /builddir/build/BUILDROOT/Cython-0.29.24-2.fc36.x86_64/usr/lib64/python3.10/site-packages/Cython/Includes/libcpp
+copying build/lib.linux-x86_64-3.10/Cython/Includes/libcpp/pair.pxd -> /builddir/build/BUILDROOT/Cython-0.29.24-2.fc36.x86_64/usr/lib64/python3.10/site-packages/Cython/Includes/libcpp
+copying build/lib.linux-x86_64-3.10/Cython/Includes/libcpp/queue.pxd -> /builddir/build/BUILDROOT/Cython-0.29.24-2.fc36.x86_64/usr/lib64/python3.10/site-packages/Cython/Includes/libcpp
+copying build/lib.linux-x86_64-3.10/Cython/Includes/libcpp/set.pxd -> /builddir/build/BUILDROOT/Cython-0.29.24-2.fc36.x86_64/usr/lib64/python3.10/site-packages/Cython/Includes/libcpp
+copying build/lib.linux-x86_64-3.10/Cython/Includes/libcpp/stack.pxd -> /builddir/build/BUILDROOT/Cython-0.29.24-2.fc36.x86_64/usr/lib64/python3.10/site-packages/Cython/Includes/libcpp
+copying build/lib.linux-x86_64-3.10/Cython/Includes/libcpp/string.pxd -> /builddir/build/BUILDROOT/Cython-0.29.24-2.fc36.x86_64/usr/lib64/python3.10/site-packages/Cython/Includes/libcpp
+copying build/lib.linux-x86_64-3.10/Cython/Includes/libcpp/typeindex.pxd -> /builddir/build/BUILDROOT/Cython-0.29.24-2.fc36.x86_64/usr/lib64/python3.10/site-packages/Cython/Includes/libcpp
+copying build/lib.linux-x86_64-3.10/Cython/Includes/libcpp/typeinfo.pxd -> /builddir/build/BUILDROOT/Cython-0.29.24-2.fc36.x86_64/usr/lib64/python3.10/site-packages/Cython/Includes/libcpp
+copying build/lib.linux-x86_64-3.10/Cython/Includes/libcpp/unordered_map.pxd -> /builddir/build/BUILDROOT/Cython-0.29.24-2.fc36.x86_64/usr/lib64/python3.10/site-packages/Cython/Includes/libcpp
+copying build/lib.linux-x86_64-3.10/Cython/Includes/libcpp/unordered_set.pxd -> /builddir/build/BUILDROOT/Cython-0.29.24-2.fc36.x86_64/usr/lib64/python3.10/site-packages/Cython/Includes/libcpp
+copying build/lib.linux-x86_64-3.10/Cython/Includes/libcpp/utility.pxd -> /builddir/build/BUILDROOT/Cython-0.29.24-2.fc36.x86_64/usr/lib64/python3.10/site-packages/Cython/Includes/libcpp
+copying build/lib.linux-x86_64-3.10/Cython/Includes/libcpp/vector.pxd -> /builddir/build/BUILDROOT/Cython-0.29.24-2.fc36.x86_64/usr/lib64/python3.10/site-packages/Cython/Includes/libcpp
+creating /builddir/build/BUILDROOT/Cython-0.29.24-2.fc36.x86_64/usr/lib64/python3.10/site-packages/Cython/Includes/numpy
+copying build/lib.linux-x86_64-3.10/Cython/Includes/numpy/__init__.pxd -> /builddir/build/BUILDROOT/Cython-0.29.24-2.fc36.x86_64/usr/lib64/python3.10/site-packages/Cython/Includes/numpy
+copying build/lib.linux-x86_64-3.10/Cython/Includes/numpy/math.pxd -> /builddir/build/BUILDROOT/Cython-0.29.24-2.fc36.x86_64/usr/lib64/python3.10/site-packages/Cython/Includes/numpy
+creating /builddir/build/BUILDROOT/Cython-0.29.24-2.fc36.x86_64/usr/lib64/python3.10/site-packages/Cython/Includes/posix
+copying build/lib.linux-x86_64-3.10/Cython/Includes/posix/__init__.pxd -> /builddir/build/BUILDROOT/Cython-0.29.24-2.fc36.x86_64/usr/lib64/python3.10/site-packages/Cython/Includes/posix
+copying build/lib.linux-x86_64-3.10/Cython/Includes/posix/dlfcn.pxd -> /builddir/build/BUILDROOT/Cython-0.29.24-2.fc36.x86_64/usr/lib64/python3.10/site-packages/Cython/Includes/posix
+copying build/lib.linux-x86_64-3.10/Cython/Includes/posix/fcntl.pxd -> /builddir/build/BUILDROOT/Cython-0.29.24-2.fc36.x86_64/usr/lib64/python3.10/site-packages/Cython/Includes/posix
+copying build/lib.linux-x86_64-3.10/Cython/Includes/posix/ioctl.pxd -> /builddir/build/BUILDROOT/Cython-0.29.24-2.fc36.x86_64/usr/lib64/python3.10/site-packages/Cython/Includes/posix
+copying build/lib.linux-x86_64-3.10/Cython/Includes/posix/mman.pxd -> /builddir/build/BUILDROOT/Cython-0.29.24-2.fc36.x86_64/usr/lib64/python3.10/site-packages/Cython/Includes/posix
+copying build/lib.linux-x86_64-3.10/Cython/Includes/posix/resource.pxd -> /builddir/build/BUILDROOT/Cython-0.29.24-2.fc36.x86_64/usr/lib64/python3.10/site-packages/Cython/Includes/posix
+copying build/lib.linux-x86_64-3.10/Cython/Includes/posix/select.pxd -> /builddir/build/BUILDROOT/Cython-0.29.24-2.fc36.x86_64/usr/lib64/python3.10/site-packages/Cython/Includes/posix
+copying build/lib.linux-x86_64-3.10/Cython/Includes/posix/signal.pxd -> /builddir/build/BUILDROOT/Cython-0.29.24-2.fc36.x86_64/usr/lib64/python3.10/site-packages/Cython/Includes/posix
+copying build/lib.linux-x86_64-3.10/Cython/Includes/posix/stat.pxd -> /builddir/build/BUILDROOT/Cython-0.29.24-2.fc36.x86_64/usr/lib64/python3.10/site-packages/Cython/Includes/posix
+copying build/lib.linux-x86_64-3.10/Cython/Includes/posix/stdio.pxd -> /builddir/build/BUILDROOT/Cython-0.29.24-2.fc36.x86_64/usr/lib64/python3.10/site-packages/Cython/Includes/posix
+copying build/lib.linux-x86_64-3.10/Cython/Includes/posix/stdlib.pxd -> /builddir/build/BUILDROOT/Cython-0.29.24-2.fc36.x86_64/usr/lib64/python3.10/site-packages/Cython/Includes/posix
+copying build/lib.linux-x86_64-3.10/Cython/Includes/posix/strings.pxd -> /builddir/build/BUILDROOT/Cython-0.29.24-2.fc36.x86_64/usr/lib64/python3.10/site-packages/Cython/Includes/posix
+copying build/lib.linux-x86_64-3.10/Cython/Includes/posix/time.pxd -> /builddir/build/BUILDROOT/Cython-0.29.24-2.fc36.x86_64/usr/lib64/python3.10/site-packages/Cython/Includes/posix
+copying build/lib.linux-x86_64-3.10/Cython/Includes/posix/types.pxd -> /builddir/build/BUILDROOT/Cython-0.29.24-2.fc36.x86_64/usr/lib64/python3.10/site-packages/Cython/Includes/posix
+copying build/lib.linux-x86_64-3.10/Cython/Includes/posix/unistd.pxd -> /builddir/build/BUILDROOT/Cython-0.29.24-2.fc36.x86_64/usr/lib64/python3.10/site-packages/Cython/Includes/posix
+copying build/lib.linux-x86_64-3.10/Cython/Includes/posix/wait.pxd -> /builddir/build/BUILDROOT/Cython-0.29.24-2.fc36.x86_64/usr/lib64/python3.10/site-packages/Cython/Includes/posix
+copying build/lib.linux-x86_64-3.10/Cython/Includes/openmp.pxd -> /builddir/build/BUILDROOT/Cython-0.29.24-2.fc36.x86_64/usr/lib64/python3.10/site-packages/Cython/Includes
+creating /builddir/build/BUILDROOT/Cython-0.29.24-2.fc36.x86_64/usr/lib64/python3.10/site-packages/Cython/Tempita
+copying build/lib.linux-x86_64-3.10/Cython/Tempita/_tempita.cpython-310-x86_64-linux-gnu.so -> /builddir/build/BUILDROOT/Cython-0.29.24-2.fc36.x86_64/usr/lib64/python3.10/site-packages/Cython/Tempita
+copying build/lib.linux-x86_64-3.10/Cython/Tempita/__init__.py -> /builddir/build/BUILDROOT/Cython-0.29.24-2.fc36.x86_64/usr/lib64/python3.10/site-packages/Cython/Tempita
+copying build/lib.linux-x86_64-3.10/Cython/Tempita/_looper.py -> /builddir/build/BUILDROOT/Cython-0.29.24-2.fc36.x86_64/usr/lib64/python3.10/site-packages/Cython/Tempita
+copying build/lib.linux-x86_64-3.10/Cython/Tempita/_tempita.py -> /builddir/build/BUILDROOT/Cython-0.29.24-2.fc36.x86_64/usr/lib64/python3.10/site-packages/Cython/Tempita
+copying build/lib.linux-x86_64-3.10/Cython/Tempita/compat3.py -> /builddir/build/BUILDROOT/Cython-0.29.24-2.fc36.x86_64/usr/lib64/python3.10/site-packages/Cython/Tempita
+creating /builddir/build/BUILDROOT/Cython-0.29.24-2.fc36.x86_64/usr/lib64/python3.10/site-packages/Cython/Utility
+copying build/lib.linux-x86_64-3.10/Cython/Utility/CppSupport.cpp -> /builddir/build/BUILDROOT/Cython-0.29.24-2.fc36.x86_64/usr/lib64/python3.10/site-packages/Cython/Utility
+copying build/lib.linux-x86_64-3.10/Cython/Utility/arrayarray.h -> /builddir/build/BUILDROOT/Cython-0.29.24-2.fc36.x86_64/usr/lib64/python3.10/site-packages/Cython/Utility
+copying build/lib.linux-x86_64-3.10/Cython/Utility/AsyncGen.c -> /builddir/build/BUILDROOT/Cython-0.29.24-2.fc36.x86_64/usr/lib64/python3.10/site-packages/Cython/Utility
+copying build/lib.linux-x86_64-3.10/Cython/Utility/Buffer.c -> /builddir/build/BUILDROOT/Cython-0.29.24-2.fc36.x86_64/usr/lib64/python3.10/site-packages/Cython/Utility
+copying build/lib.linux-x86_64-3.10/Cython/Utility/Builtins.c -> /builddir/build/BUILDROOT/Cython-0.29.24-2.fc36.x86_64/usr/lib64/python3.10/site-packages/Cython/Utility
+copying build/lib.linux-x86_64-3.10/Cython/Utility/CMath.c -> /builddir/build/BUILDROOT/Cython-0.29.24-2.fc36.x86_64/usr/lib64/python3.10/site-packages/Cython/Utility
+copying build/lib.linux-x86_64-3.10/Cython/Utility/Capsule.c -> /builddir/build/BUILDROOT/Cython-0.29.24-2.fc36.x86_64/usr/lib64/python3.10/site-packages/Cython/Utility
+copying build/lib.linux-x86_64-3.10/Cython/Utility/CommonStructures.c -> /builddir/build/BUILDROOT/Cython-0.29.24-2.fc36.x86_64/usr/lib64/python3.10/site-packages/Cython/Utility
+copying build/lib.linux-x86_64-3.10/Cython/Utility/Complex.c -> /builddir/build/BUILDROOT/Cython-0.29.24-2.fc36.x86_64/usr/lib64/python3.10/site-packages/Cython/Utility
+copying build/lib.linux-x86_64-3.10/Cython/Utility/CythonFunction.c -> /builddir/build/BUILDROOT/Cython-0.29.24-2.fc36.x86_64/usr/lib64/python3.10/site-packages/Cython/Utility
+copying build/lib.linux-x86_64-3.10/Cython/Utility/Embed.c -> /builddir/build/BUILDROOT/Cython-0.29.24-2.fc36.x86_64/usr/lib64/python3.10/site-packages/Cython/Utility
+copying build/lib.linux-x86_64-3.10/Cython/Utility/Exceptions.c -> /builddir/build/BUILDROOT/Cython-0.29.24-2.fc36.x86_64/usr/lib64/python3.10/site-packages/Cython/Utility
+copying build/lib.linux-x86_64-3.10/Cython/Utility/ExtensionTypes.c -> /builddir/build/BUILDROOT/Cython-0.29.24-2.fc36.x86_64/usr/lib64/python3.10/site-packages/Cython/Utility
+copying build/lib.linux-x86_64-3.10/Cython/Utility/FunctionArguments.c -> /builddir/build/BUILDROOT/Cython-0.29.24-2.fc36.x86_64/usr/lib64/python3.10/site-packages/Cython/Utility
+copying build/lib.linux-x86_64-3.10/Cython/Utility/ImportExport.c -> /builddir/build/BUILDROOT/Cython-0.29.24-2.fc36.x86_64/usr/lib64/python3.10/site-packages/Cython/Utility
+copying build/lib.linux-x86_64-3.10/Cython/Utility/MemoryView_C.c -> /builddir/build/BUILDROOT/Cython-0.29.24-2.fc36.x86_64/usr/lib64/python3.10/site-packages/Cython/Utility
+copying build/lib.linux-x86_64-3.10/Cython/Utility/ModuleSetupCode.c -> /builddir/build/BUILDROOT/Cython-0.29.24-2.fc36.x86_64/usr/lib64/python3.10/site-packages/Cython/Utility
+copying build/lib.linux-x86_64-3.10/Cython/Utility/Optimize.c -> /builddir/build/BUILDROOT/Cython-0.29.24-2.fc36.x86_64/usr/lib64/python3.10/site-packages/Cython/Utility
+copying build/lib.linux-x86_64-3.10/Cython/Utility/Overflow.c -> /builddir/build/BUILDROOT/Cython-0.29.24-2.fc36.x86_64/usr/lib64/python3.10/site-packages/Cython/Utility
+copying build/lib.linux-x86_64-3.10/Cython/Utility/Printing.c -> /builddir/build/BUILDROOT/Cython-0.29.24-2.fc36.x86_64/usr/lib64/python3.10/site-packages/Cython/Utility
+copying build/lib.linux-x86_64-3.10/Cython/Utility/Profile.c -> /builddir/build/BUILDROOT/Cython-0.29.24-2.fc36.x86_64/usr/lib64/python3.10/site-packages/Cython/Utility
+copying build/lib.linux-x86_64-3.10/Cython/Utility/StringTools.c -> /builddir/build/BUILDROOT/Cython-0.29.24-2.fc36.x86_64/usr/lib64/python3.10/site-packages/Cython/Utility
+copying build/lib.linux-x86_64-3.10/Cython/Utility/TestUtilityLoader.c -> /builddir/build/BUILDROOT/Cython-0.29.24-2.fc36.x86_64/usr/lib64/python3.10/site-packages/Cython/Utility
+copying build/lib.linux-x86_64-3.10/Cython/Utility/TypeConversion.c -> /builddir/build/BUILDROOT/Cython-0.29.24-2.fc36.x86_64/usr/lib64/python3.10/site-packages/Cython/Utility
+copying build/lib.linux-x86_64-3.10/Cython/Utility/Coroutine.c -> /builddir/build/BUILDROOT/Cython-0.29.24-2.fc36.x86_64/usr/lib64/python3.10/site-packages/Cython/Utility
+copying build/lib.linux-x86_64-3.10/Cython/Utility/ObjectHandling.c -> /builddir/build/BUILDROOT/Cython-0.29.24-2.fc36.x86_64/usr/lib64/python3.10/site-packages/Cython/Utility
+copying build/lib.linux-x86_64-3.10/Cython/Utility/CConvert.pyx -> /builddir/build/BUILDROOT/Cython-0.29.24-2.fc36.x86_64/usr/lib64/python3.10/site-packages/Cython/Utility
+copying build/lib.linux-x86_64-3.10/Cython/Utility/CpdefEnums.pyx -> /builddir/build/BUILDROOT/Cython-0.29.24-2.fc36.x86_64/usr/lib64/python3.10/site-packages/Cython/Utility
+copying build/lib.linux-x86_64-3.10/Cython/Utility/CppConvert.pyx -> /builddir/build/BUILDROOT/Cython-0.29.24-2.fc36.x86_64/usr/lib64/python3.10/site-packages/Cython/Utility
+copying build/lib.linux-x86_64-3.10/Cython/Utility/MemoryView.pyx -> /builddir/build/BUILDROOT/Cython-0.29.24-2.fc36.x86_64/usr/lib64/python3.10/site-packages/Cython/Utility
+copying build/lib.linux-x86_64-3.10/Cython/Utility/TestCyUtilityLoader.pyx -> /builddir/build/BUILDROOT/Cython-0.29.24-2.fc36.x86_64/usr/lib64/python3.10/site-packages/Cython/Utility
+copying build/lib.linux-x86_64-3.10/Cython/Utility/TestCythonScope.pyx -> /builddir/build/BUILDROOT/Cython-0.29.24-2.fc36.x86_64/usr/lib64/python3.10/site-packages/Cython/Utility
+copying build/lib.linux-x86_64-3.10/Cython/Utility/__init__.py -> /builddir/build/BUILDROOT/Cython-0.29.24-2.fc36.x86_64/usr/lib64/python3.10/site-packages/Cython/Utility
+creating /builddir/build/BUILDROOT/Cython-0.29.24-2.fc36.x86_64/usr/lib64/python3.10/site-packages/Cython/Tests
+copying build/lib.linux-x86_64-3.10/Cython/Tests/TestCodeWriter.py -> /builddir/build/BUILDROOT/Cython-0.29.24-2.fc36.x86_64/usr/lib64/python3.10/site-packages/Cython/Tests
+copying build/lib.linux-x86_64-3.10/Cython/Tests/TestCythonUtils.py -> /builddir/build/BUILDROOT/Cython-0.29.24-2.fc36.x86_64/usr/lib64/python3.10/site-packages/Cython/Tests
+copying build/lib.linux-x86_64-3.10/Cython/Tests/TestJediTyper.py -> /builddir/build/BUILDROOT/Cython-0.29.24-2.fc36.x86_64/usr/lib64/python3.10/site-packages/Cython/Tests
+copying build/lib.linux-x86_64-3.10/Cython/Tests/TestStringIOTree.py -> /builddir/build/BUILDROOT/Cython-0.29.24-2.fc36.x86_64/usr/lib64/python3.10/site-packages/Cython/Tests
+copying build/lib.linux-x86_64-3.10/Cython/Tests/__init__.py -> /builddir/build/BUILDROOT/Cython-0.29.24-2.fc36.x86_64/usr/lib64/python3.10/site-packages/Cython/Tests
+copying build/lib.linux-x86_64-3.10/Cython/Tests/xmlrunner.py -> /builddir/build/BUILDROOT/Cython-0.29.24-2.fc36.x86_64/usr/lib64/python3.10/site-packages/Cython/Tests
+creating /builddir/build/BUILDROOT/Cython-0.29.24-2.fc36.x86_64/usr/lib64/python3.10/site-packages/Cython/Plex
+copying build/lib.linux-x86_64-3.10/Cython/Plex/Actions.cpython-310-x86_64-linux-gnu.so -> /builddir/build/BUILDROOT/Cython-0.29.24-2.fc36.x86_64/usr/lib64/python3.10/site-packages/Cython/Plex
+copying build/lib.linux-x86_64-3.10/Cython/Plex/Scanners.cpython-310-x86_64-linux-gnu.so -> /builddir/build/BUILDROOT/Cython-0.29.24-2.fc36.x86_64/usr/lib64/python3.10/site-packages/Cython/Plex
+copying build/lib.linux-x86_64-3.10/Cython/Plex/Actions.pxd -> /builddir/build/BUILDROOT/Cython-0.29.24-2.fc36.x86_64/usr/lib64/python3.10/site-packages/Cython/Plex
+copying build/lib.linux-x86_64-3.10/Cython/Plex/Scanners.pxd -> /builddir/build/BUILDROOT/Cython-0.29.24-2.fc36.x86_64/usr/lib64/python3.10/site-packages/Cython/Plex
+copying build/lib.linux-x86_64-3.10/Cython/Plex/Actions.py -> /builddir/build/BUILDROOT/Cython-0.29.24-2.fc36.x86_64/usr/lib64/python3.10/site-packages/Cython/Plex
+copying build/lib.linux-x86_64-3.10/Cython/Plex/DFA.py -> /builddir/build/BUILDROOT/Cython-0.29.24-2.fc36.x86_64/usr/lib64/python3.10/site-packages/Cython/Plex
+copying build/lib.linux-x86_64-3.10/Cython/Plex/Errors.py -> /builddir/build/BUILDROOT/Cython-0.29.24-2.fc36.x86_64/usr/lib64/python3.10/site-packages/Cython/Plex
+copying build/lib.linux-x86_64-3.10/Cython/Plex/Lexicons.py -> /builddir/build/BUILDROOT/Cython-0.29.24-2.fc36.x86_64/usr/lib64/python3.10/site-packages/Cython/Plex
+copying build/lib.linux-x86_64-3.10/Cython/Plex/Machines.py -> /builddir/build/BUILDROOT/Cython-0.29.24-2.fc36.x86_64/usr/lib64/python3.10/site-packages/Cython/Plex
+copying build/lib.linux-x86_64-3.10/Cython/Plex/Regexps.py -> /builddir/build/BUILDROOT/Cython-0.29.24-2.fc36.x86_64/usr/lib64/python3.10/site-packages/Cython/Plex
+copying build/lib.linux-x86_64-3.10/Cython/Plex/Scanners.py -> /builddir/build/BUILDROOT/Cython-0.29.24-2.fc36.x86_64/usr/lib64/python3.10/site-packages/Cython/Plex
+copying build/lib.linux-x86_64-3.10/Cython/Plex/Timing.py -> /builddir/build/BUILDROOT/Cython-0.29.24-2.fc36.x86_64/usr/lib64/python3.10/site-packages/Cython/Plex
+copying build/lib.linux-x86_64-3.10/Cython/Plex/Traditional.py -> /builddir/build/BUILDROOT/Cython-0.29.24-2.fc36.x86_64/usr/lib64/python3.10/site-packages/Cython/Plex
+copying build/lib.linux-x86_64-3.10/Cython/Plex/Transitions.py -> /builddir/build/BUILDROOT/Cython-0.29.24-2.fc36.x86_64/usr/lib64/python3.10/site-packages/Cython/Plex
+copying build/lib.linux-x86_64-3.10/Cython/Plex/__init__.py -> /builddir/build/BUILDROOT/Cython-0.29.24-2.fc36.x86_64/usr/lib64/python3.10/site-packages/Cython/Plex
+creating /builddir/build/BUILDROOT/Cython-0.29.24-2.fc36.x86_64/usr/lib64/python3.10/site-packages/Cython/Debugger
+creating /builddir/build/BUILDROOT/Cython-0.29.24-2.fc36.x86_64/usr/lib64/python3.10/site-packages/Cython/Debugger/Tests
+copying build/lib.linux-x86_64-3.10/Cython/Debugger/Tests/cfuncs.c -> /builddir/build/BUILDROOT/Cython-0.29.24-2.fc36.x86_64/usr/lib64/python3.10/site-packages/Cython/Debugger/Tests
+copying build/lib.linux-x86_64-3.10/Cython/Debugger/Tests/codefile -> /builddir/build/BUILDROOT/Cython-0.29.24-2.fc36.x86_64/usr/lib64/python3.10/site-packages/Cython/Debugger/Tests
+copying build/lib.linux-x86_64-3.10/Cython/Debugger/Tests/TestLibCython.py -> /builddir/build/BUILDROOT/Cython-0.29.24-2.fc36.x86_64/usr/lib64/python3.10/site-packages/Cython/Debugger/Tests
+copying build/lib.linux-x86_64-3.10/Cython/Debugger/Tests/__init__.py -> /builddir/build/BUILDROOT/Cython-0.29.24-2.fc36.x86_64/usr/lib64/python3.10/site-packages/Cython/Debugger/Tests
+copying build/lib.linux-x86_64-3.10/Cython/Debugger/Tests/test_libcython_in_gdb.py -> /builddir/build/BUILDROOT/Cython-0.29.24-2.fc36.x86_64/usr/lib64/python3.10/site-packages/Cython/Debugger/Tests
+copying build/lib.linux-x86_64-3.10/Cython/Debugger/Tests/test_libpython_in_gdb.py -> /builddir/build/BUILDROOT/Cython-0.29.24-2.fc36.x86_64/usr/lib64/python3.10/site-packages/Cython/Debugger/Tests
+copying build/lib.linux-x86_64-3.10/Cython/Debugger/Cygdb.py -> /builddir/build/BUILDROOT/Cython-0.29.24-2.fc36.x86_64/usr/lib64/python3.10/site-packages/Cython/Debugger
+copying build/lib.linux-x86_64-3.10/Cython/Debugger/DebugWriter.py -> /builddir/build/BUILDROOT/Cython-0.29.24-2.fc36.x86_64/usr/lib64/python3.10/site-packages/Cython/Debugger
+copying build/lib.linux-x86_64-3.10/Cython/Debugger/__init__.py -> /builddir/build/BUILDROOT/Cython-0.29.24-2.fc36.x86_64/usr/lib64/python3.10/site-packages/Cython/Debugger
+copying build/lib.linux-x86_64-3.10/Cython/Debugger/libcython.py -> /builddir/build/BUILDROOT/Cython-0.29.24-2.fc36.x86_64/usr/lib64/python3.10/site-packages/Cython/Debugger
+copying build/lib.linux-x86_64-3.10/Cython/Debugger/libpython.py -> /builddir/build/BUILDROOT/Cython-0.29.24-2.fc36.x86_64/usr/lib64/python3.10/site-packages/Cython/Debugger
+creating /builddir/build/BUILDROOT/Cython-0.29.24-2.fc36.x86_64/usr/lib64/python3.10/site-packages/Cython/Distutils
+copying build/lib.linux-x86_64-3.10/Cython/Distutils/__init__.py -> /builddir/build/BUILDROOT/Cython-0.29.24-2.fc36.x86_64/usr/lib64/python3.10/site-packages/Cython/Distutils
+copying build/lib.linux-x86_64-3.10/Cython/Distutils/build_ext.py -> /builddir/build/BUILDROOT/Cython-0.29.24-2.fc36.x86_64/usr/lib64/python3.10/site-packages/Cython/Distutils
+copying build/lib.linux-x86_64-3.10/Cython/Distutils/extension.py -> /builddir/build/BUILDROOT/Cython-0.29.24-2.fc36.x86_64/usr/lib64/python3.10/site-packages/Cython/Distutils
+copying build/lib.linux-x86_64-3.10/Cython/Distutils/old_build_ext.py -> /builddir/build/BUILDROOT/Cython-0.29.24-2.fc36.x86_64/usr/lib64/python3.10/site-packages/Cython/Distutils
+creating /builddir/build/BUILDROOT/Cython-0.29.24-2.fc36.x86_64/usr/lib64/python3.10/site-packages/Cython/Runtime
+copying build/lib.linux-x86_64-3.10/Cython/Runtime/refnanny.cpython-310-x86_64-linux-gnu.so -> /builddir/build/BUILDROOT/Cython-0.29.24-2.fc36.x86_64/usr/lib64/python3.10/site-packages/Cython/Runtime
+copying build/lib.linux-x86_64-3.10/Cython/Runtime/refnanny.pyx -> /builddir/build/BUILDROOT/Cython-0.29.24-2.fc36.x86_64/usr/lib64/python3.10/site-packages/Cython/Runtime
+copying build/lib.linux-x86_64-3.10/Cython/Runtime/__init__.py -> /builddir/build/BUILDROOT/Cython-0.29.24-2.fc36.x86_64/usr/lib64/python3.10/site-packages/Cython/Runtime
+creating /builddir/build/BUILDROOT/Cython-0.29.24-2.fc36.x86_64/usr/lib64/python3.10/site-packages/Cython/Compiler
+copying build/lib.linux-x86_64-3.10/Cython/Compiler/FusedNode.cpython-310-x86_64-linux-gnu.so -> /builddir/build/BUILDROOT/Cython-0.29.24-2.fc36.x86_64/usr/lib64/python3.10/site-packages/Cython/Compiler
+copying build/lib.linux-x86_64-3.10/Cython/Compiler/FlowControl.cpython-310-x86_64-linux-gnu.so -> /builddir/build/BUILDROOT/Cython-0.29.24-2.fc36.x86_64/usr/lib64/python3.10/site-packages/Cython/Compiler
+copying build/lib.linux-x86_64-3.10/Cython/Compiler/Visitor.cpython-310-x86_64-linux-gnu.so -> /builddir/build/BUILDROOT/Cython-0.29.24-2.fc36.x86_64/usr/lib64/python3.10/site-packages/Cython/Compiler
+copying build/lib.linux-x86_64-3.10/Cython/Compiler/Scanning.cpython-310-x86_64-linux-gnu.so -> /builddir/build/BUILDROOT/Cython-0.29.24-2.fc36.x86_64/usr/lib64/python3.10/site-packages/Cython/Compiler
+copying build/lib.linux-x86_64-3.10/Cython/Compiler/Code.pxd -> /builddir/build/BUILDROOT/Cython-0.29.24-2.fc36.x86_64/usr/lib64/python3.10/site-packages/Cython/Compiler
+copying build/lib.linux-x86_64-3.10/Cython/Compiler/FlowControl.pxd -> /builddir/build/BUILDROOT/Cython-0.29.24-2.fc36.x86_64/usr/lib64/python3.10/site-packages/Cython/Compiler
+copying build/lib.linux-x86_64-3.10/Cython/Compiler/ParseTreeTransforms.pxd -> /builddir/build/BUILDROOT/Cython-0.29.24-2.fc36.x86_64/usr/lib64/python3.10/site-packages/Cython/Compiler
+copying build/lib.linux-x86_64-3.10/Cython/Compiler/Parsing.pxd -> /builddir/build/BUILDROOT/Cython-0.29.24-2.fc36.x86_64/usr/lib64/python3.10/site-packages/Cython/Compiler
+copying build/lib.linux-x86_64-3.10/Cython/Compiler/Scanning.pxd -> /builddir/build/BUILDROOT/Cython-0.29.24-2.fc36.x86_64/usr/lib64/python3.10/site-packages/Cython/Compiler
+copying build/lib.linux-x86_64-3.10/Cython/Compiler/Visitor.pxd -> /builddir/build/BUILDROOT/Cython-0.29.24-2.fc36.x86_64/usr/lib64/python3.10/site-packages/Cython/Compiler
+creating /builddir/build/BUILDROOT/Cython-0.29.24-2.fc36.x86_64/usr/lib64/python3.10/site-packages/Cython/Compiler/Tests
+copying build/lib.linux-x86_64-3.10/Cython/Compiler/Tests/TestBuffer.py -> /builddir/build/BUILDROOT/Cython-0.29.24-2.fc36.x86_64/usr/lib64/python3.10/site-packages/Cython/Compiler/Tests
+copying build/lib.linux-x86_64-3.10/Cython/Compiler/Tests/TestCmdLine.py -> /builddir/build/BUILDROOT/Cython-0.29.24-2.fc36.x86_64/usr/lib64/python3.10/site-packages/Cython/Compiler/Tests
+copying build/lib.linux-x86_64-3.10/Cython/Compiler/Tests/TestFlowControl.py -> /builddir/build/BUILDROOT/Cython-0.29.24-2.fc36.x86_64/usr/lib64/python3.10/site-packages/Cython/Compiler/Tests
+copying build/lib.linux-x86_64-3.10/Cython/Compiler/Tests/TestGrammar.py -> /builddir/build/BUILDROOT/Cython-0.29.24-2.fc36.x86_64/usr/lib64/python3.10/site-packages/Cython/Compiler/Tests
+copying build/lib.linux-x86_64-3.10/Cython/Compiler/Tests/TestMemView.py -> /builddir/build/BUILDROOT/Cython-0.29.24-2.fc36.x86_64/usr/lib64/python3.10/site-packages/Cython/Compiler/Tests
+copying build/lib.linux-x86_64-3.10/Cython/Compiler/Tests/TestParseTreeTransforms.py -> /builddir/build/BUILDROOT/Cython-0.29.24-2.fc36.x86_64/usr/lib64/python3.10/site-packages/Cython/Compiler/Tests
+copying build/lib.linux-x86_64-3.10/Cython/Compiler/Tests/TestSignatureMatching.py -> /builddir/build/BUILDROOT/Cython-0.29.24-2.fc36.x86_64/usr/lib64/python3.10/site-packages/Cython/Compiler/Tests
+copying build/lib.linux-x86_64-3.10/Cython/Compiler/Tests/TestStringEncoding.py -> /builddir/build/BUILDROOT/Cython-0.29.24-2.fc36.x86_64/usr/lib64/python3.10/site-packages/Cython/Compiler/Tests
+copying build/lib.linux-x86_64-3.10/Cython/Compiler/Tests/TestTreeFragment.py -> /builddir/build/BUILDROOT/Cython-0.29.24-2.fc36.x86_64/usr/lib64/python3.10/site-packages/Cython/Compiler/Tests
+copying build/lib.linux-x86_64-3.10/Cython/Compiler/Tests/TestTreePath.py -> /builddir/build/BUILDROOT/Cython-0.29.24-2.fc36.x86_64/usr/lib64/python3.10/site-packages/Cython/Compiler/Tests
+copying build/lib.linux-x86_64-3.10/Cython/Compiler/Tests/TestTypes.py -> /builddir/build/BUILDROOT/Cython-0.29.24-2.fc36.x86_64/usr/lib64/python3.10/site-packages/Cython/Compiler/Tests
+copying build/lib.linux-x86_64-3.10/Cython/Compiler/Tests/TestUtilityLoad.py -> /builddir/build/BUILDROOT/Cython-0.29.24-2.fc36.x86_64/usr/lib64/python3.10/site-packages/Cython/Compiler/Tests
+copying build/lib.linux-x86_64-3.10/Cython/Compiler/Tests/TestVisitor.py -> /builddir/build/BUILDROOT/Cython-0.29.24-2.fc36.x86_64/usr/lib64/python3.10/site-packages/Cython/Compiler/Tests
+copying build/lib.linux-x86_64-3.10/Cython/Compiler/Tests/__init__.py -> /builddir/build/BUILDROOT/Cython-0.29.24-2.fc36.x86_64/usr/lib64/python3.10/site-packages/Cython/Compiler/Tests
+copying build/lib.linux-x86_64-3.10/Cython/Compiler/AnalysedTreeTransforms.py -> /builddir/build/BUILDROOT/Cython-0.29.24-2.fc36.x86_64/usr/lib64/python3.10/site-packages/Cython/Compiler
+copying build/lib.linux-x86_64-3.10/Cython/Compiler/Annotate.py -> /builddir/build/BUILDROOT/Cython-0.29.24-2.fc36.x86_64/usr/lib64/python3.10/site-packages/Cython/Compiler
+copying build/lib.linux-x86_64-3.10/Cython/Compiler/AutoDocTransforms.py -> /builddir/build/BUILDROOT/Cython-0.29.24-2.fc36.x86_64/usr/lib64/python3.10/site-packages/Cython/Compiler
+copying build/lib.linux-x86_64-3.10/Cython/Compiler/Buffer.py -> /builddir/build/BUILDROOT/Cython-0.29.24-2.fc36.x86_64/usr/lib64/python3.10/site-packages/Cython/Compiler
+copying build/lib.linux-x86_64-3.10/Cython/Compiler/Builtin.py -> /builddir/build/BUILDROOT/Cython-0.29.24-2.fc36.x86_64/usr/lib64/python3.10/site-packages/Cython/Compiler
+copying build/lib.linux-x86_64-3.10/Cython/Compiler/CmdLine.py -> /builddir/build/BUILDROOT/Cython-0.29.24-2.fc36.x86_64/usr/lib64/python3.10/site-packages/Cython/Compiler
+copying build/lib.linux-x86_64-3.10/Cython/Compiler/Code.py -> /builddir/build/BUILDROOT/Cython-0.29.24-2.fc36.x86_64/usr/lib64/python3.10/site-packages/Cython/Compiler
+copying build/lib.linux-x86_64-3.10/Cython/Compiler/CodeGeneration.py -> /builddir/build/BUILDROOT/Cython-0.29.24-2.fc36.x86_64/usr/lib64/python3.10/site-packages/Cython/Compiler
+copying build/lib.linux-x86_64-3.10/Cython/Compiler/CythonScope.py -> /builddir/build/BUILDROOT/Cython-0.29.24-2.fc36.x86_64/usr/lib64/python3.10/site-packages/Cython/Compiler
+copying build/lib.linux-x86_64-3.10/Cython/Compiler/DebugFlags.py -> /builddir/build/BUILDROOT/Cython-0.29.24-2.fc36.x86_64/usr/lib64/python3.10/site-packages/Cython/Compiler
+copying build/lib.linux-x86_64-3.10/Cython/Compiler/Errors.py -> /builddir/build/BUILDROOT/Cython-0.29.24-2.fc36.x86_64/usr/lib64/python3.10/site-packages/Cython/Compiler
+copying build/lib.linux-x86_64-3.10/Cython/Compiler/ExprNodes.py -> /builddir/build/BUILDROOT/Cython-0.29.24-2.fc36.x86_64/usr/lib64/python3.10/site-packages/Cython/Compiler
+copying build/lib.linux-x86_64-3.10/Cython/Compiler/FlowControl.py -> /builddir/build/BUILDROOT/Cython-0.29.24-2.fc36.x86_64/usr/lib64/python3.10/site-packages/Cython/Compiler
+copying build/lib.linux-x86_64-3.10/Cython/Compiler/FusedNode.py -> /builddir/build/BUILDROOT/Cython-0.29.24-2.fc36.x86_64/usr/lib64/python3.10/site-packages/Cython/Compiler
+copying build/lib.linux-x86_64-3.10/Cython/Compiler/Future.py -> /builddir/build/BUILDROOT/Cython-0.29.24-2.fc36.x86_64/usr/lib64/python3.10/site-packages/Cython/Compiler
+copying build/lib.linux-x86_64-3.10/Cython/Compiler/Interpreter.py -> /builddir/build/BUILDROOT/Cython-0.29.24-2.fc36.x86_64/usr/lib64/python3.10/site-packages/Cython/Compiler
+copying build/lib.linux-x86_64-3.10/Cython/Compiler/Lexicon.py -> /builddir/build/BUILDROOT/Cython-0.29.24-2.fc36.x86_64/usr/lib64/python3.10/site-packages/Cython/Compiler
+copying build/lib.linux-x86_64-3.10/Cython/Compiler/Main.py -> /builddir/build/BUILDROOT/Cython-0.29.24-2.fc36.x86_64/usr/lib64/python3.10/site-packages/Cython/Compiler
+copying build/lib.linux-x86_64-3.10/Cython/Compiler/MemoryView.py -> /builddir/build/BUILDROOT/Cython-0.29.24-2.fc36.x86_64/usr/lib64/python3.10/site-packages/Cython/Compiler
+copying build/lib.linux-x86_64-3.10/Cython/Compiler/ModuleNode.py -> /builddir/build/BUILDROOT/Cython-0.29.24-2.fc36.x86_64/usr/lib64/python3.10/site-packages/Cython/Compiler
+copying build/lib.linux-x86_64-3.10/Cython/Compiler/Naming.py -> /builddir/build/BUILDROOT/Cython-0.29.24-2.fc36.x86_64/usr/lib64/python3.10/site-packages/Cython/Compiler
+copying build/lib.linux-x86_64-3.10/Cython/Compiler/Nodes.py -> /builddir/build/BUILDROOT/Cython-0.29.24-2.fc36.x86_64/usr/lib64/python3.10/site-packages/Cython/Compiler
+copying build/lib.linux-x86_64-3.10/Cython/Compiler/Optimize.py -> /builddir/build/BUILDROOT/Cython-0.29.24-2.fc36.x86_64/usr/lib64/python3.10/site-packages/Cython/Compiler
+copying build/lib.linux-x86_64-3.10/Cython/Compiler/Options.py -> /builddir/build/BUILDROOT/Cython-0.29.24-2.fc36.x86_64/usr/lib64/python3.10/site-packages/Cython/Compiler
+copying build/lib.linux-x86_64-3.10/Cython/Compiler/ParseTreeTransforms.py -> /builddir/build/BUILDROOT/Cython-0.29.24-2.fc36.x86_64/usr/lib64/python3.10/site-packages/Cython/Compiler
+copying build/lib.linux-x86_64-3.10/Cython/Compiler/Parsing.py -> /builddir/build/BUILDROOT/Cython-0.29.24-2.fc36.x86_64/usr/lib64/python3.10/site-packages/Cython/Compiler
+copying build/lib.linux-x86_64-3.10/Cython/Compiler/Pipeline.py -> /builddir/build/BUILDROOT/Cython-0.29.24-2.fc36.x86_64/usr/lib64/python3.10/site-packages/Cython/Compiler
+copying build/lib.linux-x86_64-3.10/Cython/Compiler/PyrexTypes.py -> /builddir/build/BUILDROOT/Cython-0.29.24-2.fc36.x86_64/usr/lib64/python3.10/site-packages/Cython/Compiler
+copying build/lib.linux-x86_64-3.10/Cython/Compiler/Pythran.py -> /builddir/build/BUILDROOT/Cython-0.29.24-2.fc36.x86_64/usr/lib64/python3.10/site-packages/Cython/Compiler
+copying build/lib.linux-x86_64-3.10/Cython/Compiler/Scanning.py -> /builddir/build/BUILDROOT/Cython-0.29.24-2.fc36.x86_64/usr/lib64/python3.10/site-packages/Cython/Compiler
+copying build/lib.linux-x86_64-3.10/Cython/Compiler/StringEncoding.py -> /builddir/build/BUILDROOT/Cython-0.29.24-2.fc36.x86_64/usr/lib64/python3.10/site-packages/Cython/Compiler
+copying build/lib.linux-x86_64-3.10/Cython/Compiler/Symtab.py -> /builddir/build/BUILDROOT/Cython-0.29.24-2.fc36.x86_64/usr/lib64/python3.10/site-packages/Cython/Compiler
+copying build/lib.linux-x86_64-3.10/Cython/Compiler/TreeFragment.py -> /builddir/build/BUILDROOT/Cython-0.29.24-2.fc36.x86_64/usr/lib64/python3.10/site-packages/Cython/Compiler
+copying build/lib.linux-x86_64-3.10/Cython/Compiler/TreePath.py -> /builddir/build/BUILDROOT/Cython-0.29.24-2.fc36.x86_64/usr/lib64/python3.10/site-packages/Cython/Compiler
+copying build/lib.linux-x86_64-3.10/Cython/Compiler/TypeInference.py -> /builddir/build/BUILDROOT/Cython-0.29.24-2.fc36.x86_64/usr/lib64/python3.10/site-packages/Cython/Compiler
+copying build/lib.linux-x86_64-3.10/Cython/Compiler/TypeSlots.py -> /builddir/build/BUILDROOT/Cython-0.29.24-2.fc36.x86_64/usr/lib64/python3.10/site-packages/Cython/Compiler
+copying build/lib.linux-x86_64-3.10/Cython/Compiler/UtilNodes.py -> /builddir/build/BUILDROOT/Cython-0.29.24-2.fc36.x86_64/usr/lib64/python3.10/site-packages/Cython/Compiler
+copying build/lib.linux-x86_64-3.10/Cython/Compiler/UtilityCode.py -> /builddir/build/BUILDROOT/Cython-0.29.24-2.fc36.x86_64/usr/lib64/python3.10/site-packages/Cython/Compiler
+copying build/lib.linux-x86_64-3.10/Cython/Compiler/Version.py -> /builddir/build/BUILDROOT/Cython-0.29.24-2.fc36.x86_64/usr/lib64/python3.10/site-packages/Cython/Compiler
+copying build/lib.linux-x86_64-3.10/Cython/Compiler/Visitor.py -> /builddir/build/BUILDROOT/Cython-0.29.24-2.fc36.x86_64/usr/lib64/python3.10/site-packages/Cython/Compiler
+copying build/lib.linux-x86_64-3.10/Cython/Compiler/__init__.py -> /builddir/build/BUILDROOT/Cython-0.29.24-2.fc36.x86_64/usr/lib64/python3.10/site-packages/Cython/Compiler
+creating /builddir/build/BUILDROOT/Cython-0.29.24-2.fc36.x86_64/usr/lib64/python3.10/site-packages/Cython/Build
+creating /builddir/build/BUILDROOT/Cython-0.29.24-2.fc36.x86_64/usr/lib64/python3.10/site-packages/Cython/Build/Tests
+copying build/lib.linux-x86_64-3.10/Cython/Build/Tests/TestCyCache.py -> /builddir/build/BUILDROOT/Cython-0.29.24-2.fc36.x86_64/usr/lib64/python3.10/site-packages/Cython/Build/Tests
+copying build/lib.linux-x86_64-3.10/Cython/Build/Tests/TestInline.py -> /builddir/build/BUILDROOT/Cython-0.29.24-2.fc36.x86_64/usr/lib64/python3.10/site-packages/Cython/Build/Tests
+copying build/lib.linux-x86_64-3.10/Cython/Build/Tests/TestIpythonMagic.py -> /builddir/build/BUILDROOT/Cython-0.29.24-2.fc36.x86_64/usr/lib64/python3.10/site-packages/Cython/Build/Tests
+copying build/lib.linux-x86_64-3.10/Cython/Build/Tests/TestStripLiterals.py -> /builddir/build/BUILDROOT/Cython-0.29.24-2.fc36.x86_64/usr/lib64/python3.10/site-packages/Cython/Build/Tests
+copying build/lib.linux-x86_64-3.10/Cython/Build/Tests/__init__.py -> /builddir/build/BUILDROOT/Cython-0.29.24-2.fc36.x86_64/usr/lib64/python3.10/site-packages/Cython/Build/Tests
+copying build/lib.linux-x86_64-3.10/Cython/Build/BuildExecutable.py -> /builddir/build/BUILDROOT/Cython-0.29.24-2.fc36.x86_64/usr/lib64/python3.10/site-packages/Cython/Build
+copying build/lib.linux-x86_64-3.10/Cython/Build/Cythonize.py -> /builddir/build/BUILDROOT/Cython-0.29.24-2.fc36.x86_64/usr/lib64/python3.10/site-packages/Cython/Build
+copying build/lib.linux-x86_64-3.10/Cython/Build/Dependencies.py -> /builddir/build/BUILDROOT/Cython-0.29.24-2.fc36.x86_64/usr/lib64/python3.10/site-packages/Cython/Build
+copying build/lib.linux-x86_64-3.10/Cython/Build/Distutils.py -> /builddir/build/BUILDROOT/Cython-0.29.24-2.fc36.x86_64/usr/lib64/python3.10/site-packages/Cython/Build
+copying build/lib.linux-x86_64-3.10/Cython/Build/Inline.py -> /builddir/build/BUILDROOT/Cython-0.29.24-2.fc36.x86_64/usr/lib64/python3.10/site-packages/Cython/Build
+copying build/lib.linux-x86_64-3.10/Cython/Build/IpythonMagic.py -> /builddir/build/BUILDROOT/Cython-0.29.24-2.fc36.x86_64/usr/lib64/python3.10/site-packages/Cython/Build
+copying build/lib.linux-x86_64-3.10/Cython/Build/__init__.py -> /builddir/build/BUILDROOT/Cython-0.29.24-2.fc36.x86_64/usr/lib64/python3.10/site-packages/Cython/Build
+copying build/lib.linux-x86_64-3.10/Cython/CodeWriter.py -> /builddir/build/BUILDROOT/Cython-0.29.24-2.fc36.x86_64/usr/lib64/python3.10/site-packages/Cython
+copying build/lib.linux-x86_64-3.10/Cython/Coverage.py -> /builddir/build/BUILDROOT/Cython-0.29.24-2.fc36.x86_64/usr/lib64/python3.10/site-packages/Cython
+copying build/lib.linux-x86_64-3.10/Cython/Debugging.py -> /builddir/build/BUILDROOT/Cython-0.29.24-2.fc36.x86_64/usr/lib64/python3.10/site-packages/Cython
+copying build/lib.linux-x86_64-3.10/Cython/Shadow.py -> /builddir/build/BUILDROOT/Cython-0.29.24-2.fc36.x86_64/usr/lib64/python3.10/site-packages/Cython
+copying build/lib.linux-x86_64-3.10/Cython/StringIOTree.py -> /builddir/build/BUILDROOT/Cython-0.29.24-2.fc36.x86_64/usr/lib64/python3.10/site-packages/Cython
+copying build/lib.linux-x86_64-3.10/Cython/TestUtils.py -> /builddir/build/BUILDROOT/Cython-0.29.24-2.fc36.x86_64/usr/lib64/python3.10/site-packages/Cython
+copying build/lib.linux-x86_64-3.10/Cython/Utils.py -> /builddir/build/BUILDROOT/Cython-0.29.24-2.fc36.x86_64/usr/lib64/python3.10/site-packages/Cython
+copying build/lib.linux-x86_64-3.10/Cython/__init__.py -> /builddir/build/BUILDROOT/Cython-0.29.24-2.fc36.x86_64/usr/lib64/python3.10/site-packages/Cython
+copying build/lib.linux-x86_64-3.10/cython.py -> /builddir/build/BUILDROOT/Cython-0.29.24-2.fc36.x86_64/usr/lib64/python3.10/site-packages
+byte-compiling /builddir/build/BUILDROOT/Cython-0.29.24-2.fc36.x86_64/usr/lib64/python3.10/site-packages/pyximport/__init__.py to __init__.cpython-310.pyc
+byte-compiling /builddir/build/BUILDROOT/Cython-0.29.24-2.fc36.x86_64/usr/lib64/python3.10/site-packages/pyximport/pyxbuild.py to pyxbuild.cpython-310.pyc
+byte-compiling /builddir/build/BUILDROOT/Cython-0.29.24-2.fc36.x86_64/usr/lib64/python3.10/site-packages/pyximport/pyximport.py to pyximport.cpython-310.pyc
+byte-compiling /builddir/build/BUILDROOT/Cython-0.29.24-2.fc36.x86_64/usr/lib64/python3.10/site-packages/Cython/Tempita/__init__.py to __init__.cpython-310.pyc
+byte-compiling /builddir/build/BUILDROOT/Cython-0.29.24-2.fc36.x86_64/usr/lib64/python3.10/site-packages/Cython/Tempita/_looper.py to _looper.cpython-310.pyc
+byte-compiling /builddir/build/BUILDROOT/Cython-0.29.24-2.fc36.x86_64/usr/lib64/python3.10/site-packages/Cython/Tempita/_tempita.py to _tempita.cpython-310.pyc
+byte-compiling /builddir/build/BUILDROOT/Cython-0.29.24-2.fc36.x86_64/usr/lib64/python3.10/site-packages/Cython/Tempita/compat3.py to compat3.cpython-310.pyc
+byte-compiling /builddir/build/BUILDROOT/Cython-0.29.24-2.fc36.x86_64/usr/lib64/python3.10/site-packages/Cython/Utility/__init__.py to __init__.cpython-310.pyc
+byte-compiling /builddir/build/BUILDROOT/Cython-0.29.24-2.fc36.x86_64/usr/lib64/python3.10/site-packages/Cython/Tests/TestCodeWriter.py to TestCodeWriter.cpython-310.pyc
+byte-compiling /builddir/build/BUILDROOT/Cython-0.29.24-2.fc36.x86_64/usr/lib64/python3.10/site-packages/Cython/Tests/TestCythonUtils.py to TestCythonUtils.cpython-310.pyc
+byte-compiling /builddir/build/BUILDROOT/Cython-0.29.24-2.fc36.x86_64/usr/lib64/python3.10/site-packages/Cython/Tests/TestJediTyper.py to TestJediTyper.cpython-310.pyc
+byte-compiling /builddir/build/BUILDROOT/Cython-0.29.24-2.fc36.x86_64/usr/lib64/python3.10/site-packages/Cython/Tests/TestStringIOTree.py to TestStringIOTree.cpython-310.pyc
+byte-compiling /builddir/build/BUILDROOT/Cython-0.29.24-2.fc36.x86_64/usr/lib64/python3.10/site-packages/Cython/Tests/__init__.py to __init__.cpython-310.pyc
+byte-compiling /builddir/build/BUILDROOT/Cython-0.29.24-2.fc36.x86_64/usr/lib64/python3.10/site-packages/Cython/Tests/xmlrunner.py to xmlrunner.cpython-310.pyc
+byte-compiling /builddir/build/BUILDROOT/Cython-0.29.24-2.fc36.x86_64/usr/lib64/python3.10/site-packages/Cython/Plex/Actions.py to Actions.cpython-310.pyc
+byte-compiling /builddir/build/BUILDROOT/Cython-0.29.24-2.fc36.x86_64/usr/lib64/python3.10/site-packages/Cython/Plex/DFA.py to DFA.cpython-310.pyc
+byte-compiling /builddir/build/BUILDROOT/Cython-0.29.24-2.fc36.x86_64/usr/lib64/python3.10/site-packages/Cython/Plex/Errors.py to Errors.cpython-310.pyc
+byte-compiling /builddir/build/BUILDROOT/Cython-0.29.24-2.fc36.x86_64/usr/lib64/python3.10/site-packages/Cython/Plex/Lexicons.py to Lexicons.cpython-310.pyc
+byte-compiling /builddir/build/BUILDROOT/Cython-0.29.24-2.fc36.x86_64/usr/lib64/python3.10/site-packages/Cython/Plex/Machines.py to Machines.cpython-310.pyc
+byte-compiling /builddir/build/BUILDROOT/Cython-0.29.24-2.fc36.x86_64/usr/lib64/python3.10/site-packages/Cython/Plex/Regexps.py to Regexps.cpython-310.pyc
+byte-compiling /builddir/build/BUILDROOT/Cython-0.29.24-2.fc36.x86_64/usr/lib64/python3.10/site-packages/Cython/Plex/Scanners.py to Scanners.cpython-310.pyc
+byte-compiling /builddir/build/BUILDROOT/Cython-0.29.24-2.fc36.x86_64/usr/lib64/python3.10/site-packages/Cython/Plex/Timing.py to Timing.cpython-310.pyc
+byte-compiling /builddir/build/BUILDROOT/Cython-0.29.24-2.fc36.x86_64/usr/lib64/python3.10/site-packages/Cython/Plex/Traditional.py to Traditional.cpython-310.pyc
+byte-compiling /builddir/build/BUILDROOT/Cython-0.29.24-2.fc36.x86_64/usr/lib64/python3.10/site-packages/Cython/Plex/Transitions.py to Transitions.cpython-310.pyc
+byte-compiling /builddir/build/BUILDROOT/Cython-0.29.24-2.fc36.x86_64/usr/lib64/python3.10/site-packages/Cython/Plex/__init__.py to __init__.cpython-310.pyc
+byte-compiling /builddir/build/BUILDROOT/Cython-0.29.24-2.fc36.x86_64/usr/lib64/python3.10/site-packages/Cython/Debugger/Tests/TestLibCython.py to TestLibCython.cpython-310.pyc
+byte-compiling /builddir/build/BUILDROOT/Cython-0.29.24-2.fc36.x86_64/usr/lib64/python3.10/site-packages/Cython/Debugger/Tests/__init__.py to __init__.cpython-310.pyc
+byte-compiling /builddir/build/BUILDROOT/Cython-0.29.24-2.fc36.x86_64/usr/lib64/python3.10/site-packages/Cython/Debugger/Tests/test_libcython_in_gdb.py to test_libcython_in_gdb.cpython-310.pyc
+byte-compiling /builddir/build/BUILDROOT/Cython-0.29.24-2.fc36.x86_64/usr/lib64/python3.10/site-packages/Cython/Debugger/Tests/test_libpython_in_gdb.py to test_libpython_in_gdb.cpython-310.pyc
+byte-compiling /builddir/build/BUILDROOT/Cython-0.29.24-2.fc36.x86_64/usr/lib64/python3.10/site-packages/Cython/Debugger/Cygdb.py to Cygdb.cpython-310.pyc
+byte-compiling /builddir/build/BUILDROOT/Cython-0.29.24-2.fc36.x86_64/usr/lib64/python3.10/site-packages/Cython/Debugger/DebugWriter.py to DebugWriter.cpython-310.pyc
+byte-compiling /builddir/build/BUILDROOT/Cython-0.29.24-2.fc36.x86_64/usr/lib64/python3.10/site-packages/Cython/Debugger/__init__.py to __init__.cpython-310.pyc
+byte-compiling /builddir/build/BUILDROOT/Cython-0.29.24-2.fc36.x86_64/usr/lib64/python3.10/site-packages/Cython/Debugger/libcython.py to libcython.cpython-310.pyc
+byte-compiling /builddir/build/BUILDROOT/Cython-0.29.24-2.fc36.x86_64/usr/lib64/python3.10/site-packages/Cython/Debugger/libpython.py to libpython.cpython-310.pyc
+byte-compiling /builddir/build/BUILDROOT/Cython-0.29.24-2.fc36.x86_64/usr/lib64/python3.10/site-packages/Cython/Distutils/__init__.py to __init__.cpython-310.pyc
+byte-compiling /builddir/build/BUILDROOT/Cython-0.29.24-2.fc36.x86_64/usr/lib64/python3.10/site-packages/Cython/Distutils/build_ext.py to build_ext.cpython-310.pyc
+byte-compiling /builddir/build/BUILDROOT/Cython-0.29.24-2.fc36.x86_64/usr/lib64/python3.10/site-packages/Cython/Distutils/extension.py to extension.cpython-310.pyc
+byte-compiling /builddir/build/BUILDROOT/Cython-0.29.24-2.fc36.x86_64/usr/lib64/python3.10/site-packages/Cython/Distutils/old_build_ext.py to old_build_ext.cpython-310.pyc
+byte-compiling /builddir/build/BUILDROOT/Cython-0.29.24-2.fc36.x86_64/usr/lib64/python3.10/site-packages/Cython/Runtime/__init__.py to __init__.cpython-310.pyc
+byte-compiling /builddir/build/BUILDROOT/Cython-0.29.24-2.fc36.x86_64/usr/lib64/python3.10/site-packages/Cython/Compiler/Tests/TestBuffer.py to TestBuffer.cpython-310.pyc
+byte-compiling /builddir/build/BUILDROOT/Cython-0.29.24-2.fc36.x86_64/usr/lib64/python3.10/site-packages/Cython/Compiler/Tests/TestCmdLine.py to TestCmdLine.cpython-310.pyc
+byte-compiling /builddir/build/BUILDROOT/Cython-0.29.24-2.fc36.x86_64/usr/lib64/python3.10/site-packages/Cython/Compiler/Tests/TestFlowControl.py to TestFlowControl.cpython-310.pyc
+byte-compiling /builddir/build/BUILDROOT/Cython-0.29.24-2.fc36.x86_64/usr/lib64/python3.10/site-packages/Cython/Compiler/Tests/TestGrammar.py to TestGrammar.cpython-310.pyc
+byte-compiling /builddir/build/BUILDROOT/Cython-0.29.24-2.fc36.x86_64/usr/lib64/python3.10/site-packages/Cython/Compiler/Tests/TestMemView.py to TestMemView.cpython-310.pyc
+byte-compiling /builddir/build/BUILDROOT/Cython-0.29.24-2.fc36.x86_64/usr/lib64/python3.10/site-packages/Cython/Compiler/Tests/TestParseTreeTransforms.py to TestParseTreeTransforms.cpython-310.pyc
+byte-compiling /builddir/build/BUILDROOT/Cython-0.29.24-2.fc36.x86_64/usr/lib64/python3.10/site-packages/Cython/Compiler/Tests/TestSignatureMatching.py to TestSignatureMatching.cpython-310.pyc
+byte-compiling /builddir/build/BUILDROOT/Cython-0.29.24-2.fc36.x86_64/usr/lib64/python3.10/site-packages/Cython/Compiler/Tests/TestStringEncoding.py to TestStringEncoding.cpython-310.pyc
+byte-compiling /builddir/build/BUILDROOT/Cython-0.29.24-2.fc36.x86_64/usr/lib64/python3.10/site-packages/Cython/Compiler/Tests/TestTreeFragment.py to TestTreeFragment.cpython-310.pyc
+byte-compiling /builddir/build/BUILDROOT/Cython-0.29.24-2.fc36.x86_64/usr/lib64/python3.10/site-packages/Cython/Compiler/Tests/TestTreePath.py to TestTreePath.cpython-310.pyc
+byte-compiling /builddir/build/BUILDROOT/Cython-0.29.24-2.fc36.x86_64/usr/lib64/python3.10/site-packages/Cython/Compiler/Tests/TestTypes.py to TestTypes.cpython-310.pyc
+byte-compiling /builddir/build/BUILDROOT/Cython-0.29.24-2.fc36.x86_64/usr/lib64/python3.10/site-packages/Cython/Compiler/Tests/TestUtilityLoad.py to TestUtilityLoad.cpython-310.pyc
+byte-compiling /builddir/build/BUILDROOT/Cython-0.29.24-2.fc36.x86_64/usr/lib64/python3.10/site-packages/Cython/Compiler/Tests/TestVisitor.py to TestVisitor.cpython-310.pyc
+byte-compiling /builddir/build/BUILDROOT/Cython-0.29.24-2.fc36.x86_64/usr/lib64/python3.10/site-packages/Cython/Compiler/Tests/__init__.py to __init__.cpython-310.pyc
+byte-compiling /builddir/build/BUILDROOT/Cython-0.29.24-2.fc36.x86_64/usr/lib64/python3.10/site-packages/Cython/Compiler/AnalysedTreeTransforms.py to AnalysedTreeTransforms.cpython-310.pyc
+byte-compiling /builddir/build/BUILDROOT/Cython-0.29.24-2.fc36.x86_64/usr/lib64/python3.10/site-packages/Cython/Compiler/Annotate.py to Annotate.cpython-310.pyc
+byte-compiling /builddir/build/BUILDROOT/Cython-0.29.24-2.fc36.x86_64/usr/lib64/python3.10/site-packages/Cython/Compiler/AutoDocTransforms.py to AutoDocTransforms.cpython-310.pyc
+byte-compiling /builddir/build/BUILDROOT/Cython-0.29.24-2.fc36.x86_64/usr/lib64/python3.10/site-packages/Cython/Compiler/Buffer.py to Buffer.cpython-310.pyc
+byte-compiling /builddir/build/BUILDROOT/Cython-0.29.24-2.fc36.x86_64/usr/lib64/python3.10/site-packages/Cython/Compiler/Builtin.py to Builtin.cpython-310.pyc
+byte-compiling /builddir/build/BUILDROOT/Cython-0.29.24-2.fc36.x86_64/usr/lib64/python3.10/site-packages/Cython/Compiler/CmdLine.py to CmdLine.cpython-310.pyc
+byte-compiling /builddir/build/BUILDROOT/Cython-0.29.24-2.fc36.x86_64/usr/lib64/python3.10/site-packages/Cython/Compiler/Code.py to Code.cpython-310.pyc
+byte-compiling /builddir/build/BUILDROOT/Cython-0.29.24-2.fc36.x86_64/usr/lib64/python3.10/site-packages/Cython/Compiler/CodeGeneration.py to CodeGeneration.cpython-310.pyc
+byte-compiling /builddir/build/BUILDROOT/Cython-0.29.24-2.fc36.x86_64/usr/lib64/python3.10/site-packages/Cython/Compiler/CythonScope.py to CythonScope.cpython-310.pyc
+byte-compiling /builddir/build/BUILDROOT/Cython-0.29.24-2.fc36.x86_64/usr/lib64/python3.10/site-packages/Cython/Compiler/DebugFlags.py to DebugFlags.cpython-310.pyc
+byte-compiling /builddir/build/BUILDROOT/Cython-0.29.24-2.fc36.x86_64/usr/lib64/python3.10/site-packages/Cython/Compiler/Errors.py to Errors.cpython-310.pyc
+byte-compiling /builddir/build/BUILDROOT/Cython-0.29.24-2.fc36.x86_64/usr/lib64/python3.10/site-packages/Cython/Compiler/ExprNodes.py to ExprNodes.cpython-310.pyc
+byte-compiling /builddir/build/BUILDROOT/Cython-0.29.24-2.fc36.x86_64/usr/lib64/python3.10/site-packages/Cython/Compiler/FlowControl.py to FlowControl.cpython-310.pyc
+byte-compiling /builddir/build/BUILDROOT/Cython-0.29.24-2.fc36.x86_64/usr/lib64/python3.10/site-packages/Cython/Compiler/FusedNode.py to FusedNode.cpython-310.pyc
+byte-compiling /builddir/build/BUILDROOT/Cython-0.29.24-2.fc36.x86_64/usr/lib64/python3.10/site-packages/Cython/Compiler/Future.py to Future.cpython-310.pyc
+byte-compiling /builddir/build/BUILDROOT/Cython-0.29.24-2.fc36.x86_64/usr/lib64/python3.10/site-packages/Cython/Compiler/Interpreter.py to Interpreter.cpython-310.pyc
+byte-compiling /builddir/build/BUILDROOT/Cython-0.29.24-2.fc36.x86_64/usr/lib64/python3.10/site-packages/Cython/Compiler/Lexicon.py to Lexicon.cpython-310.pyc
+byte-compiling /builddir/build/BUILDROOT/Cython-0.29.24-2.fc36.x86_64/usr/lib64/python3.10/site-packages/Cython/Compiler/Main.py to Main.cpython-310.pyc
+byte-compiling /builddir/build/BUILDROOT/Cython-0.29.24-2.fc36.x86_64/usr/lib64/python3.10/site-packages/Cython/Compiler/MemoryView.py to MemoryView.cpython-310.pyc
+byte-compiling /builddir/build/BUILDROOT/Cython-0.29.24-2.fc36.x86_64/usr/lib64/python3.10/site-packages/Cython/Compiler/ModuleNode.py to ModuleNode.cpython-310.pyc
+byte-compiling /builddir/build/BUILDROOT/Cython-0.29.24-2.fc36.x86_64/usr/lib64/python3.10/site-packages/Cython/Compiler/Naming.py to Naming.cpython-310.pyc
+byte-compiling /builddir/build/BUILDROOT/Cython-0.29.24-2.fc36.x86_64/usr/lib64/python3.10/site-packages/Cython/Compiler/Nodes.py to Nodes.cpython-310.pyc
+byte-compiling /builddir/build/BUILDROOT/Cython-0.29.24-2.fc36.x86_64/usr/lib64/python3.10/site-packages/Cython/Compiler/Optimize.py to Optimize.cpython-310.pyc
+byte-compiling /builddir/build/BUILDROOT/Cython-0.29.24-2.fc36.x86_64/usr/lib64/python3.10/site-packages/Cython/Compiler/Options.py to Options.cpython-310.pyc
+byte-compiling /builddir/build/BUILDROOT/Cython-0.29.24-2.fc36.x86_64/usr/lib64/python3.10/site-packages/Cython/Compiler/ParseTreeTransforms.py to ParseTreeTransforms.cpython-310.pyc
+byte-compiling /builddir/build/BUILDROOT/Cython-0.29.24-2.fc36.x86_64/usr/lib64/python3.10/site-packages/Cython/Compiler/Parsing.py to Parsing.cpython-310.pyc
+byte-compiling /builddir/build/BUILDROOT/Cython-0.29.24-2.fc36.x86_64/usr/lib64/python3.10/site-packages/Cython/Compiler/Pipeline.py to Pipeline.cpython-310.pyc
+byte-compiling /builddir/build/BUILDROOT/Cython-0.29.24-2.fc36.x86_64/usr/lib64/python3.10/site-packages/Cython/Compiler/PyrexTypes.py to PyrexTypes.cpython-310.pyc
+byte-compiling /builddir/build/BUILDROOT/Cython-0.29.24-2.fc36.x86_64/usr/lib64/python3.10/site-packages/Cython/Compiler/Pythran.py to Pythran.cpython-310.pyc
+byte-compiling /builddir/build/BUILDROOT/Cython-0.29.24-2.fc36.x86_64/usr/lib64/python3.10/site-packages/Cython/Compiler/Scanning.py to Scanning.cpython-310.pyc
+byte-compiling /builddir/build/BUILDROOT/Cython-0.29.24-2.fc36.x86_64/usr/lib64/python3.10/site-packages/Cython/Compiler/StringEncoding.py to StringEncoding.cpython-310.pyc
+byte-compiling /builddir/build/BUILDROOT/Cython-0.29.24-2.fc36.x86_64/usr/lib64/python3.10/site-packages/Cython/Compiler/Symtab.py to Symtab.cpython-310.pyc
+byte-compiling /builddir/build/BUILDROOT/Cython-0.29.24-2.fc36.x86_64/usr/lib64/python3.10/site-packages/Cython/Compiler/TreeFragment.py to TreeFragment.cpython-310.pyc
+byte-compiling /builddir/build/BUILDROOT/Cython-0.29.24-2.fc36.x86_64/usr/lib64/python3.10/site-packages/Cython/Compiler/TreePath.py to TreePath.cpython-310.pyc
+byte-compiling /builddir/build/BUILDROOT/Cython-0.29.24-2.fc36.x86_64/usr/lib64/python3.10/site-packages/Cython/Compiler/TypeInference.py to TypeInference.cpython-310.pyc
+byte-compiling /builddir/build/BUILDROOT/Cython-0.29.24-2.fc36.x86_64/usr/lib64/python3.10/site-packages/Cython/Compiler/TypeSlots.py to TypeSlots.cpython-310.pyc
+byte-compiling /builddir/build/BUILDROOT/Cython-0.29.24-2.fc36.x86_64/usr/lib64/python3.10/site-packages/Cython/Compiler/UtilNodes.py to UtilNodes.cpython-310.pyc
+byte-compiling /builddir/build/BUILDROOT/Cython-0.29.24-2.fc36.x86_64/usr/lib64/python3.10/site-packages/Cython/Compiler/UtilityCode.py to UtilityCode.cpython-310.pyc
+byte-compiling /builddir/build/BUILDROOT/Cython-0.29.24-2.fc36.x86_64/usr/lib64/python3.10/site-packages/Cython/Compiler/Version.py to Version.cpython-310.pyc
+byte-compiling /builddir/build/BUILDROOT/Cython-0.29.24-2.fc36.x86_64/usr/lib64/python3.10/site-packages/Cython/Compiler/Visitor.py to Visitor.cpython-310.pyc
+byte-compiling /builddir/build/BUILDROOT/Cython-0.29.24-2.fc36.x86_64/usr/lib64/python3.10/site-packages/Cython/Compiler/__init__.py to __init__.cpython-310.pyc
+byte-compiling /builddir/build/BUILDROOT/Cython-0.29.24-2.fc36.x86_64/usr/lib64/python3.10/site-packages/Cython/Build/Tests/TestCyCache.py to TestCyCache.cpython-310.pyc
+byte-compiling /builddir/build/BUILDROOT/Cython-0.29.24-2.fc36.x86_64/usr/lib64/python3.10/site-packages/Cython/Build/Tests/TestInline.py to TestInline.cpython-310.pyc
+byte-compiling /builddir/build/BUILDROOT/Cython-0.29.24-2.fc36.x86_64/usr/lib64/python3.10/site-packages/Cython/Build/Tests/TestIpythonMagic.py to TestIpythonMagic.cpython-310.pyc
+byte-compiling /builddir/build/BUILDROOT/Cython-0.29.24-2.fc36.x86_64/usr/lib64/python3.10/site-packages/Cython/Build/Tests/TestStripLiterals.py to TestStripLiterals.cpython-310.pyc
+byte-compiling /builddir/build/BUILDROOT/Cython-0.29.24-2.fc36.x86_64/usr/lib64/python3.10/site-packages/Cython/Build/Tests/__init__.py to __init__.cpython-310.pyc
+byte-compiling /builddir/build/BUILDROOT/Cython-0.29.24-2.fc36.x86_64/usr/lib64/python3.10/site-packages/Cython/Build/BuildExecutable.py to BuildExecutable.cpython-310.pyc
+byte-compiling /builddir/build/BUILDROOT/Cython-0.29.24-2.fc36.x86_64/usr/lib64/python3.10/site-packages/Cython/Build/Cythonize.py to Cythonize.cpython-310.pyc
+byte-compiling /builddir/build/BUILDROOT/Cython-0.29.24-2.fc36.x86_64/usr/lib64/python3.10/site-packages/Cython/Build/Dependencies.py to Dependencies.cpython-310.pyc
+byte-compiling /builddir/build/BUILDROOT/Cython-0.29.24-2.fc36.x86_64/usr/lib64/python3.10/site-packages/Cython/Build/Distutils.py to Distutils.cpython-310.pyc
+byte-compiling /builddir/build/BUILDROOT/Cython-0.29.24-2.fc36.x86_64/usr/lib64/python3.10/site-packages/Cython/Build/Inline.py to Inline.cpython-310.pyc
+byte-compiling /builddir/build/BUILDROOT/Cython-0.29.24-2.fc36.x86_64/usr/lib64/python3.10/site-packages/Cython/Build/IpythonMagic.py to IpythonMagic.cpython-310.pyc
+byte-compiling /builddir/build/BUILDROOT/Cython-0.29.24-2.fc36.x86_64/usr/lib64/python3.10/site-packages/Cython/Build/__init__.py to __init__.cpython-310.pyc
+byte-compiling /builddir/build/BUILDROOT/Cython-0.29.24-2.fc36.x86_64/usr/lib64/python3.10/site-packages/Cython/CodeWriter.py to CodeWriter.cpython-310.pyc
+byte-compiling /builddir/build/BUILDROOT/Cython-0.29.24-2.fc36.x86_64/usr/lib64/python3.10/site-packages/Cython/Coverage.py to Coverage.cpython-310.pyc
+byte-compiling /builddir/build/BUILDROOT/Cython-0.29.24-2.fc36.x86_64/usr/lib64/python3.10/site-packages/Cython/Debugging.py to Debugging.cpython-310.pyc
+byte-compiling /builddir/build/BUILDROOT/Cython-0.29.24-2.fc36.x86_64/usr/lib64/python3.10/site-packages/Cython/Shadow.py to Shadow.cpython-310.pyc
+byte-compiling /builddir/build/BUILDROOT/Cython-0.29.24-2.fc36.x86_64/usr/lib64/python3.10/site-packages/Cython/StringIOTree.py to StringIOTree.cpython-310.pyc
+byte-compiling /builddir/build/BUILDROOT/Cython-0.29.24-2.fc36.x86_64/usr/lib64/python3.10/site-packages/Cython/TestUtils.py to TestUtils.cpython-310.pyc
+byte-compiling /builddir/build/BUILDROOT/Cython-0.29.24-2.fc36.x86_64/usr/lib64/python3.10/site-packages/Cython/Utils.py to Utils.cpython-310.pyc
+byte-compiling /builddir/build/BUILDROOT/Cython-0.29.24-2.fc36.x86_64/usr/lib64/python3.10/site-packages/Cython/__init__.py to __init__.cpython-310.pyc
+byte-compiling /builddir/build/BUILDROOT/Cython-0.29.24-2.fc36.x86_64/usr/lib64/python3.10/site-packages/cython.py to cython.cpython-310.pyc
+writing byte-compilation script '/tmp/tmp9lmbapws.py'
+/usr/bin/python3 -Wignore:The distutils package is deprecated and slated for removal in Python 3.12. Use setuptools or check PEP 632 for potential alternatives:DeprecationWarning /tmp/tmp9lmbapws.py
+removing /tmp/tmp9lmbapws.py
+running install_egg_info
+running egg_info
+creating Cython.egg-info
+writing Cython.egg-info/PKG-INFO
+writing dependency_links to Cython.egg-info/dependency_links.txt
+writing entry points to Cython.egg-info/entry_points.txt
+writing top-level names to Cython.egg-info/top_level.txt
+writing manifest file 'Cython.egg-info/SOURCES.txt'
+reading manifest file 'Cython.egg-info/SOURCES.txt'
+reading manifest template 'MANIFEST.in'
+warning: no files found matching '.gitrev'
+warning: no files found matching 'Doc/*'
+warning: no files found matching '*.pyx' under directory 'Cython/Debugger/Tests'
+warning: no files found matching '*.pxd' under directory 'Cython/Debugger/Tests'
+warning: no files found matching '*.pxd' under directory 'Cython/Utility'
+warning: no files found matching 'pyximport/README'
+adding license file 'LICENSE.txt'
+adding license file 'COPYING.txt'
+writing manifest file 'Cython.egg-info/SOURCES.txt'
+Copying Cython.egg-info to /builddir/build/BUILDROOT/Cython-0.29.24-2.fc36.x86_64/usr/lib64/python3.10/site-packages/Cython-0.29.24-py3.10.egg-info
+running install_scripts
+Installing cygdb script to /builddir/build/BUILDROOT/Cython-0.29.24-2.fc36.x86_64/usr/bin
+Installing cython script to /builddir/build/BUILDROOT/Cython-0.29.24-2.fc36.x86_64/usr/bin
+Installing cythonize script to /builddir/build/BUILDROOT/Cython-0.29.24-2.fc36.x86_64/usr/bin
++ rm -rfv /builddir/build/BUILDROOT/Cython-0.29.24-2.fc36.x86_64/usr/bin/__pycache__
++ rm -rf /builddir/build/BUILDROOT/Cython-0.29.24-2.fc36.x86_64/usr/lib/python3.10/site-packages/setuptools/tests
++ mkdir -p /builddir/build/BUILDROOT/Cython-0.29.24-2.fc36.x86_64/usr/share/emacs/site-lisp/
++ cp -p cython-mode.el cython-mode.elc /builddir/build/BUILDROOT/Cython-0.29.24-2.fc36.x86_64/usr/share/emacs/site-lisp/
++ mkdir -p /builddir/build/BUILDROOT/Cython-0.29.24-2.fc36.x86_64/usr/share/emacs/site-lisp/site-start.d/
++ cp -p cython-mode-init.el cython-mode-init.elc /builddir/build/BUILDROOT/Cython-0.29.24-2.fc36.x86_64/usr/share/emacs/site-lisp/site-start.d/
++ /usr/bin/find-debuginfo -j2 --strict-build-id -m -i --build-id-seed 0.29.24-2.fc36 --unique-debug-suffix -0.29.24-2.fc36.x86_64 --unique-debug-src-base Cython-0.29.24-2.fc36.x86_64 --run-dwz --dwz-low-mem-die-limit 10000000 --dwz-max-die-limit 110000000 -S debugsourcefiles.list /builddir/build/BUILD/cython-0.29.24
+extracting debug info from /builddir/build/BUILDROOT/Cython-0.29.24-2.fc36.x86_64/usr/lib64/python3.10/site-packages/Cython/Compiler/FlowControl.cpython-310-x86_64-linux-gnu.so
+extracting debug info from /builddir/build/BUILDROOT/Cython-0.29.24-2.fc36.x86_64/usr/lib64/python3.10/site-packages/Cython/Compiler/FusedNode.cpython-310-x86_64-linux-gnu.so
+extracting debug info from /builddir/build/BUILDROOT/Cython-0.29.24-2.fc36.x86_64/usr/lib64/python3.10/site-packages/Cython/Compiler/Scanning.cpython-310-x86_64-linux-gnu.so
+extracting debug info from /builddir/build/BUILDROOT/Cython-0.29.24-2.fc36.x86_64/usr/lib64/python3.10/site-packages/Cython/Compiler/Visitor.cpython-310-x86_64-linux-gnu.so
+extracting debug info from /builddir/build/BUILDROOT/Cython-0.29.24-2.fc36.x86_64/usr/lib64/python3.10/site-packages/Cython/Plex/Actions.cpython-310-x86_64-linux-gnu.so
+extracting debug info from /builddir/build/BUILDROOT/Cython-0.29.24-2.fc36.x86_64/usr/lib64/python3.10/site-packages/Cython/Plex/Scanners.cpython-310-x86_64-linux-gnu.so
+extracting debug info from /builddir/build/BUILDROOT/Cython-0.29.24-2.fc36.x86_64/usr/lib64/python3.10/site-packages/Cython/Runtime/refnanny.cpython-310-x86_64-linux-gnu.so
+extracting debug info from /builddir/build/BUILDROOT/Cython-0.29.24-2.fc36.x86_64/usr/lib64/python3.10/site-packages/Cython/Tempita/_tempita.cpython-310-x86_64-linux-gnu.so
+original debug info size: 8464kB, size after compression: 8144kB
+/usr/bin/sepdebugcrcfix: Updated 8 CRC32s, 0 CRC32s did match.
+16589 blocks
++ /usr/lib/rpm/check-buildroot
++ /usr/lib/rpm/redhat/brp-ldconfig
++ /usr/lib/rpm/brp-compress
++ /usr/lib/rpm/redhat/brp-strip-lto /usr/bin/strip
++ /usr/lib/rpm/brp-strip-static-archive /usr/bin/strip
++ /usr/lib/rpm/check-rpaths
++ /usr/lib/rpm/redhat/brp-mangle-shebangs
++ /usr/lib/rpm/redhat/brp-python-bytecompile '' 1 0
+Bytecompiling .py files below /builddir/build/BUILDROOT/Cython-0.29.24-2.fc36.x86_64/usr/lib/debug/usr/lib64/python3.10 using python3.10
+Bytecompiling .py files below /builddir/build/BUILDROOT/Cython-0.29.24-2.fc36.x86_64/usr/lib64/python3.10 using python3.10
++ /usr/lib/rpm/redhat/brp-python-hardlink
+Processing files: python3-Cython-0.29.24-2.fc36.x86_64
+Executing(%doc): /bin/sh -e /var/tmp/rpm-tmp.A2MLTT
++ umask 022
++ cd /builddir/build/BUILD
++ cd cython-0.29.24
++ DOCDIR=/builddir/build/BUILDROOT/Cython-0.29.24-2.fc36.x86_64/usr/share/doc/python3-Cython
++ export LC_ALL=C
++ LC_ALL=C
++ export DOCDIR
++ /usr/bin/mkdir -p /builddir/build/BUILDROOT/Cython-0.29.24-2.fc36.x86_64/usr/share/doc/python3-Cython
++ cp -pr COPYING.txt INSTALL.txt LICENSE.txt ToDo.txt USAGE.txt doc-requirements.txt test-requirements-27.txt test-requirements-cpython.txt test-requirements.txt /builddir/build/BUILDROOT/Cython-0.29.24-2.fc36.x86_64/usr/share/doc/python3-Cython
++ cp -pr Demos /builddir/build/BUILDROOT/Cython-0.29.24-2.fc36.x86_64/usr/share/doc/python3-Cython
++ cp -pr Doc /builddir/build/BUILDROOT/Cython-0.29.24-2.fc36.x86_64/usr/share/doc/python3-Cython
++ cp -pr Tools /builddir/build/BUILDROOT/Cython-0.29.24-2.fc36.x86_64/usr/share/doc/python3-Cython
++ RPM_EC=0
+++ jobs -p
++ exit 0
+Executing(%license): /bin/sh -e /var/tmp/rpm-tmp.corqcW
++ umask 022
++ cd /builddir/build/BUILD
++ cd cython-0.29.24
++ LICENSEDIR=/builddir/build/BUILDROOT/Cython-0.29.24-2.fc36.x86_64/usr/share/licenses/python3-Cython
++ export LC_ALL=C
++ LC_ALL=C
++ export LICENSEDIR
++ /usr/bin/mkdir -p /builddir/build/BUILDROOT/Cython-0.29.24-2.fc36.x86_64/usr/share/licenses/python3-Cython
++ cp -pr LICENSE.txt /builddir/build/BUILDROOT/Cython-0.29.24-2.fc36.x86_64/usr/share/licenses/python3-Cython
++ RPM_EC=0
+++ jobs -p
++ exit 0
+Provides: Cython = 0.29.24-2.fc36 Cython(x86-64) = 0.29.24-2.fc36 bundled(python3dist(tempita)) cython = 0.29.24-2.fc36 cython(x86-64) = 0.29.24-2.fc36 python-Cython = 0.29.24-2.fc36 python-cython = 0.29.24-2.fc36 python3-Cython = 0.29.24-2.fc36 python3-Cython(x86-64) = 0.29.24-2.fc36 python3-cython = 0.29.24-2.fc36 python3.10-Cython = 0.29.24-2.fc36 python3.10-cython = 0.29.24-2.fc36 python3.10dist(cython) = 0.29.24 python3dist(cython) = 0.29.24
+Requires(rpmlib): rpmlib(CompressedFileNames) <= 3.0.4-1 rpmlib(FileDigests) <= 4.6.0-1 rpmlib(PartialHardlinkSets) <= 4.0.4-1 rpmlib(PayloadFilesHavePrefix) <= 4.0-1
+Requires: /usr/bin/python3 libc.so.6()(64bit) libc.so.6(GLIBC_2.14)(64bit) libc.so.6(GLIBC_2.2.5)(64bit) libc.so.6(GLIBC_2.4)(64bit) python(abi) = 3.10 rtld(GNU_HASH)
+Processing files: emacs-cython-mode-0.29.24-2.fc36.noarch
+Executing(%license): /bin/sh -e /var/tmp/rpm-tmp.k7vkOd
++ umask 022
++ cd /builddir/build/BUILD
++ cd cython-0.29.24
++ LICENSEDIR=/builddir/build/BUILDROOT/Cython-0.29.24-2.fc36.x86_64/usr/share/licenses/emacs-cython-mode
++ export LC_ALL=C
++ LC_ALL=C
++ export LICENSEDIR
++ /usr/bin/mkdir -p /builddir/build/BUILDROOT/Cython-0.29.24-2.fc36.x86_64/usr/share/licenses/emacs-cython-mode
++ cp -pr LICENSE.txt /builddir/build/BUILDROOT/Cython-0.29.24-2.fc36.x86_64/usr/share/licenses/emacs-cython-mode
++ RPM_EC=0
+++ jobs -p
++ exit 0
+Provides: emacs-cython-mode = 0.29.24-2.fc36
+Requires(rpmlib): rpmlib(CompressedFileNames) <= 3.0.4-1 rpmlib(FileDigests) <= 4.6.0-1 rpmlib(PayloadFilesHavePrefix) <= 4.0-1
+Processing files: Cython-debugsource-0.29.24-2.fc36.x86_64
+Provides: Cython-debugsource = 0.29.24-2.fc36 Cython-debugsource(x86-64) = 0.29.24-2.fc36
+Requires(rpmlib): rpmlib(CompressedFileNames) <= 3.0.4-1 rpmlib(FileDigests) <= 4.6.0-1 rpmlib(PayloadFilesHavePrefix) <= 4.0-1
+Processing files: python3-Cython-debuginfo-0.29.24-2.fc36.x86_64
+Provides: debuginfo(build-id) = 0b9b0d9f2b55ff9e5ae961f7ce0ff43f1a8332ef debuginfo(build-id) = 32865142dc6940a201cf0ddb715a22cf34362a53 debuginfo(build-id) = 3b010d8ece8f5d7b2fb8ec4ba1e70d6b3f6d074e debuginfo(build-id) = 4447adf3ab7ea04af1d7f8ea2d86e36d9d2527df debuginfo(build-id) = 5394ee30711da60af94e8ec67e2051c948d7d9bf debuginfo(build-id) = 7a43b72394d6abc8dc6b5570826c6050766c9c31 debuginfo(build-id) = 8ccfea06c9893b794fd2f7dfc9a4c9cf9d1785e8 debuginfo(build-id) = f5e4650dc1537a5a6fb2ee2aea4f80d3dbd00cea python-Cython-debuginfo = 0.29.24-2.fc36 python3-Cython-debuginfo = 0.29.24-2.fc36 python3-Cython-debuginfo(x86-64) = 0.29.24-2.fc36 python3.10-Cython-debuginfo = 0.29.24-2.fc36
+Requires(rpmlib): rpmlib(CompressedFileNames) <= 3.0.4-1 rpmlib(FileDigests) <= 4.6.0-1 rpmlib(PayloadFilesHavePrefix) <= 4.0-1
+Recommends: Cython-debugsource(x86-64) = 0.29.24-2.fc36
+Checking for unpackaged file(s): /usr/lib/rpm/check-files /builddir/build/BUILDROOT/Cython-0.29.24-2.fc36.x86_64
+Wrote: /builddir/build/RPMS/Cython-debugsource-0.29.24-2.fc36.x86_64.rpm
+Wrote: /builddir/build/RPMS/python3-Cython-0.29.24-2.fc36.x86_64.rpm
+Wrote: /builddir/build/RPMS/emacs-cython-mode-0.29.24-2.fc36.noarch.rpm
+Wrote: /builddir/build/RPMS/python3-Cython-debuginfo-0.29.24-2.fc36.x86_64.rpm
+Executing(%clean): /bin/sh -e /var/tmp/rpm-tmp.0OSLds
++ umask 022
++ cd /builddir/build/BUILD
++ cd cython-0.29.24
++ /usr/bin/rm -rf /builddir/build/BUILDROOT/Cython-0.29.24-2.fc36.x86_64
++ RPM_EC=0
+++ jobs -p
++ exit 0
 Finish: rpmbuild Cython-0.29.24-2.fc36.src.rpm
 Finish: build phase for Cython-0.29.24-2.fc36.src.rpm
 INFO: chroot_scan: 3 files copied to /var/lib/copr-rpmbuild/results/chroot_scan
-INFO: /var/lib/mock/fedora-rawhide-x86_64-1636474604.424227/root/var/log/dnf.rpm.log
-/var/lib/mock/fedora-rawhide-x86_64-1636474604.424227/root/var/log/dnf.librepo.log
-/var/lib/mock/fedora-rawhide-x86_64-1636474604.424227/root/var/log/dnf.log
-ERROR: Exception(/var/lib/copr-rpmbuild/results/Cython-0.29.24-2.fc36.src.rpm) Config(fedora-rawhide-x86_64) 0 minutes 25 seconds
+INFO: /var/lib/mock/fedora-rawhide-x86_64-1636475785.591092/root/var/log/dnf.rpm.log
+/var/lib/mock/fedora-rawhide-x86_64-1636475785.591092/root/var/log/dnf.librepo.log
+/var/lib/mock/fedora-rawhide-x86_64-1636475785.591092/root/var/log/dnf.log
+INFO: Done(/var/lib/copr-rpmbuild/results/Cython-0.29.24-2.fc36.src.rpm) Config(child) 1 minutes 38 seconds
 INFO: Results and/or logs in: /var/lib/copr-rpmbuild/results
-INFO: Cleaning up build root ('cleanup_on_failure=True')
+INFO: Cleaning up build root ('cleanup_on_success=True')
 Start: clean chroot
 INFO: unmounting tmpfs.
 Finish: clean chroot
-ERROR: Command failed: 
- # /usr/bin/systemd-nspawn -q -M 1e1f2435773a4550871b987b21bf1313 -D /var/lib/mock/fedora-rawhide-x86_64-1636474604.424227/root -a -u mockbuild --capability=cap_ipc_lock --rlimit=RLIMIT_NOFILE=10240 --capability=cap_ipc_lock --bind=/tmp/mock-resolv.md_366p1:/etc/resolv.conf --bind=/dev/btrfs-control --bind=/dev/loop-control --bind=/dev/loop0 --bind=/dev/loop1 --bind=/dev/loop2 --bind=/dev/loop3 --bind=/dev/loop4 --bind=/dev/loop5 --bind=/dev/loop6 --bind=/dev/loop7 --bind=/dev/loop8 --bind=/dev/loop9 --bind=/dev/loop10 --bind=/dev/loop11 --console=pipe --setenv=TERM=vt100 --setenv=SHELL=/bin/bash --setenv=HOME=/builddir --setenv=HOSTNAME=mock --setenv=PATH=/usr/bin:/bin:/usr/sbin:/sbin --setenv=PROMPT_COMMAND=printf "\033]0;<mock-chroot>\007" --setenv=PS1=<mock-chroot> \s-\v\$  --setenv=LANG=C.UTF-8 --resolv-conf=off bash --login -c /usr/bin/rpmbuild -bb --target x86_64 --nodeps /builddir/build/SPECS/Cython.spec
-
-Copr build error: Build failed
+Finish: run
+Running RPMResults tool
